<?xml version="1.0" encoding="utf-8"?>
<TestRun id="c439a110-43c6-4875-b7ea-3a02f183b3ec" name="sferrari@PC-SFERRARI 2021-05-26 06:51:50" runUser="PC-SFERRARI\sferrari" xmlns="http://microsoft.com/schemas/VisualStudio/TeamTest/2010">
  <Times creation="2021-05-26T06:51:50.3035796+02:00" queuing="2021-05-26T06:51:50.3035796+02:00" start="2021-05-26T06:51:49.4349024+02:00" finish="2021-05-26T06:51:51.1164064+02:00" />
  <TestSettings name="default" id="8a8faaff-63a9-4bd7-bc8d-acf4c9b1f86d">
    <Deployment runDeploymentRoot="sferrari_PC-SFERRARI_2021-05-26_06_51_50" />
  </TestSettings>
  <Results>
    <UnitTestResult executionId="f2d6985b-a65d-480a-98e2-da2da58b9d9d" testId="3d5865ea-852b-85ea-4b1e-3b3f757388ec" testName="ToString_Passing_Valid_Values_Returns_Value_String_Format" computerName="PC-SFERRARI" duration="00:00:00.0003751" startTime="2021-05-26T06:51:50.4610071+02:00" endTime="2021-05-26T06:51:50.4614895+02:00" testType="13cdc9d9-ddb5-4fa4-a97d-d965ccfc6d4b" outcome="Passed" testListId="8c84fa94-04c1-424b-9868-57a2d4851a1d" relativeResultsDirectory="f2d6985b-a65d-480a-98e2-da2da58b9d9d" resultType="DataDrivenTest">
      <InnerResults>
        <UnitTestResult executionId="5f93ee6a-edf8-43c7-8bb2-d4ad79aa196b" parentExecutionId="f2d6985b-a65d-480a-98e2-da2da58b9d9d" testId="3d5865ea-852b-85ea-4b1e-3b3f757388ec" testName="ToString_Passing_Valid_Values_Returns_Value_String_Format (San Bartoleme De Tirajana,Las Palmas)" computerName="PC-SFERRARI" duration="00:00:00.0002831" startTime="2021-05-26T06:51:50.4610071+02:00" endTime="2021-05-26T06:51:50.4614895+02:00" testType="13cdc9d9-ddb5-4fa4-a97d-d965ccfc6d4b" outcome="Passed" testListId="8c84fa94-04c1-424b-9868-57a2d4851a1d" relativeResultsDirectory="5f93ee6a-edf8-43c7-8bb2-d4ad79aa196b" dataRowInfo="1" resultType="DataDrivenDataRow" />
        <UnitTestResult executionId="57a3bcaa-eb08-4c50-befd-b9c0db13da2e" parentExecutionId="f2d6985b-a65d-480a-98e2-da2da58b9d9d" testId="3d5865ea-852b-85ea-4b1e-3b3f757388ec" testName="ToString_Passing_Valid_Values_Returns_Value_String_Format (Sabadell,Barcelona)" computerName="PC-SFERRARI" duration="00:00:00.0000295" startTime="2021-05-26T06:51:50.4610071+02:00" endTime="2021-05-26T06:51:50.4614895+02:00" testType="13cdc9d9-ddb5-4fa4-a97d-d965ccfc6d4b" outcome="Passed" testListId="8c84fa94-04c1-424b-9868-57a2d4851a1d" relativeResultsDirectory="57a3bcaa-eb08-4c50-befd-b9c0db13da2e" dataRowInfo="2" resultType="DataDrivenDataRow" />
      </InnerResults>
    </UnitTestResult>
    <UnitTestResult executionId="679ad282-bf04-4038-af4d-8a5e58853141" testId="153dd652-4eeb-f718-2869-b5ccdad8d784" testName="OperatorEqual_Passing_Valid_Values_Returns_True" computerName="PC-SFERRARI" duration="00:00:00.0015329" startTime="2021-05-26T06:51:50.5131267+02:00" endTime="2021-05-26T06:51:50.5148306+02:00" testType="13cdc9d9-ddb5-4fa4-a97d-d965ccfc6d4b" outcome="Passed" testListId="8c84fa94-04c1-424b-9868-57a2d4851a1d" relativeResultsDirectory="679ad282-bf04-4038-af4d-8a5e58853141" resultType="DataDrivenTest">
      <InnerResults>
        <UnitTestResult executionId="f3d6f60d-5731-479b-ada7-0edf87effc1c" parentExecutionId="679ad282-bf04-4038-af4d-8a5e58853141" testId="153dd652-4eeb-f718-2869-b5ccdad8d784" testName="OperatorEqual_Passing_Valid_Values_Returns_True (100,EUR,2)" computerName="PC-SFERRARI" duration="00:00:00.0006812" startTime="2021-05-26T06:51:50.5131267+02:00" endTime="2021-05-26T06:51:50.5148306+02:00" testType="13cdc9d9-ddb5-4fa4-a97d-d965ccfc6d4b" outcome="Passed" testListId="8c84fa94-04c1-424b-9868-57a2d4851a1d" relativeResultsDirectory="f3d6f60d-5731-479b-ada7-0edf87effc1c" dataRowInfo="1" resultType="DataDrivenDataRow" />
        <UnitTestResult executionId="dc0fb928-6497-4178-a2ad-092b26678e0c" parentExecutionId="679ad282-bf04-4038-af4d-8a5e58853141" testId="153dd652-4eeb-f718-2869-b5ccdad8d784" testName="OperatorEqual_Passing_Valid_Values_Returns_True (200,EUR,4)" computerName="PC-SFERRARI" duration="00:00:00.0003703" startTime="2021-05-26T06:51:50.5131267+02:00" endTime="2021-05-26T06:51:50.5148306+02:00" testType="13cdc9d9-ddb5-4fa4-a97d-d965ccfc6d4b" outcome="Passed" testListId="8c84fa94-04c1-424b-9868-57a2d4851a1d" relativeResultsDirectory="dc0fb928-6497-4178-a2ad-092b26678e0c" dataRowInfo="2" resultType="DataDrivenDataRow" />
        <UnitTestResult executionId="3a21aec9-7837-4334-b166-e4e3e1aec5f7" parentExecutionId="679ad282-bf04-4038-af4d-8a5e58853141" testId="153dd652-4eeb-f718-2869-b5ccdad8d784" testName="OperatorEqual_Passing_Valid_Values_Returns_True (400,USD,8)" computerName="PC-SFERRARI" duration="00:00:00.0003491" startTime="2021-05-26T06:51:50.5131267+02:00" endTime="2021-05-26T06:51:50.5148306+02:00" testType="13cdc9d9-ddb5-4fa4-a97d-d965ccfc6d4b" outcome="Passed" testListId="8c84fa94-04c1-424b-9868-57a2d4851a1d" relativeResultsDirectory="3a21aec9-7837-4334-b166-e4e3e1aec5f7" dataRowInfo="3" resultType="DataDrivenDataRow" />
      </InnerResults>
    </UnitTestResult>
    <UnitTestResult executionId="853f8195-b8c0-4518-826d-ce6f9b821324" testId="a50cb7dc-992a-23d1-57a7-839a1118dfa3" testName="GetAll_Passing_Nothing_Returns_Enumeracion_List" computerName="PC-SFERRARI" duration="00:00:00.0010675" startTime="2021-05-26T06:51:50.4656284+02:00" endTime="2021-05-26T06:51:50.4693248+02:00" testType="13cdc9d9-ddb5-4fa4-a97d-d965ccfc6d4b" outcome="Passed" testListId="8c84fa94-04c1-424b-9868-57a2d4851a1d" relativeResultsDirectory="853f8195-b8c0-4518-826d-ce6f9b821324" />
    <UnitTestResult executionId="2e9da6be-e6b2-481b-8e51-1980bb66dda4" testId="96faba19-0bfe-83ba-6e84-9c0321f406c2" testName="IsMale_Passing_Nothing_Returns_True" computerName="PC-SFERRARI" duration="00:00:00.0001888" startTime="2021-05-26T06:51:50.4697483+02:00" endTime="2021-05-26T06:51:50.4700452+02:00" testType="13cdc9d9-ddb5-4fa4-a97d-d965ccfc6d4b" outcome="Passed" testListId="8c84fa94-04c1-424b-9868-57a2d4851a1d" relativeResultsDirectory="2e9da6be-e6b2-481b-8e51-1980bb66dda4" />
    <UnitTestResult executionId="655eaba4-9aed-4fb3-af94-917c6a77800a" testId="dde84323-1f87-22b2-d0f7-2a4a85bad3fd" testName="OperatorNotEqual_Passing_Valid_Values_Returns_True" computerName="PC-SFERRARI" duration="00:00:00.0026433" startTime="2021-05-26T06:51:50.6923604+02:00" endTime="2021-05-26T06:51:50.6951018+02:00" testType="13cdc9d9-ddb5-4fa4-a97d-d965ccfc6d4b" outcome="Passed" testListId="8c84fa94-04c1-424b-9868-57a2d4851a1d" relativeResultsDirectory="655eaba4-9aed-4fb3-af94-917c6a77800a" resultType="DataDrivenTest">
      <InnerResults>
        <UnitTestResult executionId="03fbd799-1f32-4584-828b-1875f1f3dce1" parentExecutionId="655eaba4-9aed-4fb3-af94-917c6a77800a" testId="dde84323-1f87-22b2-d0f7-2a4a85bad3fd" testName="OperatorNotEqual_Passing_Valid_Values_Returns_True (456,43543543543)" computerName="PC-SFERRARI" duration="00:00:00.0025250" startTime="2021-05-26T06:51:50.6923604+02:00" endTime="2021-05-26T06:51:50.6951018+02:00" testType="13cdc9d9-ddb5-4fa4-a97d-d965ccfc6d4b" outcome="Passed" testListId="8c84fa94-04c1-424b-9868-57a2d4851a1d" relativeResultsDirectory="03fbd799-1f32-4584-828b-1875f1f3dce1" dataRowInfo="1" resultType="DataDrivenDataRow" />
        <UnitTestResult executionId="17aa2bb9-9897-42d6-89bb-df0c034ea2e3" parentExecutionId="655eaba4-9aed-4fb3-af94-917c6a77800a" testId="dde84323-1f87-22b2-d0f7-2a4a85bad3fd" testName="OperatorNotEqual_Passing_Valid_Values_Returns_True (D45,86554654)" computerName="PC-SFERRARI" duration="00:00:00.0000205" startTime="2021-05-26T06:51:50.6923604+02:00" endTime="2021-05-26T06:51:50.6951018+02:00" testType="13cdc9d9-ddb5-4fa4-a97d-d965ccfc6d4b" outcome="Passed" testListId="8c84fa94-04c1-424b-9868-57a2d4851a1d" relativeResultsDirectory="17aa2bb9-9897-42d6-89bb-df0c034ea2e3" dataRowInfo="2" resultType="DataDrivenDataRow" />
      </InnerResults>
    </UnitTestResult>
    <UnitTestResult executionId="272c266b-1e44-4c1b-a05b-ad5ffcb8aed9" testId="bc7bdbdf-4891-bf37-8380-e1e4362476c4" testName="OperatorEqual_Passing_Valid_Distinct_Values_Returns_False" computerName="PC-SFERRARI" duration="00:00:00.0025250" startTime="2021-05-26T06:51:50.5102687+02:00" endTime="2021-05-26T06:51:50.5130614+02:00" testType="13cdc9d9-ddb5-4fa4-a97d-d965ccfc6d4b" outcome="Passed" testListId="8c84fa94-04c1-424b-9868-57a2d4851a1d" relativeResultsDirectory="272c266b-1e44-4c1b-a05b-ad5ffcb8aed9" resultType="DataDrivenTest">
      <InnerResults>
        <UnitTestResult executionId="c5182321-b237-4a23-bcec-7eaca90e1887" parentExecutionId="272c266b-1e44-4c1b-a05b-ad5ffcb8aed9" testId="bc7bdbdf-4891-bf37-8380-e1e4362476c4" testName="OperatorEqual_Passing_Valid_Distinct_Values_Returns_False (100,EUR,2)" computerName="PC-SFERRARI" duration="00:00:00.0010987" startTime="2021-05-26T06:51:50.5102687+02:00" endTime="2021-05-26T06:51:50.5130614+02:00" testType="13cdc9d9-ddb5-4fa4-a97d-d965ccfc6d4b" outcome="Passed" testListId="8c84fa94-04c1-424b-9868-57a2d4851a1d" relativeResultsDirectory="c5182321-b237-4a23-bcec-7eaca90e1887" dataRowInfo="1" resultType="DataDrivenDataRow" />
        <UnitTestResult executionId="ad09cd00-74f9-4eec-8a9b-ba0fbf1605f3" parentExecutionId="272c266b-1e44-4c1b-a05b-ad5ffcb8aed9" testId="bc7bdbdf-4891-bf37-8380-e1e4362476c4" testName="OperatorEqual_Passing_Valid_Distinct_Values_Returns_False (200,EUR,4)" computerName="PC-SFERRARI" duration="00:00:00.0005504" startTime="2021-05-26T06:51:50.5102687+02:00" endTime="2021-05-26T06:51:50.5130614+02:00" testType="13cdc9d9-ddb5-4fa4-a97d-d965ccfc6d4b" outcome="Passed" testListId="8c84fa94-04c1-424b-9868-57a2d4851a1d" relativeResultsDirectory="ad09cd00-74f9-4eec-8a9b-ba0fbf1605f3" dataRowInfo="2" resultType="DataDrivenDataRow" />
        <UnitTestResult executionId="33104229-d358-4fbb-b135-bb93530b3560" parentExecutionId="272c266b-1e44-4c1b-a05b-ad5ffcb8aed9" testId="bc7bdbdf-4891-bf37-8380-e1e4362476c4" testName="OperatorEqual_Passing_Valid_Distinct_Values_Returns_False (400,EUR,8)" computerName="PC-SFERRARI" duration="00:00:00.0006950" startTime="2021-05-26T06:51:50.5102687+02:00" endTime="2021-05-26T06:51:50.5130614+02:00" testType="13cdc9d9-ddb5-4fa4-a97d-d965ccfc6d4b" outcome="Passed" testListId="8c84fa94-04c1-424b-9868-57a2d4851a1d" relativeResultsDirectory="33104229-d358-4fbb-b135-bb93530b3560" dataRowInfo="3" resultType="DataDrivenDataRow" />
      </InnerResults>
    </UnitTestResult>
    <UnitTestResult executionId="4f562c51-8f81-48bf-b2f8-9989e585512d" testId="66126db5-a312-c629-a169-f37254601183" testName="OperatorNotEqual_Passing_Valid_Values_Returns_False" computerName="PC-SFERRARI" duration="00:00:00.0002998" startTime="2021-05-26T06:51:50.6918748+02:00" endTime="2021-05-26T06:51:50.6923248+02:00" testType="13cdc9d9-ddb5-4fa4-a97d-d965ccfc6d4b" outcome="Passed" testListId="8c84fa94-04c1-424b-9868-57a2d4851a1d" relativeResultsDirectory="4f562c51-8f81-48bf-b2f8-9989e585512d" resultType="DataDrivenTest">
      <InnerResults>
        <UnitTestResult executionId="bd73bee6-756f-4620-a5bc-a5af42f4d252" parentExecutionId="4f562c51-8f81-48bf-b2f8-9989e585512d" testId="66126db5-a312-c629-a169-f37254601183" testName="OperatorNotEqual_Passing_Valid_Values_Returns_False (456,43543543543)" computerName="PC-SFERRARI" duration="00:00:00.0002149" startTime="2021-05-26T06:51:50.6918748+02:00" endTime="2021-05-26T06:51:50.6923248+02:00" testType="13cdc9d9-ddb5-4fa4-a97d-d965ccfc6d4b" outcome="Passed" testListId="8c84fa94-04c1-424b-9868-57a2d4851a1d" relativeResultsDirectory="bd73bee6-756f-4620-a5bc-a5af42f4d252" dataRowInfo="1" resultType="DataDrivenDataRow" />
        <UnitTestResult executionId="7f62ba6a-e349-4431-8701-cbbdbee35bcc" parentExecutionId="4f562c51-8f81-48bf-b2f8-9989e585512d" testId="66126db5-a312-c629-a169-f37254601183" testName="OperatorNotEqual_Passing_Valid_Values_Returns_False (D45,86554654)" computerName="PC-SFERRARI" duration="00:00:00.0000144" startTime="2021-05-26T06:51:50.6918748+02:00" endTime="2021-05-26T06:51:50.6923248+02:00" testType="13cdc9d9-ddb5-4fa4-a97d-d965ccfc6d4b" outcome="Passed" testListId="8c84fa94-04c1-424b-9868-57a2d4851a1d" relativeResultsDirectory="7f62ba6a-e349-4431-8701-cbbdbee35bcc" dataRowInfo="2" resultType="DataDrivenDataRow" />
      </InnerResults>
    </UnitTestResult>
    <UnitTestResult executionId="1fe76b49-64d9-45cc-92fd-59ff04a1edb8" testId="b10bbd05-c792-3d8c-96c7-1a5f4647c7dd" testName="OperatorEqual_Passing_Valid_Distinct_Values_Returns_False" computerName="PC-SFERRARI" duration="00:00:00.0005485" startTime="2021-05-26T06:51:50.5591774+02:00" endTime="2021-05-26T06:51:50.5599157+02:00" testType="13cdc9d9-ddb5-4fa4-a97d-d965ccfc6d4b" outcome="Passed" testListId="8c84fa94-04c1-424b-9868-57a2d4851a1d" relativeResultsDirectory="1fe76b49-64d9-45cc-92fd-59ff04a1edb8" resultType="DataDrivenTest">
      <InnerResults>
        <UnitTestResult executionId="89c06f67-6e4c-40b9-8739-91d0266aa77b" parentExecutionId="1fe76b49-64d9-45cc-92fd-59ff04a1edb8" testId="b10bbd05-c792-3d8c-96c7-1a5f4647c7dd" testName="OperatorEqual_Passing_Valid_Distinct_Values_Returns_False (España)" computerName="PC-SFERRARI" duration="00:00:00.0002204" startTime="2021-05-26T06:51:50.5591774+02:00" endTime="2021-05-26T06:51:50.5599157+02:00" testType="13cdc9d9-ddb5-4fa4-a97d-d965ccfc6d4b" outcome="Passed" testListId="8c84fa94-04c1-424b-9868-57a2d4851a1d" relativeResultsDirectory="89c06f67-6e4c-40b9-8739-91d0266aa77b" dataRowInfo="1" resultType="DataDrivenDataRow" />
        <UnitTestResult executionId="7fe8c9f9-dc2d-4f75-9597-b7ab06cecac3" parentExecutionId="1fe76b49-64d9-45cc-92fd-59ff04a1edb8" testId="b10bbd05-c792-3d8c-96c7-1a5f4647c7dd" testName="OperatorEqual_Passing_Valid_Distinct_Values_Returns_False (Españá)" computerName="PC-SFERRARI" duration="00:00:00.0000239" startTime="2021-05-26T06:51:50.5591774+02:00" endTime="2021-05-26T06:51:50.5599157+02:00" testType="13cdc9d9-ddb5-4fa4-a97d-d965ccfc6d4b" outcome="Passed" testListId="8c84fa94-04c1-424b-9868-57a2d4851a1d" relativeResultsDirectory="7fe8c9f9-dc2d-4f75-9597-b7ab06cecac3" dataRowInfo="2" resultType="DataDrivenDataRow" />
        <UnitTestResult executionId="0910f3e1-a455-4469-80f4-f3467a43cc13" parentExecutionId="1fe76b49-64d9-45cc-92fd-59ff04a1edb8" testId="b10bbd05-c792-3d8c-96c7-1a5f4647c7dd" testName="OperatorEqual_Passing_Valid_Distinct_Values_Returns_False (Españà)" computerName="PC-SFERRARI" duration="00:00:00.0000200" startTime="2021-05-26T06:51:50.5591774+02:00" endTime="2021-05-26T06:51:50.5599157+02:00" testType="13cdc9d9-ddb5-4fa4-a97d-d965ccfc6d4b" outcome="Passed" testListId="8c84fa94-04c1-424b-9868-57a2d4851a1d" relativeResultsDirectory="0910f3e1-a455-4469-80f4-f3467a43cc13" dataRowInfo="3" resultType="DataDrivenDataRow" />
        <UnitTestResult executionId="83530463-6a10-4ff1-9acc-ea5eca6c819b" parentExecutionId="1fe76b49-64d9-45cc-92fd-59ff04a1edb8" testId="b10bbd05-c792-3d8c-96c7-1a5f4647c7dd" testName="OperatorEqual_Passing_Valid_Distinct_Values_Returns_False (Españä)" computerName="PC-SFERRARI" duration="00:00:00.0000178" startTime="2021-05-26T06:51:50.5591774+02:00" endTime="2021-05-26T06:51:50.5599157+02:00" testType="13cdc9d9-ddb5-4fa4-a97d-d965ccfc6d4b" outcome="Passed" testListId="8c84fa94-04c1-424b-9868-57a2d4851a1d" relativeResultsDirectory="83530463-6a10-4ff1-9acc-ea5eca6c819b" dataRowInfo="4" resultType="DataDrivenDataRow" />
        <UnitTestResult executionId="e07afbfd-b123-4df5-b8fc-9892d453dbb8" parentExecutionId="1fe76b49-64d9-45cc-92fd-59ff04a1edb8" testId="b10bbd05-c792-3d8c-96c7-1a5f4647c7dd" testName="OperatorEqual_Passing_Valid_Distinct_Values_Returns_False (Españâ)" computerName="PC-SFERRARI" duration="00:00:00.0000184" startTime="2021-05-26T06:51:50.5591774+02:00" endTime="2021-05-26T06:51:50.5599157+02:00" testType="13cdc9d9-ddb5-4fa4-a97d-d965ccfc6d4b" outcome="Passed" testListId="8c84fa94-04c1-424b-9868-57a2d4851a1d" relativeResultsDirectory="e07afbfd-b123-4df5-b8fc-9892d453dbb8" dataRowInfo="5" resultType="DataDrivenDataRow" />
        <UnitTestResult executionId="77e803dd-269a-456d-ad30-64f4e0c8afa0" parentExecutionId="1fe76b49-64d9-45cc-92fd-59ff04a1edb8" testId="b10bbd05-c792-3d8c-96c7-1a5f4647c7dd" testName="OperatorEqual_Passing_Valid_Distinct_Values_Returns_False (Españã)" computerName="PC-SFERRARI" duration="00:00:00.0000179" startTime="2021-05-26T06:51:50.5591774+02:00" endTime="2021-05-26T06:51:50.5599157+02:00" testType="13cdc9d9-ddb5-4fa4-a97d-d965ccfc6d4b" outcome="Passed" testListId="8c84fa94-04c1-424b-9868-57a2d4851a1d" relativeResultsDirectory="77e803dd-269a-456d-ad30-64f4e0c8afa0" dataRowInfo="6" resultType="DataDrivenDataRow" />
        <UnitTestResult executionId="fd7fcaa1-19a9-47b4-8f96-fa3134d7f85d" parentExecutionId="1fe76b49-64d9-45cc-92fd-59ff04a1edb8" testId="b10bbd05-c792-3d8c-96c7-1a5f4647c7dd" testName="OperatorEqual_Passing_Valid_Distinct_Values_Returns_False (Españç)" computerName="PC-SFERRARI" duration="00:00:00.0000185" startTime="2021-05-26T06:51:50.5591774+02:00" endTime="2021-05-26T06:51:50.5599157+02:00" testType="13cdc9d9-ddb5-4fa4-a97d-d965ccfc6d4b" outcome="Passed" testListId="8c84fa94-04c1-424b-9868-57a2d4851a1d" relativeResultsDirectory="fd7fcaa1-19a9-47b4-8f96-fa3134d7f85d" dataRowInfo="7" resultType="DataDrivenDataRow" />
        <UnitTestResult executionId="bebe6bd1-8e2f-493e-9c5f-4af2c704925c" parentExecutionId="1fe76b49-64d9-45cc-92fd-59ff04a1edb8" testId="b10bbd05-c792-3d8c-96c7-1a5f4647c7dd" testName="OperatorEqual_Passing_Valid_Distinct_Values_Returns_False (Españħ)" computerName="PC-SFERRARI" duration="00:00:00.0000186" startTime="2021-05-26T06:51:50.5591774+02:00" endTime="2021-05-26T06:51:50.5599157+02:00" testType="13cdc9d9-ddb5-4fa4-a97d-d965ccfc6d4b" outcome="Passed" testListId="8c84fa94-04c1-424b-9868-57a2d4851a1d" relativeResultsDirectory="bebe6bd1-8e2f-493e-9c5f-4af2c704925c" dataRowInfo="8" resultType="DataDrivenDataRow" />
        <UnitTestResult executionId="1040f107-9211-498a-8189-8052411c3023" parentExecutionId="1fe76b49-64d9-45cc-92fd-59ff04a1edb8" testId="b10bbd05-c792-3d8c-96c7-1a5f4647c7dd" testName="OperatorEqual_Passing_Valid_Distinct_Values_Returns_False (Esp añâ)" computerName="PC-SFERRARI" duration="00:00:00.0000178" startTime="2021-05-26T06:51:50.5591774+02:00" endTime="2021-05-26T06:51:50.5599157+02:00" testType="13cdc9d9-ddb5-4fa4-a97d-d965ccfc6d4b" outcome="Passed" testListId="8c84fa94-04c1-424b-9868-57a2d4851a1d" relativeResultsDirectory="1040f107-9211-498a-8189-8052411c3023" dataRowInfo="9" resultType="DataDrivenDataRow" />
      </InnerResults>
    </UnitTestResult>
    <UnitTestResult executionId="e5aea529-d5f5-4ceb-bf6f-75bf5876d937" testId="0394e59d-8e17-d872-c29f-c28ac3eea7b0" testName="OperatorEqual_Passing_Valid_Values_Returns_True" computerName="PC-SFERRARI" duration="00:00:00.0003604" startTime="2021-05-26T06:51:50.2937398+02:00" endTime="2021-05-26T06:51:50.2942548+02:00" testType="13cdc9d9-ddb5-4fa4-a97d-d965ccfc6d4b" outcome="Passed" testListId="8c84fa94-04c1-424b-9868-57a2d4851a1d" relativeResultsDirectory="e5aea529-d5f5-4ceb-bf6f-75bf5876d937" resultType="DataDrivenTest">
      <InnerResults>
        <UnitTestResult executionId="0811d5c2-25b8-4f5a-84b2-d78c26c38174" parentExecutionId="e5aea529-d5f5-4ceb-bf6f-75bf5876d937" testId="0394e59d-8e17-d872-c29f-c28ac3eea7b0" testName="OperatorEqual_Passing_Valid_Values_Returns_True (Tenerife,23,34567,San Bartoleme De Tirajana,Las Palmas,España)" computerName="PC-SFERRARI" duration="00:00:00.0002472" startTime="2021-05-26T06:51:50.2937398+02:00" endTime="2021-05-26T06:51:50.2942548+02:00" testType="13cdc9d9-ddb5-4fa4-a97d-d965ccfc6d4b" outcome="Passed" testListId="8c84fa94-04c1-424b-9868-57a2d4851a1d" relativeResultsDirectory="0811d5c2-25b8-4f5a-84b2-d78c26c38174" dataRowInfo="1" resultType="DataDrivenDataRow" />
        <UnitTestResult executionId="abea44a8-0920-4506-af5e-3e1cfeefdc57" parentExecutionId="e5aea529-d5f5-4ceb-bf6f-75bf5876d937" testId="0394e59d-8e17-d872-c29f-c28ac3eea7b0" testName="OperatorEqual_Passing_Valid_Values_Returns_True (Pader,789,DF7956,Sabadell,Barcelona,España)" computerName="PC-SFERRARI" duration="00:00:00.0000204" startTime="2021-05-26T06:51:50.2937398+02:00" endTime="2021-05-26T06:51:50.2942548+02:00" testType="13cdc9d9-ddb5-4fa4-a97d-d965ccfc6d4b" outcome="Passed" testListId="8c84fa94-04c1-424b-9868-57a2d4851a1d" relativeResultsDirectory="abea44a8-0920-4506-af5e-3e1cfeefdc57" dataRowInfo="2" resultType="DataDrivenDataRow" />
      </InnerResults>
    </UnitTestResult>
    <UnitTestResult executionId="1edc88d8-abe3-4c4d-b2af-02c2e94a6d53" testId="a135e145-a8f1-0965-22d8-18ac186f6fcf" testName="Create_Passing_InvalidOrNull_Value_Returns_ApplicationException" computerName="PC-SFERRARI" duration="00:00:00.0009733" startTime="2021-05-26T06:51:50.4863366+02:00" endTime="2021-05-26T06:51:50.4874700+02:00" testType="13cdc9d9-ddb5-4fa4-a97d-d965ccfc6d4b" outcome="Passed" testListId="8c84fa94-04c1-424b-9868-57a2d4851a1d" relativeResultsDirectory="1edc88d8-abe3-4c4d-b2af-02c2e94a6d53" resultType="DataDrivenTest">
      <InnerResults>
        <UnitTestResult executionId="bc16a7c6-e621-46d7-bf0e-3943bf45a7e9" parentExecutionId="1edc88d8-abe3-4c4d-b2af-02c2e94a6d53" testId="a135e145-a8f1-0965-22d8-18ac186f6fcf" testName="Create_Passing_InvalidOrNull_Value_Returns_ApplicationException (456,USD,-3)" computerName="PC-SFERRARI" duration="00:00:00.0009048" startTime="2021-05-26T06:51:50.4863366+02:00" endTime="2021-05-26T06:51:50.4874700+02:00" testType="13cdc9d9-ddb5-4fa4-a97d-d965ccfc6d4b" outcome="Passed" testListId="8c84fa94-04c1-424b-9868-57a2d4851a1d" relativeResultsDirectory="bc16a7c6-e621-46d7-bf0e-3943bf45a7e9" dataRowInfo="1" resultType="DataDrivenDataRow" />
      </InnerResults>
    </UnitTestResult>
    <UnitTestResult executionId="38e258c3-05b7-4f61-bbcd-4097a8377fe1" testId="4abfc1ff-06cf-dc19-b35f-7c84f2bee2da" testName="IsInactive_Passing_Nothing_Returns_True" computerName="PC-SFERRARI" duration="00:00:00.0002985" startTime="2021-05-26T06:51:50.6024843+02:00" endTime="2021-05-26T06:51:50.6029804+02:00" testType="13cdc9d9-ddb5-4fa4-a97d-d965ccfc6d4b" outcome="Passed" testListId="8c84fa94-04c1-424b-9868-57a2d4851a1d" relativeResultsDirectory="38e258c3-05b7-4f61-bbcd-4097a8377fe1" />
    <UnitTestResult executionId="ca7429be-f9d7-44fd-bf89-2d9da62557fa" testId="145bd153-18cc-3e25-baa5-f3e74b60f467" testName="ToEnum_Passing_Invalid_String_Name_Enumeracion_Returns_Null" computerName="PC-SFERRARI" duration="00:00:00.0001749" startTime="2021-05-26T06:51:50.6691184+02:00" endTime="2021-05-26T06:51:50.6693877+02:00" testType="13cdc9d9-ddb5-4fa4-a97d-d965ccfc6d4b" outcome="Passed" testListId="8c84fa94-04c1-424b-9868-57a2d4851a1d" relativeResultsDirectory="ca7429be-f9d7-44fd-bf89-2d9da62557fa" />
    <UnitTestResult executionId="4180852b-8a1d-4b5f-9167-54b95ddd5b61" testId="eb28919c-10bf-694a-78bc-ac7d54701422" testName="IsNull_Passing_Null_Address_Returns_True" computerName="PC-SFERRARI" duration="00:00:00.0009710" startTime="2021-05-26T06:51:50.2871856+02:00" endTime="2021-05-26T06:51:50.2882712+02:00" testType="13cdc9d9-ddb5-4fa4-a97d-d965ccfc6d4b" outcome="Passed" testListId="8c84fa94-04c1-424b-9868-57a2d4851a1d" relativeResultsDirectory="4180852b-8a1d-4b5f-9167-54b95ddd5b61" />
    <UnitTestResult executionId="edf1c442-2cf3-468e-93e5-2d1e2388e98f" testId="a7b68708-c69e-0ff4-e40e-725b6fe202e8" testName="GetAll_Passing_Nothing_Returns_Enumeracion_List" computerName="PC-SFERRARI" duration="00:00:00.0009863" startTime="2021-05-26T06:51:50.6619572+02:00" endTime="2021-05-26T06:51:50.6632681+02:00" testType="13cdc9d9-ddb5-4fa4-a97d-d965ccfc6d4b" outcome="Passed" testListId="8c84fa94-04c1-424b-9868-57a2d4851a1d" relativeResultsDirectory="edf1c442-2cf3-468e-93e5-2d1e2388e98f" />
    <UnitTestResult executionId="a2ba77a7-12f9-476d-8a38-bed6c0b9f333" testId="1c4770cc-11c0-d015-3996-858274852a92" testName="Create_Passing_Valid_Values_Returns_Subdomain" computerName="PC-SFERRARI" duration="00:00:00.0003079" startTime="2021-05-26T06:51:50.6391908+02:00" endTime="2021-05-26T06:51:50.6396657+02:00" testType="13cdc9d9-ddb5-4fa4-a97d-d965ccfc6d4b" outcome="Passed" testListId="8c84fa94-04c1-424b-9868-57a2d4851a1d" relativeResultsDirectory="a2ba77a7-12f9-476d-8a38-bed6c0b9f333" resultType="DataDrivenTest">
      <InnerResults>
        <UnitTestResult executionId="e5f3d168-d8e3-4c82-830c-3f06b516be91" parentExecutionId="a2ba77a7-12f9-476d-8a38-bed6c0b9f333" testId="1c4770cc-11c0-d015-3996-858274852a92" testName="Create_Passing_Valid_Values_Returns_Subdomain (google)" computerName="PC-SFERRARI" duration="00:00:00.0002039" startTime="2021-05-26T06:51:50.6391908+02:00" endTime="2021-05-26T06:51:50.6396657+02:00" testType="13cdc9d9-ddb5-4fa4-a97d-d965ccfc6d4b" outcome="Passed" testListId="8c84fa94-04c1-424b-9868-57a2d4851a1d" relativeResultsDirectory="e5f3d168-d8e3-4c82-830c-3f06b516be91" dataRowInfo="1" resultType="DataDrivenDataRow" />
        <UnitTestResult executionId="ae2348ba-fe09-4c63-af37-eeb81e6ca79e" parentExecutionId="a2ba77a7-12f9-476d-8a38-bed6c0b9f333" testId="1c4770cc-11c0-d015-3996-858274852a92" testName="Create_Passing_Valid_Values_Returns_Subdomain (www.hackerone1-com)" computerName="PC-SFERRARI" duration="00:00:00.0000150" startTime="2021-05-26T06:51:50.6391908+02:00" endTime="2021-05-26T06:51:50.6396657+02:00" testType="13cdc9d9-ddb5-4fa4-a97d-d965ccfc6d4b" outcome="Passed" testListId="8c84fa94-04c1-424b-9868-57a2d4851a1d" relativeResultsDirectory="ae2348ba-fe09-4c63-af37-eeb81e6ca79e" dataRowInfo="2" resultType="DataDrivenDataRow" />
        <UnitTestResult executionId="43975904-5758-4f44-bed1-1c402938e42a" parentExecutionId="a2ba77a7-12f9-476d-8a38-bed6c0b9f333" testId="1c4770cc-11c0-d015-3996-858274852a92" testName="Create_Passing_Valid_Values_Returns_Subdomain (stage_hackerone.com)" computerName="PC-SFERRARI" duration="00:00:00.0000118" startTime="2021-05-26T06:51:50.6391908+02:00" endTime="2021-05-26T06:51:50.6396657+02:00" testType="13cdc9d9-ddb5-4fa4-a97d-d965ccfc6d4b" outcome="Passed" testListId="8c84fa94-04c1-424b-9868-57a2d4851a1d" relativeResultsDirectory="43975904-5758-4f44-bed1-1c402938e42a" dataRowInfo="3" resultType="DataDrivenDataRow" />
      </InnerResults>
    </UnitTestResult>
    <UnitTestResult executionId="64463b0f-0857-4930-ace9-11b1eed29870" testId="27a0e577-20d6-fabc-02be-7af6a06cb12f" testName="ToEnum_Passing_Valid_IntName_Enumeracion_Returns_Enumeracion" computerName="PC-SFERRARI" duration="00:00:00.0001263" startTime="2021-05-26T06:51:50.4708168+02:00" endTime="2021-05-26T06:51:50.4710414+02:00" testType="13cdc9d9-ddb5-4fa4-a97d-d965ccfc6d4b" outcome="Passed" testListId="8c84fa94-04c1-424b-9868-57a2d4851a1d" relativeResultsDirectory="64463b0f-0857-4930-ace9-11b1eed29870" />
    <UnitTestResult executionId="b5ff4aae-e062-480b-8355-38a91090bdc3" testId="3c5dd30a-14ce-719a-a187-bfc979656176" testName="OperatorEqual_Passing_Valid_Distinct_Values_Returns_False" computerName="PC-SFERRARI" duration="00:00:00.0001864" startTime="2021-05-26T06:51:50.6215717+02:00" endTime="2021-05-26T06:51:50.6218446+02:00" testType="13cdc9d9-ddb5-4fa4-a97d-d965ccfc6d4b" outcome="Passed" testListId="8c84fa94-04c1-424b-9868-57a2d4851a1d" relativeResultsDirectory="b5ff4aae-e062-480b-8355-38a91090bdc3" resultType="DataDrivenTest">
      <InnerResults>
        <UnitTestResult executionId="962fec85-6f8a-4535-b683-7a7e5a985a86" parentExecutionId="b5ff4aae-e062-480b-8355-38a91090bdc3" testId="3c5dd30a-14ce-719a-a187-bfc979656176" testName="OperatorEqual_Passing_Valid_Distinct_Values_Returns_False (San Bartoleme De Tirajana)" computerName="PC-SFERRARI" duration="00:00:00.0001231" startTime="2021-05-26T06:51:50.6215717+02:00" endTime="2021-05-26T06:51:50.6218446+02:00" testType="13cdc9d9-ddb5-4fa4-a97d-d965ccfc6d4b" outcome="Passed" testListId="8c84fa94-04c1-424b-9868-57a2d4851a1d" relativeResultsDirectory="962fec85-6f8a-4535-b683-7a7e5a985a86" dataRowInfo="1" resultType="DataDrivenDataRow" />
        <UnitTestResult executionId="fb980adb-523e-4903-a8f2-aaf1cf03fa5a" parentExecutionId="b5ff4aae-e062-480b-8355-38a91090bdc3" testId="3c5dd30a-14ce-719a-a187-bfc979656176" testName="OperatorEqual_Passing_Valid_Distinct_Values_Returns_False (Sabadell)" computerName="PC-SFERRARI" duration="00:00:00.0000072" startTime="2021-05-26T06:51:50.6215717+02:00" endTime="2021-05-26T06:51:50.6218446+02:00" testType="13cdc9d9-ddb5-4fa4-a97d-d965ccfc6d4b" outcome="Passed" testListId="8c84fa94-04c1-424b-9868-57a2d4851a1d" relativeResultsDirectory="fb980adb-523e-4903-a8f2-aaf1cf03fa5a" dataRowInfo="2" resultType="DataDrivenDataRow" />
      </InnerResults>
    </UnitTestResult>
    <UnitTestResult executionId="e6794435-2639-424b-b74c-682f84bf6e11" testId="76c79f9f-0b75-deaf-c0c8-6849a01fabe5" testName="Change_Passing_Valid_Values_Returns_Name" computerName="PC-SFERRARI" duration="00:00:00.0006845" startTime="2021-05-26T06:51:50.5325388+02:00" endTime="2021-05-26T06:51:50.5336262+02:00" testType="13cdc9d9-ddb5-4fa4-a97d-d965ccfc6d4b" outcome="Passed" testListId="8c84fa94-04c1-424b-9868-57a2d4851a1d" relativeResultsDirectory="e6794435-2639-424b-b74c-682f84bf6e11" />
    <UnitTestResult executionId="617891d7-3039-49d0-88dd-5581e79f9fc7" testId="417ec551-d8d9-9d91-2ce7-f7087778456b" testName="IsNull_Passing_Valid_Value_Returns_False" computerName="PC-SFERRARI" duration="00:00:00.0003781" startTime="2021-05-26T06:51:50.5542897+02:00" endTime="2021-05-26T06:51:50.5548082+02:00" testType="13cdc9d9-ddb5-4fa4-a97d-d965ccfc6d4b" outcome="Passed" testListId="8c84fa94-04c1-424b-9868-57a2d4851a1d" relativeResultsDirectory="617891d7-3039-49d0-88dd-5581e79f9fc7" resultType="DataDrivenTest">
      <InnerResults>
        <UnitTestResult executionId="65456dd7-eb99-4c69-b8b9-da70f919e65d" parentExecutionId="617891d7-3039-49d0-88dd-5581e79f9fc7" testId="417ec551-d8d9-9d91-2ce7-f7087778456b" testName="IsNull_Passing_Valid_Value_Returns_False (España)" computerName="PC-SFERRARI" duration="00:00:00.0001316" startTime="2021-05-26T06:51:50.5542897+02:00" endTime="2021-05-26T06:51:50.5548082+02:00" testType="13cdc9d9-ddb5-4fa4-a97d-d965ccfc6d4b" outcome="Passed" testListId="8c84fa94-04c1-424b-9868-57a2d4851a1d" relativeResultsDirectory="65456dd7-eb99-4c69-b8b9-da70f919e65d" dataRowInfo="1" resultType="DataDrivenDataRow" />
        <UnitTestResult executionId="968c3d01-59b7-4f10-8c86-5d2b7404a983" parentExecutionId="617891d7-3039-49d0-88dd-5581e79f9fc7" testId="417ec551-d8d9-9d91-2ce7-f7087778456b" testName="IsNull_Passing_Valid_Value_Returns_False (Españá)" computerName="PC-SFERRARI" duration="00:00:00.0000120" startTime="2021-05-26T06:51:50.5542897+02:00" endTime="2021-05-26T06:51:50.5548082+02:00" testType="13cdc9d9-ddb5-4fa4-a97d-d965ccfc6d4b" outcome="Passed" testListId="8c84fa94-04c1-424b-9868-57a2d4851a1d" relativeResultsDirectory="968c3d01-59b7-4f10-8c86-5d2b7404a983" dataRowInfo="2" resultType="DataDrivenDataRow" />
        <UnitTestResult executionId="68ea545b-a4e4-45e4-b1e0-cb1ac753af85" parentExecutionId="617891d7-3039-49d0-88dd-5581e79f9fc7" testId="417ec551-d8d9-9d91-2ce7-f7087778456b" testName="IsNull_Passing_Valid_Value_Returns_False (Españà)" computerName="PC-SFERRARI" duration="00:00:00.0000098" startTime="2021-05-26T06:51:50.5542897+02:00" endTime="2021-05-26T06:51:50.5548082+02:00" testType="13cdc9d9-ddb5-4fa4-a97d-d965ccfc6d4b" outcome="Passed" testListId="8c84fa94-04c1-424b-9868-57a2d4851a1d" relativeResultsDirectory="68ea545b-a4e4-45e4-b1e0-cb1ac753af85" dataRowInfo="3" resultType="DataDrivenDataRow" />
        <UnitTestResult executionId="5527a659-09f0-48d8-be56-db86fe4e1951" parentExecutionId="617891d7-3039-49d0-88dd-5581e79f9fc7" testId="417ec551-d8d9-9d91-2ce7-f7087778456b" testName="IsNull_Passing_Valid_Value_Returns_False (Españä)" computerName="PC-SFERRARI" duration="00:00:00.0000096" startTime="2021-05-26T06:51:50.5542897+02:00" endTime="2021-05-26T06:51:50.5548082+02:00" testType="13cdc9d9-ddb5-4fa4-a97d-d965ccfc6d4b" outcome="Passed" testListId="8c84fa94-04c1-424b-9868-57a2d4851a1d" relativeResultsDirectory="5527a659-09f0-48d8-be56-db86fe4e1951" dataRowInfo="4" resultType="DataDrivenDataRow" />
        <UnitTestResult executionId="7708dc47-482a-4f78-8475-0d1f6522e91f" parentExecutionId="617891d7-3039-49d0-88dd-5581e79f9fc7" testId="417ec551-d8d9-9d91-2ce7-f7087778456b" testName="IsNull_Passing_Valid_Value_Returns_False (Españâ)" computerName="PC-SFERRARI" duration="00:00:00.0000102" startTime="2021-05-26T06:51:50.5542897+02:00" endTime="2021-05-26T06:51:50.5548082+02:00" testType="13cdc9d9-ddb5-4fa4-a97d-d965ccfc6d4b" outcome="Passed" testListId="8c84fa94-04c1-424b-9868-57a2d4851a1d" relativeResultsDirectory="7708dc47-482a-4f78-8475-0d1f6522e91f" dataRowInfo="5" resultType="DataDrivenDataRow" />
        <UnitTestResult executionId="b938b538-e65e-4a0a-a7df-b5bfe2a1e4d7" parentExecutionId="617891d7-3039-49d0-88dd-5581e79f9fc7" testId="417ec551-d8d9-9d91-2ce7-f7087778456b" testName="IsNull_Passing_Valid_Value_Returns_False (Españã)" computerName="PC-SFERRARI" duration="00:00:00.0000110" startTime="2021-05-26T06:51:50.5542897+02:00" endTime="2021-05-26T06:51:50.5548082+02:00" testType="13cdc9d9-ddb5-4fa4-a97d-d965ccfc6d4b" outcome="Passed" testListId="8c84fa94-04c1-424b-9868-57a2d4851a1d" relativeResultsDirectory="b938b538-e65e-4a0a-a7df-b5bfe2a1e4d7" dataRowInfo="6" resultType="DataDrivenDataRow" />
        <UnitTestResult executionId="99b1388f-66ad-4c9c-9433-afc558f197bd" parentExecutionId="617891d7-3039-49d0-88dd-5581e79f9fc7" testId="417ec551-d8d9-9d91-2ce7-f7087778456b" testName="IsNull_Passing_Valid_Value_Returns_False (Españç)" computerName="PC-SFERRARI" duration="00:00:00.0000106" startTime="2021-05-26T06:51:50.5542897+02:00" endTime="2021-05-26T06:51:50.5548082+02:00" testType="13cdc9d9-ddb5-4fa4-a97d-d965ccfc6d4b" outcome="Passed" testListId="8c84fa94-04c1-424b-9868-57a2d4851a1d" relativeResultsDirectory="99b1388f-66ad-4c9c-9433-afc558f197bd" dataRowInfo="7" resultType="DataDrivenDataRow" />
        <UnitTestResult executionId="138f115c-29ec-458e-8198-bd0556e40962" parentExecutionId="617891d7-3039-49d0-88dd-5581e79f9fc7" testId="417ec551-d8d9-9d91-2ce7-f7087778456b" testName="IsNull_Passing_Valid_Value_Returns_False (Españħ)" computerName="PC-SFERRARI" duration="00:00:00.0000113" startTime="2021-05-26T06:51:50.5542897+02:00" endTime="2021-05-26T06:51:50.5548082+02:00" testType="13cdc9d9-ddb5-4fa4-a97d-d965ccfc6d4b" outcome="Passed" testListId="8c84fa94-04c1-424b-9868-57a2d4851a1d" relativeResultsDirectory="138f115c-29ec-458e-8198-bd0556e40962" dataRowInfo="8" resultType="DataDrivenDataRow" />
        <UnitTestResult executionId="00d9dcc9-144d-4f6a-ac31-6c1596fc56f7" parentExecutionId="617891d7-3039-49d0-88dd-5581e79f9fc7" testId="417ec551-d8d9-9d91-2ce7-f7087778456b" testName="IsNull_Passing_Valid_Value_Returns_False (Esp añâ)" computerName="PC-SFERRARI" duration="00:00:00.0000119" startTime="2021-05-26T06:51:50.5542897+02:00" endTime="2021-05-26T06:51:50.5548082+02:00" testType="13cdc9d9-ddb5-4fa4-a97d-d965ccfc6d4b" outcome="Passed" testListId="8c84fa94-04c1-424b-9868-57a2d4851a1d" relativeResultsDirectory="00d9dcc9-144d-4f6a-ac31-6c1596fc56f7" dataRowInfo="9" resultType="DataDrivenDataRow" />
      </InnerResults>
    </UnitTestResult>
    <UnitTestResult executionId="1e7a9340-4240-4cd2-9a38-c4fa124d0b1a" testId="02c00e07-1da7-4a26-741f-c10b40cf8def" testName="ToBool_Passing_Valid_String_Active_Value_Returns_True" computerName="PC-SFERRARI" duration="00:00:00.0006520" startTime="2021-05-26T06:51:50.6035820+02:00" endTime="2021-05-26T06:51:50.6046262+02:00" testType="13cdc9d9-ddb5-4fa4-a97d-d965ccfc6d4b" outcome="Passed" testListId="8c84fa94-04c1-424b-9868-57a2d4851a1d" relativeResultsDirectory="1e7a9340-4240-4cd2-9a38-c4fa124d0b1a" />
    <UnitTestResult executionId="5c17c84a-c7ea-46d0-8e6d-f94a770dbd8d" testId="505c974a-abdc-ad26-ef8c-4f699fb49682" testName="IsNull_Passing_Valid_Values_Returns_False" computerName="PC-SFERRARI" duration="00:00:00.0002614" startTime="2021-05-26T06:51:50.4482752+02:00" endTime="2021-05-26T06:51:50.4486279+02:00" testType="13cdc9d9-ddb5-4fa4-a97d-d965ccfc6d4b" outcome="Passed" testListId="8c84fa94-04c1-424b-9868-57a2d4851a1d" relativeResultsDirectory="5c17c84a-c7ea-46d0-8e6d-f94a770dbd8d" resultType="DataDrivenTest">
      <InnerResults>
        <UnitTestResult executionId="dd42d6f9-714a-45ca-8a24-f5768498308f" parentExecutionId="5c17c84a-c7ea-46d0-8e6d-f94a770dbd8d" testId="505c974a-abdc-ad26-ef8c-4f699fb49682" testName="IsNull_Passing_Valid_Values_Returns_False (Tenerife,San Bartoleme De Tirajana,Las Palmas)" computerName="PC-SFERRARI" duration="00:00:00.0001699" startTime="2021-05-26T06:51:50.4482752+02:00" endTime="2021-05-26T06:51:50.4486279+02:00" testType="13cdc9d9-ddb5-4fa4-a97d-d965ccfc6d4b" outcome="Passed" testListId="8c84fa94-04c1-424b-9868-57a2d4851a1d" relativeResultsDirectory="dd42d6f9-714a-45ca-8a24-f5768498308f" dataRowInfo="1" resultType="DataDrivenDataRow" />
        <UnitTestResult executionId="5e4c1959-29db-45df-8969-90da62aa6bb0" parentExecutionId="5c17c84a-c7ea-46d0-8e6d-f94a770dbd8d" testId="505c974a-abdc-ad26-ef8c-4f699fb49682" testName="IsNull_Passing_Valid_Values_Returns_False (Sabadell,Barcelona,España)" computerName="PC-SFERRARI" duration="00:00:00.0000290" startTime="2021-05-26T06:51:50.4482752+02:00" endTime="2021-05-26T06:51:50.4486279+02:00" testType="13cdc9d9-ddb5-4fa4-a97d-d965ccfc6d4b" outcome="Passed" testListId="8c84fa94-04c1-424b-9868-57a2d4851a1d" relativeResultsDirectory="5e4c1959-29db-45df-8969-90da62aa6bb0" dataRowInfo="2" resultType="DataDrivenDataRow" />
      </InnerResults>
    </UnitTestResult>
    <UnitTestResult executionId="e3bc4654-437a-40e3-ad46-0cbdc215843b" testId="2a42fb62-90e3-d0b8-2433-6770585d59ac" testName="ToNormalize_Passing_Valid_Values_Returns_Address_String_Format" computerName="PC-SFERRARI" duration="00:00:00.0058835" startTime="2021-05-26T06:51:50.4134300+02:00" endTime="2021-05-26T06:51:50.4194054+02:00" testType="13cdc9d9-ddb5-4fa4-a97d-d965ccfc6d4b" outcome="Passed" testListId="8c84fa94-04c1-424b-9868-57a2d4851a1d" relativeResultsDirectory="e3bc4654-437a-40e3-ad46-0cbdc215843b" resultType="DataDrivenTest">
      <InnerResults>
        <UnitTestResult executionId="95e159af-22c2-486a-8b90-e3770fb6b856" parentExecutionId="e3bc4654-437a-40e3-ad46-0cbdc215843b" testId="2a42fb62-90e3-d0b8-2433-6770585d59ac" testName="ToNormalize_Passing_Valid_Values_Returns_Address_String_Format (ñandu@gmail.com)" computerName="PC-SFERRARI" duration="00:00:00.0055086" startTime="2021-05-26T06:51:50.4134300+02:00" endTime="2021-05-26T06:51:50.4194054+02:00" testType="13cdc9d9-ddb5-4fa4-a97d-d965ccfc6d4b" outcome="Passed" testListId="8c84fa94-04c1-424b-9868-57a2d4851a1d" relativeResultsDirectory="95e159af-22c2-486a-8b90-e3770fb6b856" dataRowInfo="1" resultType="DataDrivenDataRow" />
        <UnitTestResult executionId="5f05c5ec-80f6-43ff-9d78-54cef70b738c" parentExecutionId="e3bc4654-437a-40e3-ad46-0cbdc215843b" testId="2a42fb62-90e3-d0b8-2433-6770585d59ac" testName="ToNormalize_Passing_Valid_Values_Returns_Address_String_Format (ádsads@ggg.cc)" computerName="PC-SFERRARI" duration="00:00:00.0000975" startTime="2021-05-26T06:51:50.4134300+02:00" endTime="2021-05-26T06:51:50.4194054+02:00" testType="13cdc9d9-ddb5-4fa4-a97d-d965ccfc6d4b" outcome="Passed" testListId="8c84fa94-04c1-424b-9868-57a2d4851a1d" relativeResultsDirectory="5f05c5ec-80f6-43ff-9d78-54cef70b738c" dataRowInfo="2" resultType="DataDrivenDataRow" />
        <UnitTestResult executionId="9735a40e-a1a5-4d9d-9762-aa7a32c422e7" parentExecutionId="e3bc4654-437a-40e3-ad46-0cbdc215843b" testId="2a42fb62-90e3-d0b8-2433-6770585d59ac" testName="ToNormalize_Passing_Valid_Values_Returns_Address_String_Format (aaads@ggg.cc)" computerName="PC-SFERRARI" duration="00:00:00.0000699" startTime="2021-05-26T06:51:50.4134300+02:00" endTime="2021-05-26T06:51:50.4194054+02:00" testType="13cdc9d9-ddb5-4fa4-a97d-d965ccfc6d4b" outcome="Passed" testListId="8c84fa94-04c1-424b-9868-57a2d4851a1d" relativeResultsDirectory="9735a40e-a1a5-4d9d-9762-aa7a32c422e7" dataRowInfo="3" resultType="DataDrivenDataRow" />
        <UnitTestResult executionId="af377071-80ce-4518-bde1-77fb953ef9ce" parentExecutionId="e3bc4654-437a-40e3-ad46-0cbdc215843b" testId="2a42fb62-90e3-d0b8-2433-6770585d59ac" testName="ToNormalize_Passing_Valid_Values_Returns_Address_String_Format (bb_ads@ggg.cc)" computerName="PC-SFERRARI" duration="00:00:00.0000733" startTime="2021-05-26T06:51:50.4134300+02:00" endTime="2021-05-26T06:51:50.4194054+02:00" testType="13cdc9d9-ddb5-4fa4-a97d-d965ccfc6d4b" outcome="Passed" testListId="8c84fa94-04c1-424b-9868-57a2d4851a1d" relativeResultsDirectory="af377071-80ce-4518-bde1-77fb953ef9ce" dataRowInfo="4" resultType="DataDrivenDataRow" />
      </InnerResults>
    </UnitTestResult>
    <UnitTestResult executionId="f024d24f-3aaf-4a04-867d-bd98e49bce94" testId="b0548663-47b3-8c52-226c-9dcd0a8ec50c" testName="ToEnum_Passing_Valid_IntName_Enumeracion_Returns_Enumeracion" computerName="PC-SFERRARI" duration="00:00:00.0001217" startTime="2021-05-26T06:51:50.6694102+02:00" endTime="2021-05-26T06:51:50.6696172+02:00" testType="13cdc9d9-ddb5-4fa4-a97d-d965ccfc6d4b" outcome="Passed" testListId="8c84fa94-04c1-424b-9868-57a2d4851a1d" relativeResultsDirectory="f024d24f-3aaf-4a04-867d-bd98e49bce94" />
    <UnitTestResult executionId="03846ce2-59dd-4fb2-8c08-0c29c42b3e8c" testId="bb27667d-2509-633e-e3c4-28c478f5b41c" testName="Equals_Passing_Valid_Values_Returns_True" computerName="PC-SFERRARI" duration="00:00:00.0036803" startTime="2021-05-26T06:51:50.5001564+02:00" endTime="2021-05-26T06:51:50.5040570+02:00" testType="13cdc9d9-ddb5-4fa4-a97d-d965ccfc6d4b" outcome="Passed" testListId="8c84fa94-04c1-424b-9868-57a2d4851a1d" relativeResultsDirectory="03846ce2-59dd-4fb2-8c08-0c29c42b3e8c" resultType="DataDrivenTest">
      <InnerResults>
        <UnitTestResult executionId="ac8c09cb-5811-4134-ae8a-b9227884d9e6" parentExecutionId="03846ce2-59dd-4fb2-8c08-0c29c42b3e8c" testId="bb27667d-2509-633e-e3c4-28c478f5b41c" testName="Equals_Passing_Valid_Values_Returns_True (100,EUR,2)" computerName="PC-SFERRARI" duration="00:00:00.0010602" startTime="2021-05-26T06:51:50.5001564+02:00" endTime="2021-05-26T06:51:50.5040570+02:00" testType="13cdc9d9-ddb5-4fa4-a97d-d965ccfc6d4b" outcome="Passed" testListId="8c84fa94-04c1-424b-9868-57a2d4851a1d" relativeResultsDirectory="ac8c09cb-5811-4134-ae8a-b9227884d9e6" dataRowInfo="1" resultType="DataDrivenDataRow" />
        <UnitTestResult executionId="c7cb2912-be5e-4a6d-a8e2-467fad9c9e07" parentExecutionId="03846ce2-59dd-4fb2-8c08-0c29c42b3e8c" testId="bb27667d-2509-633e-e3c4-28c478f5b41c" testName="Equals_Passing_Valid_Values_Returns_True (200,EUR,4)" computerName="PC-SFERRARI" duration="00:00:00.0006727" startTime="2021-05-26T06:51:50.5001564+02:00" endTime="2021-05-26T06:51:50.5040570+02:00" testType="13cdc9d9-ddb5-4fa4-a97d-d965ccfc6d4b" outcome="Passed" testListId="8c84fa94-04c1-424b-9868-57a2d4851a1d" relativeResultsDirectory="c7cb2912-be5e-4a6d-a8e2-467fad9c9e07" dataRowInfo="2" resultType="DataDrivenDataRow" />
        <UnitTestResult executionId="4c8a0bbc-c32e-459f-9e07-a44e976db308" parentExecutionId="03846ce2-59dd-4fb2-8c08-0c29c42b3e8c" testId="bb27667d-2509-633e-e3c4-28c478f5b41c" testName="Equals_Passing_Valid_Values_Returns_True (400,USD,8)" computerName="PC-SFERRARI" duration="00:00:00.0017824" startTime="2021-05-26T06:51:50.5001564+02:00" endTime="2021-05-26T06:51:50.5040570+02:00" testType="13cdc9d9-ddb5-4fa4-a97d-d965ccfc6d4b" outcome="Passed" testListId="8c84fa94-04c1-424b-9868-57a2d4851a1d" relativeResultsDirectory="4c8a0bbc-c32e-459f-9e07-a44e976db308" dataRowInfo="3" resultType="DataDrivenDataRow" />
      </InnerResults>
    </UnitTestResult>
    <UnitTestResult executionId="b1b3cd51-a5ed-4c63-9836-5a8ffa79be9a" testId="bf7415ae-45f0-be29-e76d-b41b408fe020" testName="IsNull_Passing_Valid_Value_Returns_False" computerName="PC-SFERRARI" duration="00:00:00.0002509" startTime="2021-05-26T06:51:50.4068154+02:00" endTime="2021-05-26T06:51:50.4071706+02:00" testType="13cdc9d9-ddb5-4fa4-a97d-d965ccfc6d4b" outcome="Passed" testListId="8c84fa94-04c1-424b-9868-57a2d4851a1d" relativeResultsDirectory="b1b3cd51-a5ed-4c63-9836-5a8ffa79be9a" resultType="DataDrivenTest">
      <InnerResults>
        <UnitTestResult executionId="ee4207bb-ca6e-4a34-8e08-6b7eba9fd098" parentExecutionId="b1b3cd51-a5ed-4c63-9836-5a8ffa79be9a" testId="bf7415ae-45f0-be29-e76d-b41b408fe020" testName="IsNull_Passing_Valid_Value_Returns_False (dasdasd@dsasd.ff)" computerName="PC-SFERRARI" duration="00:00:00.0001559" startTime="2021-05-26T06:51:50.4068154+02:00" endTime="2021-05-26T06:51:50.4071706+02:00" testType="13cdc9d9-ddb5-4fa4-a97d-d965ccfc6d4b" outcome="Passed" testListId="8c84fa94-04c1-424b-9868-57a2d4851a1d" relativeResultsDirectory="ee4207bb-ca6e-4a34-8e08-6b7eba9fd098" dataRowInfo="1" resultType="DataDrivenDataRow" />
        <UnitTestResult executionId="e64c2cdd-6099-4294-9594-b416358b7f16" parentExecutionId="b1b3cd51-a5ed-4c63-9836-5a8ffa79be9a" testId="bf7415ae-45f0-be29-e76d-b41b408fe020" testName="IsNull_Passing_Valid_Value_Returns_False (34fsds@sdd.fgg)" computerName="PC-SFERRARI" duration="00:00:00.0000271" startTime="2021-05-26T06:51:50.4068154+02:00" endTime="2021-05-26T06:51:50.4071706+02:00" testType="13cdc9d9-ddb5-4fa4-a97d-d965ccfc6d4b" outcome="Passed" testListId="8c84fa94-04c1-424b-9868-57a2d4851a1d" relativeResultsDirectory="e64c2cdd-6099-4294-9594-b416358b7f16" dataRowInfo="2" resultType="DataDrivenDataRow" />
      </InnerResults>
    </UnitTestResult>
    <UnitTestResult executionId="0c879d50-dcf1-4ed8-a844-1002758d0804" testId="afb94819-d000-5c73-f44b-f1e36fef6d66" testName="Change_Passing_Valid_Values_Returns_Currency" computerName="PC-SFERRARI" duration="00:00:00.0215505" startTime="2021-05-26T06:51:50.3199998+02:00" endTime="2021-05-26T06:51:50.3418219+02:00" testType="13cdc9d9-ddb5-4fa4-a97d-d965ccfc6d4b" outcome="Passed" testListId="8c84fa94-04c1-424b-9868-57a2d4851a1d" relativeResultsDirectory="0c879d50-dcf1-4ed8-a844-1002758d0804" resultType="DataDrivenTest">
      <InnerResults>
        <UnitTestResult executionId="773e490c-4ca2-4426-81bc-2957ef62409e" parentExecutionId="0c879d50-dcf1-4ed8-a844-1002758d0804" testId="afb94819-d000-5c73-f44b-f1e36fef6d66" testName="Change_Passing_Valid_Values_Returns_Currency (EUR)" computerName="PC-SFERRARI" duration="00:00:00.0214789" startTime="2021-05-26T06:51:50.3199998+02:00" endTime="2021-05-26T06:51:50.3418219+02:00" testType="13cdc9d9-ddb5-4fa4-a97d-d965ccfc6d4b" outcome="Passed" testListId="8c84fa94-04c1-424b-9868-57a2d4851a1d" relativeResultsDirectory="773e490c-4ca2-4426-81bc-2957ef62409e" dataRowInfo="1" resultType="DataDrivenDataRow" />
      </InnerResults>
    </UnitTestResult>
    <UnitTestResult executionId="ed6c1f35-a90f-4da3-8d7c-d6c801a269a9" testId="f7330460-b528-23e0-f552-44f6715cd948" testName="OperatorNotEqual_Passing_Valid_Values_Returns_True" computerName="PC-SFERRARI" duration="00:00:00.0005179" startTime="2021-05-26T06:51:50.5749737+02:00" endTime="2021-05-26T06:51:50.5756704+02:00" testType="13cdc9d9-ddb5-4fa4-a97d-d965ccfc6d4b" outcome="Passed" testListId="8c84fa94-04c1-424b-9868-57a2d4851a1d" relativeResultsDirectory="ed6c1f35-a90f-4da3-8d7c-d6c801a269a9" resultType="DataDrivenTest">
      <InnerResults>
        <UnitTestResult executionId="76e204e9-d343-4915-a85d-c02a1cfaf5eb" parentExecutionId="ed6c1f35-a90f-4da3-8d7c-d6c801a269a9" testId="f7330460-b528-23e0-f552-44f6715cd948" testName="OperatorNotEqual_Passing_Valid_Values_Returns_True (España)" computerName="PC-SFERRARI" duration="00:00:00.0002128" startTime="2021-05-26T06:51:50.5749737+02:00" endTime="2021-05-26T06:51:50.5756704+02:00" testType="13cdc9d9-ddb5-4fa4-a97d-d965ccfc6d4b" outcome="Passed" testListId="8c84fa94-04c1-424b-9868-57a2d4851a1d" relativeResultsDirectory="76e204e9-d343-4915-a85d-c02a1cfaf5eb" dataRowInfo="1" resultType="DataDrivenDataRow" />
        <UnitTestResult executionId="b12c23c3-dfec-4cea-a94f-77010e29ee89" parentExecutionId="ed6c1f35-a90f-4da3-8d7c-d6c801a269a9" testId="f7330460-b528-23e0-f552-44f6715cd948" testName="OperatorNotEqual_Passing_Valid_Values_Returns_True (Españá)" computerName="PC-SFERRARI" duration="00:00:00.0000188" startTime="2021-05-26T06:51:50.5749737+02:00" endTime="2021-05-26T06:51:50.5756704+02:00" testType="13cdc9d9-ddb5-4fa4-a97d-d965ccfc6d4b" outcome="Passed" testListId="8c84fa94-04c1-424b-9868-57a2d4851a1d" relativeResultsDirectory="b12c23c3-dfec-4cea-a94f-77010e29ee89" dataRowInfo="2" resultType="DataDrivenDataRow" />
        <UnitTestResult executionId="087b1f73-2d50-4301-b270-df74e41c97be" parentExecutionId="ed6c1f35-a90f-4da3-8d7c-d6c801a269a9" testId="f7330460-b528-23e0-f552-44f6715cd948" testName="OperatorNotEqual_Passing_Valid_Values_Returns_True (Españà)" computerName="PC-SFERRARI" duration="00:00:00.0000162" startTime="2021-05-26T06:51:50.5749737+02:00" endTime="2021-05-26T06:51:50.5756704+02:00" testType="13cdc9d9-ddb5-4fa4-a97d-d965ccfc6d4b" outcome="Passed" testListId="8c84fa94-04c1-424b-9868-57a2d4851a1d" relativeResultsDirectory="087b1f73-2d50-4301-b270-df74e41c97be" dataRowInfo="3" resultType="DataDrivenDataRow" />
        <UnitTestResult executionId="3c488167-4ab4-4879-9064-0cf07c10dc9e" parentExecutionId="ed6c1f35-a90f-4da3-8d7c-d6c801a269a9" testId="f7330460-b528-23e0-f552-44f6715cd948" testName="OperatorNotEqual_Passing_Valid_Values_Returns_True (Españä)" computerName="PC-SFERRARI" duration="00:00:00.0000178" startTime="2021-05-26T06:51:50.5749737+02:00" endTime="2021-05-26T06:51:50.5756704+02:00" testType="13cdc9d9-ddb5-4fa4-a97d-d965ccfc6d4b" outcome="Passed" testListId="8c84fa94-04c1-424b-9868-57a2d4851a1d" relativeResultsDirectory="3c488167-4ab4-4879-9064-0cf07c10dc9e" dataRowInfo="4" resultType="DataDrivenDataRow" />
        <UnitTestResult executionId="6fefc4d9-04aa-4fc6-ba31-e3f910815bd2" parentExecutionId="ed6c1f35-a90f-4da3-8d7c-d6c801a269a9" testId="f7330460-b528-23e0-f552-44f6715cd948" testName="OperatorNotEqual_Passing_Valid_Values_Returns_True (Españâ)" computerName="PC-SFERRARI" duration="00:00:00.0000170" startTime="2021-05-26T06:51:50.5749737+02:00" endTime="2021-05-26T06:51:50.5756704+02:00" testType="13cdc9d9-ddb5-4fa4-a97d-d965ccfc6d4b" outcome="Passed" testListId="8c84fa94-04c1-424b-9868-57a2d4851a1d" relativeResultsDirectory="6fefc4d9-04aa-4fc6-ba31-e3f910815bd2" dataRowInfo="5" resultType="DataDrivenDataRow" />
        <UnitTestResult executionId="73e0e27e-9daf-4bc5-b7a8-ffe05bad524e" parentExecutionId="ed6c1f35-a90f-4da3-8d7c-d6c801a269a9" testId="f7330460-b528-23e0-f552-44f6715cd948" testName="OperatorNotEqual_Passing_Valid_Values_Returns_True (Españã)" computerName="PC-SFERRARI" duration="00:00:00.0000177" startTime="2021-05-26T06:51:50.5749737+02:00" endTime="2021-05-26T06:51:50.5756704+02:00" testType="13cdc9d9-ddb5-4fa4-a97d-d965ccfc6d4b" outcome="Passed" testListId="8c84fa94-04c1-424b-9868-57a2d4851a1d" relativeResultsDirectory="73e0e27e-9daf-4bc5-b7a8-ffe05bad524e" dataRowInfo="6" resultType="DataDrivenDataRow" />
        <UnitTestResult executionId="925eb7e4-3b74-422f-a572-f56c0d42e6ba" parentExecutionId="ed6c1f35-a90f-4da3-8d7c-d6c801a269a9" testId="f7330460-b528-23e0-f552-44f6715cd948" testName="OperatorNotEqual_Passing_Valid_Values_Returns_True (Españç)" computerName="PC-SFERRARI" duration="00:00:00.0000187" startTime="2021-05-26T06:51:50.5749737+02:00" endTime="2021-05-26T06:51:50.5756704+02:00" testType="13cdc9d9-ddb5-4fa4-a97d-d965ccfc6d4b" outcome="Passed" testListId="8c84fa94-04c1-424b-9868-57a2d4851a1d" relativeResultsDirectory="925eb7e4-3b74-422f-a572-f56c0d42e6ba" dataRowInfo="7" resultType="DataDrivenDataRow" />
        <UnitTestResult executionId="493cc6fd-d7d4-429f-96ca-d8ffc2a19458" parentExecutionId="ed6c1f35-a90f-4da3-8d7c-d6c801a269a9" testId="f7330460-b528-23e0-f552-44f6715cd948" testName="OperatorNotEqual_Passing_Valid_Values_Returns_True (Españħ)" computerName="PC-SFERRARI" duration="00:00:00.0000187" startTime="2021-05-26T06:51:50.5749737+02:00" endTime="2021-05-26T06:51:50.5756704+02:00" testType="13cdc9d9-ddb5-4fa4-a97d-d965ccfc6d4b" outcome="Passed" testListId="8c84fa94-04c1-424b-9868-57a2d4851a1d" relativeResultsDirectory="493cc6fd-d7d4-429f-96ca-d8ffc2a19458" dataRowInfo="8" resultType="DataDrivenDataRow" />
        <UnitTestResult executionId="91a04887-d52e-4f4e-b33b-9d54841eb65a" parentExecutionId="ed6c1f35-a90f-4da3-8d7c-d6c801a269a9" testId="f7330460-b528-23e0-f552-44f6715cd948" testName="OperatorNotEqual_Passing_Valid_Values_Returns_True (Esp añâ)" computerName="PC-SFERRARI" duration="00:00:00.0000176" startTime="2021-05-26T06:51:50.5749737+02:00" endTime="2021-05-26T06:51:50.5756704+02:00" testType="13cdc9d9-ddb5-4fa4-a97d-d965ccfc6d4b" outcome="Passed" testListId="8c84fa94-04c1-424b-9868-57a2d4851a1d" relativeResultsDirectory="91a04887-d52e-4f4e-b33b-9d54841eb65a" dataRowInfo="9" resultType="DataDrivenDataRow" />
      </InnerResults>
    </UnitTestResult>
    <UnitTestResult executionId="acaac70a-ebe6-48a6-b719-c5767a1d44b8" testId="f2e092d4-d663-ae2f-6d89-847a0ae86968" testName="ToString_Passing_Valid_Values_Returns_Name" computerName="PC-SFERRARI" duration="00:00:00.0005891" startTime="2021-05-26T06:51:50.5870759+02:00" endTime="2021-05-26T06:51:50.5878648+02:00" testType="13cdc9d9-ddb5-4fa4-a97d-d965ccfc6d4b" outcome="Passed" testListId="8c84fa94-04c1-424b-9868-57a2d4851a1d" relativeResultsDirectory="acaac70a-ebe6-48a6-b719-c5767a1d44b8" resultType="DataDrivenTest">
      <InnerResults>
        <UnitTestResult executionId="f8ad738e-c212-4cbf-83a1-8fd28bb51c4f" parentExecutionId="acaac70a-ebe6-48a6-b719-c5767a1d44b8" testId="f2e092d4-d663-ae2f-6d89-847a0ae86968" testName="ToString_Passing_Valid_Values_Returns_Name (España)" computerName="PC-SFERRARI" duration="00:00:00.0003041" startTime="2021-05-26T06:51:50.5870759+02:00" endTime="2021-05-26T06:51:50.5878648+02:00" testType="13cdc9d9-ddb5-4fa4-a97d-d965ccfc6d4b" outcome="Passed" testListId="8c84fa94-04c1-424b-9868-57a2d4851a1d" relativeResultsDirectory="f8ad738e-c212-4cbf-83a1-8fd28bb51c4f" dataRowInfo="1" resultType="DataDrivenDataRow" />
        <UnitTestResult executionId="cb7528b1-e0ac-476a-b533-12ca42791082" parentExecutionId="acaac70a-ebe6-48a6-b719-c5767a1d44b8" testId="f2e092d4-d663-ae2f-6d89-847a0ae86968" testName="ToString_Passing_Valid_Values_Returns_Name (Españá)" computerName="PC-SFERRARI" duration="00:00:00.0000175" startTime="2021-05-26T06:51:50.5870759+02:00" endTime="2021-05-26T06:51:50.5878648+02:00" testType="13cdc9d9-ddb5-4fa4-a97d-d965ccfc6d4b" outcome="Passed" testListId="8c84fa94-04c1-424b-9868-57a2d4851a1d" relativeResultsDirectory="cb7528b1-e0ac-476a-b533-12ca42791082" dataRowInfo="2" resultType="DataDrivenDataRow" />
        <UnitTestResult executionId="3d1e85bd-bfc3-44ca-a53f-949f29f8eebd" parentExecutionId="acaac70a-ebe6-48a6-b719-c5767a1d44b8" testId="f2e092d4-d663-ae2f-6d89-847a0ae86968" testName="ToString_Passing_Valid_Values_Returns_Name (Españà)" computerName="PC-SFERRARI" duration="00:00:00.0000116" startTime="2021-05-26T06:51:50.5870759+02:00" endTime="2021-05-26T06:51:50.5878648+02:00" testType="13cdc9d9-ddb5-4fa4-a97d-d965ccfc6d4b" outcome="Passed" testListId="8c84fa94-04c1-424b-9868-57a2d4851a1d" relativeResultsDirectory="3d1e85bd-bfc3-44ca-a53f-949f29f8eebd" dataRowInfo="3" resultType="DataDrivenDataRow" />
        <UnitTestResult executionId="6f5f0ae9-f4d6-4556-a8c7-a9df254c031d" parentExecutionId="acaac70a-ebe6-48a6-b719-c5767a1d44b8" testId="f2e092d4-d663-ae2f-6d89-847a0ae86968" testName="ToString_Passing_Valid_Values_Returns_Name (Españä)" computerName="PC-SFERRARI" duration="00:00:00.0000149" startTime="2021-05-26T06:51:50.5870759+02:00" endTime="2021-05-26T06:51:50.5878648+02:00" testType="13cdc9d9-ddb5-4fa4-a97d-d965ccfc6d4b" outcome="Passed" testListId="8c84fa94-04c1-424b-9868-57a2d4851a1d" relativeResultsDirectory="6f5f0ae9-f4d6-4556-a8c7-a9df254c031d" dataRowInfo="4" resultType="DataDrivenDataRow" />
        <UnitTestResult executionId="cd6ef62e-8c07-41b4-8bfc-d2280d831ba4" parentExecutionId="acaac70a-ebe6-48a6-b719-c5767a1d44b8" testId="f2e092d4-d663-ae2f-6d89-847a0ae86968" testName="ToString_Passing_Valid_Values_Returns_Name (Españâ)" computerName="PC-SFERRARI" duration="00:00:00.0000109" startTime="2021-05-26T06:51:50.5870759+02:00" endTime="2021-05-26T06:51:50.5878648+02:00" testType="13cdc9d9-ddb5-4fa4-a97d-d965ccfc6d4b" outcome="Passed" testListId="8c84fa94-04c1-424b-9868-57a2d4851a1d" relativeResultsDirectory="cd6ef62e-8c07-41b4-8bfc-d2280d831ba4" dataRowInfo="5" resultType="DataDrivenDataRow" />
        <UnitTestResult executionId="0ceffc23-3f08-459b-b637-31325b31b0ba" parentExecutionId="acaac70a-ebe6-48a6-b719-c5767a1d44b8" testId="f2e092d4-d663-ae2f-6d89-847a0ae86968" testName="ToString_Passing_Valid_Values_Returns_Name (Españã)" computerName="PC-SFERRARI" duration="00:00:00.0000145" startTime="2021-05-26T06:51:50.5870759+02:00" endTime="2021-05-26T06:51:50.5878648+02:00" testType="13cdc9d9-ddb5-4fa4-a97d-d965ccfc6d4b" outcome="Passed" testListId="8c84fa94-04c1-424b-9868-57a2d4851a1d" relativeResultsDirectory="0ceffc23-3f08-459b-b637-31325b31b0ba" dataRowInfo="6" resultType="DataDrivenDataRow" />
        <UnitTestResult executionId="20b19ec7-0d94-4f5c-be58-6a53b1f6cf06" parentExecutionId="acaac70a-ebe6-48a6-b719-c5767a1d44b8" testId="f2e092d4-d663-ae2f-6d89-847a0ae86968" testName="ToString_Passing_Valid_Values_Returns_Name (Españç)" computerName="PC-SFERRARI" duration="00:00:00.0000105" startTime="2021-05-26T06:51:50.5870759+02:00" endTime="2021-05-26T06:51:50.5878648+02:00" testType="13cdc9d9-ddb5-4fa4-a97d-d965ccfc6d4b" outcome="Passed" testListId="8c84fa94-04c1-424b-9868-57a2d4851a1d" relativeResultsDirectory="20b19ec7-0d94-4f5c-be58-6a53b1f6cf06" dataRowInfo="7" resultType="DataDrivenDataRow" />
        <UnitTestResult executionId="a93631ba-e1fa-4355-8a6d-8abaa4a0c2f2" parentExecutionId="acaac70a-ebe6-48a6-b719-c5767a1d44b8" testId="f2e092d4-d663-ae2f-6d89-847a0ae86968" testName="ToString_Passing_Valid_Values_Returns_Name (Españħ)" computerName="PC-SFERRARI" duration="00:00:00.0000174" startTime="2021-05-26T06:51:50.5870759+02:00" endTime="2021-05-26T06:51:50.5878648+02:00" testType="13cdc9d9-ddb5-4fa4-a97d-d965ccfc6d4b" outcome="Passed" testListId="8c84fa94-04c1-424b-9868-57a2d4851a1d" relativeResultsDirectory="a93631ba-e1fa-4355-8a6d-8abaa4a0c2f2" dataRowInfo="8" resultType="DataDrivenDataRow" />
        <UnitTestResult executionId="951c5d26-7474-4f6a-9840-6edae87c5bf9" parentExecutionId="acaac70a-ebe6-48a6-b719-c5767a1d44b8" testId="f2e092d4-d663-ae2f-6d89-847a0ae86968" testName="ToString_Passing_Valid_Values_Returns_Name (Esp añâ)" computerName="PC-SFERRARI" duration="00:00:00.0000107" startTime="2021-05-26T06:51:50.5870759+02:00" endTime="2021-05-26T06:51:50.5878648+02:00" testType="13cdc9d9-ddb5-4fa4-a97d-d965ccfc6d4b" outcome="Passed" testListId="8c84fa94-04c1-424b-9868-57a2d4851a1d" relativeResultsDirectory="951c5d26-7474-4f6a-9840-6edae87c5bf9" dataRowInfo="9" resultType="DataDrivenDataRow" />
      </InnerResults>
    </UnitTestResult>
    <UnitTestResult executionId="63159c30-c5f9-4faa-9f39-ee6670a4cdd8" testId="fe3ab238-f960-1d99-07e6-892c4c0d0c46" testName="Equals_Passing_Valid_Distinct_Values_Returns_False" computerName="PC-SFERRARI" duration="00:00:00.0033518" startTime="2021-05-26T06:51:50.4964084+02:00" endTime="2021-05-26T06:51:50.4999486+02:00" testType="13cdc9d9-ddb5-4fa4-a97d-d965ccfc6d4b" outcome="Passed" testListId="8c84fa94-04c1-424b-9868-57a2d4851a1d" relativeResultsDirectory="63159c30-c5f9-4faa-9f39-ee6670a4cdd8" resultType="DataDrivenTest">
      <InnerResults>
        <UnitTestResult executionId="acb1ab53-03b8-4e25-a724-a6df7a69be86" parentExecutionId="63159c30-c5f9-4faa-9f39-ee6670a4cdd8" testId="fe3ab238-f960-1d99-07e6-892c4c0d0c46" testName="Equals_Passing_Valid_Distinct_Values_Returns_False (100,EUR,2)" computerName="PC-SFERRARI" duration="00:00:00.0017890" startTime="2021-05-26T06:51:50.4964084+02:00" endTime="2021-05-26T06:51:50.4999486+02:00" testType="13cdc9d9-ddb5-4fa4-a97d-d965ccfc6d4b" outcome="Passed" testListId="8c84fa94-04c1-424b-9868-57a2d4851a1d" relativeResultsDirectory="acb1ab53-03b8-4e25-a724-a6df7a69be86" dataRowInfo="1" resultType="DataDrivenDataRow" />
        <UnitTestResult executionId="a40d54a4-a2f8-47c9-93e7-8e3efc0e2f44" parentExecutionId="63159c30-c5f9-4faa-9f39-ee6670a4cdd8" testId="fe3ab238-f960-1d99-07e6-892c4c0d0c46" testName="Equals_Passing_Valid_Distinct_Values_Returns_False (200,EUR,4)" computerName="PC-SFERRARI" duration="00:00:00.0007355" startTime="2021-05-26T06:51:50.4964084+02:00" endTime="2021-05-26T06:51:50.4999486+02:00" testType="13cdc9d9-ddb5-4fa4-a97d-d965ccfc6d4b" outcome="Passed" testListId="8c84fa94-04c1-424b-9868-57a2d4851a1d" relativeResultsDirectory="a40d54a4-a2f8-47c9-93e7-8e3efc0e2f44" dataRowInfo="2" resultType="DataDrivenDataRow" />
        <UnitTestResult executionId="a3b6caa8-7425-4c6f-a05e-213def74f34b" parentExecutionId="63159c30-c5f9-4faa-9f39-ee6670a4cdd8" testId="fe3ab238-f960-1d99-07e6-892c4c0d0c46" testName="Equals_Passing_Valid_Distinct_Values_Returns_False (400,EUR,8)" computerName="PC-SFERRARI" duration="00:00:00.0006755" startTime="2021-05-26T06:51:50.4964084+02:00" endTime="2021-05-26T06:51:50.4999486+02:00" testType="13cdc9d9-ddb5-4fa4-a97d-d965ccfc6d4b" outcome="Passed" testListId="8c84fa94-04c1-424b-9868-57a2d4851a1d" relativeResultsDirectory="a3b6caa8-7425-4c6f-a05e-213def74f34b" dataRowInfo="3" resultType="DataDrivenDataRow" />
      </InnerResults>
    </UnitTestResult>
    <UnitTestResult executionId="f8a4af95-a639-432a-8a92-20af247c103d" testId="3825a6bf-15ba-3ddd-7270-3610d4ba1398" testName="ToEnum_Passing_Invalid_Int_Name_Enumeracion_Returns_Null" computerName="PC-SFERRARI" duration="00:00:00.0003124" startTime="2021-05-26T06:51:50.6686934+02:00" endTime="2021-05-26T06:51:50.6690959+02:00" testType="13cdc9d9-ddb5-4fa4-a97d-d965ccfc6d4b" outcome="Passed" testListId="8c84fa94-04c1-424b-9868-57a2d4851a1d" relativeResultsDirectory="f8a4af95-a639-432a-8a92-20af247c103d" />
    <UnitTestResult executionId="250bc308-3aad-4829-bf48-1b4f53722aad" testId="b90b8524-89a6-7598-57e6-f81fc0f2da6d" testName="Create_Passing_Valid_Values_Returns_StringId" computerName="PC-SFERRARI" duration="00:00:00.0002041" startTime="2021-05-26T06:51:50.6129603+02:00" endTime="2021-05-26T06:51:50.6132848+02:00" testType="13cdc9d9-ddb5-4fa4-a97d-d965ccfc6d4b" outcome="Passed" testListId="8c84fa94-04c1-424b-9868-57a2d4851a1d" relativeResultsDirectory="250bc308-3aad-4829-bf48-1b4f53722aad" resultType="DataDrivenTest">
      <InnerResults>
        <UnitTestResult executionId="b027e257-479f-4d7d-a529-6b5a581f9525" parentExecutionId="250bc308-3aad-4829-bf48-1b4f53722aad" testId="b90b8524-89a6-7598-57e6-f81fc0f2da6d" testName="Create_Passing_Valid_Values_Returns_StringId (Tenerife)" computerName="PC-SFERRARI" duration="00:00:00.0001350" startTime="2021-05-26T06:51:50.6129603+02:00" endTime="2021-05-26T06:51:50.6132848+02:00" testType="13cdc9d9-ddb5-4fa4-a97d-d965ccfc6d4b" outcome="Passed" testListId="8c84fa94-04c1-424b-9868-57a2d4851a1d" relativeResultsDirectory="b027e257-479f-4d7d-a529-6b5a581f9525" dataRowInfo="1" resultType="DataDrivenDataRow" />
        <UnitTestResult executionId="e3504b69-96cd-45cf-8485-59524fe4bcd4" parentExecutionId="250bc308-3aad-4829-bf48-1b4f53722aad" testId="b90b8524-89a6-7598-57e6-f81fc0f2da6d" testName="Create_Passing_Valid_Values_Returns_StringId (Espania)" computerName="PC-SFERRARI" duration="00:00:00.0000059" startTime="2021-05-26T06:51:50.6129603+02:00" endTime="2021-05-26T06:51:50.6132848+02:00" testType="13cdc9d9-ddb5-4fa4-a97d-d965ccfc6d4b" outcome="Passed" testListId="8c84fa94-04c1-424b-9868-57a2d4851a1d" relativeResultsDirectory="e3504b69-96cd-45cf-8485-59524fe4bcd4" dataRowInfo="2" resultType="DataDrivenDataRow" />
      </InnerResults>
    </UnitTestResult>
    <UnitTestResult executionId="7fe580bf-8d13-41a5-afa0-e05e04c65683" testId="7fd04506-4241-b8b1-2349-8e867be6fbef" testName="ToEnum_Passing_Invalid_Int_Name_Enumeracion_Returns_Null" computerName="PC-SFERRARI" duration="00:00:00.0008249" startTime="2021-05-26T06:51:50.3114878+02:00" endTime="2021-05-26T06:51:50.3124075+02:00" testType="13cdc9d9-ddb5-4fa4-a97d-d965ccfc6d4b" outcome="Passed" testListId="8c84fa94-04c1-424b-9868-57a2d4851a1d" relativeResultsDirectory="7fe580bf-8d13-41a5-afa0-e05e04c65683" />
    <UnitTestResult executionId="060e6ded-7cf5-4976-9a96-52348abe2139" testId="e9f12af5-5c0d-5f0d-b569-bb58f1d198e2" testName="OperatorEqual_Passing_Valid_Values_Returns_True" computerName="PC-SFERRARI" duration="00:00:00.0005512" startTime="2021-05-26T06:51:50.5643310+02:00" endTime="2021-05-26T06:51:50.5650749+02:00" testType="13cdc9d9-ddb5-4fa4-a97d-d965ccfc6d4b" outcome="Passed" testListId="8c84fa94-04c1-424b-9868-57a2d4851a1d" relativeResultsDirectory="060e6ded-7cf5-4976-9a96-52348abe2139" resultType="DataDrivenTest">
      <InnerResults>
        <UnitTestResult executionId="8ade8e1b-5f4f-4716-8cf5-77c7e2b9b8c5" parentExecutionId="060e6ded-7cf5-4976-9a96-52348abe2139" testId="e9f12af5-5c0d-5f0d-b569-bb58f1d198e2" testName="OperatorEqual_Passing_Valid_Values_Returns_True (España)" computerName="PC-SFERRARI" duration="00:00:00.0002198" startTime="2021-05-26T06:51:50.5643310+02:00" endTime="2021-05-26T06:51:50.5650749+02:00" testType="13cdc9d9-ddb5-4fa4-a97d-d965ccfc6d4b" outcome="Passed" testListId="8c84fa94-04c1-424b-9868-57a2d4851a1d" relativeResultsDirectory="8ade8e1b-5f4f-4716-8cf5-77c7e2b9b8c5" dataRowInfo="1" resultType="DataDrivenDataRow" />
        <UnitTestResult executionId="738d9d9d-a665-4cfa-a365-b59731c22743" parentExecutionId="060e6ded-7cf5-4976-9a96-52348abe2139" testId="e9f12af5-5c0d-5f0d-b569-bb58f1d198e2" testName="OperatorEqual_Passing_Valid_Values_Returns_True (Españá)" computerName="PC-SFERRARI" duration="00:00:00.0000201" startTime="2021-05-26T06:51:50.5643310+02:00" endTime="2021-05-26T06:51:50.5650749+02:00" testType="13cdc9d9-ddb5-4fa4-a97d-d965ccfc6d4b" outcome="Passed" testListId="8c84fa94-04c1-424b-9868-57a2d4851a1d" relativeResultsDirectory="738d9d9d-a665-4cfa-a365-b59731c22743" dataRowInfo="2" resultType="DataDrivenDataRow" />
        <UnitTestResult executionId="cbf73fbe-b024-4e54-a742-bcb2d336fb96" parentExecutionId="060e6ded-7cf5-4976-9a96-52348abe2139" testId="e9f12af5-5c0d-5f0d-b569-bb58f1d198e2" testName="OperatorEqual_Passing_Valid_Values_Returns_True (Españà)" computerName="PC-SFERRARI" duration="00:00:00.0000186" startTime="2021-05-26T06:51:50.5643310+02:00" endTime="2021-05-26T06:51:50.5650749+02:00" testType="13cdc9d9-ddb5-4fa4-a97d-d965ccfc6d4b" outcome="Passed" testListId="8c84fa94-04c1-424b-9868-57a2d4851a1d" relativeResultsDirectory="cbf73fbe-b024-4e54-a742-bcb2d336fb96" dataRowInfo="3" resultType="DataDrivenDataRow" />
        <UnitTestResult executionId="cb8faa55-d777-4578-85cf-ce3e37d8a236" parentExecutionId="060e6ded-7cf5-4976-9a96-52348abe2139" testId="e9f12af5-5c0d-5f0d-b569-bb58f1d198e2" testName="OperatorEqual_Passing_Valid_Values_Returns_True (Españä)" computerName="PC-SFERRARI" duration="00:00:00.0000199" startTime="2021-05-26T06:51:50.5643310+02:00" endTime="2021-05-26T06:51:50.5650749+02:00" testType="13cdc9d9-ddb5-4fa4-a97d-d965ccfc6d4b" outcome="Passed" testListId="8c84fa94-04c1-424b-9868-57a2d4851a1d" relativeResultsDirectory="cb8faa55-d777-4578-85cf-ce3e37d8a236" dataRowInfo="4" resultType="DataDrivenDataRow" />
        <UnitTestResult executionId="ca7eaf2d-0dc5-4f2f-a5ca-374655e28da5" parentExecutionId="060e6ded-7cf5-4976-9a96-52348abe2139" testId="e9f12af5-5c0d-5f0d-b569-bb58f1d198e2" testName="OperatorEqual_Passing_Valid_Values_Returns_True (Españâ)" computerName="PC-SFERRARI" duration="00:00:00.0000182" startTime="2021-05-26T06:51:50.5643310+02:00" endTime="2021-05-26T06:51:50.5650749+02:00" testType="13cdc9d9-ddb5-4fa4-a97d-d965ccfc6d4b" outcome="Passed" testListId="8c84fa94-04c1-424b-9868-57a2d4851a1d" relativeResultsDirectory="ca7eaf2d-0dc5-4f2f-a5ca-374655e28da5" dataRowInfo="5" resultType="DataDrivenDataRow" />
        <UnitTestResult executionId="c5d8d301-a19e-4c90-9c8b-dc47013152f4" parentExecutionId="060e6ded-7cf5-4976-9a96-52348abe2139" testId="e9f12af5-5c0d-5f0d-b569-bb58f1d198e2" testName="OperatorEqual_Passing_Valid_Values_Returns_True (Españã)" computerName="PC-SFERRARI" duration="00:00:00.0000191" startTime="2021-05-26T06:51:50.5643310+02:00" endTime="2021-05-26T06:51:50.5650749+02:00" testType="13cdc9d9-ddb5-4fa4-a97d-d965ccfc6d4b" outcome="Passed" testListId="8c84fa94-04c1-424b-9868-57a2d4851a1d" relativeResultsDirectory="c5d8d301-a19e-4c90-9c8b-dc47013152f4" dataRowInfo="6" resultType="DataDrivenDataRow" />
        <UnitTestResult executionId="af2f338b-af2d-40df-8ffd-ffe3f507b20a" parentExecutionId="060e6ded-7cf5-4976-9a96-52348abe2139" testId="e9f12af5-5c0d-5f0d-b569-bb58f1d198e2" testName="OperatorEqual_Passing_Valid_Values_Returns_True (Españç)" computerName="PC-SFERRARI" duration="00:00:00.0000190" startTime="2021-05-26T06:51:50.5643310+02:00" endTime="2021-05-26T06:51:50.5650749+02:00" testType="13cdc9d9-ddb5-4fa4-a97d-d965ccfc6d4b" outcome="Passed" testListId="8c84fa94-04c1-424b-9868-57a2d4851a1d" relativeResultsDirectory="af2f338b-af2d-40df-8ffd-ffe3f507b20a" dataRowInfo="7" resultType="DataDrivenDataRow" />
        <UnitTestResult executionId="44c42b5e-c4b1-4cba-96e6-bd0cf51c05cf" parentExecutionId="060e6ded-7cf5-4976-9a96-52348abe2139" testId="e9f12af5-5c0d-5f0d-b569-bb58f1d198e2" testName="OperatorEqual_Passing_Valid_Values_Returns_True (Españħ)" computerName="PC-SFERRARI" duration="00:00:00.0000160" startTime="2021-05-26T06:51:50.5643310+02:00" endTime="2021-05-26T06:51:50.5650749+02:00" testType="13cdc9d9-ddb5-4fa4-a97d-d965ccfc6d4b" outcome="Passed" testListId="8c84fa94-04c1-424b-9868-57a2d4851a1d" relativeResultsDirectory="44c42b5e-c4b1-4cba-96e6-bd0cf51c05cf" dataRowInfo="8" resultType="DataDrivenDataRow" />
        <UnitTestResult executionId="a1d908b4-5f94-4f31-a2a4-285353e78aaa" parentExecutionId="060e6ded-7cf5-4976-9a96-52348abe2139" testId="e9f12af5-5c0d-5f0d-b569-bb58f1d198e2" testName="OperatorEqual_Passing_Valid_Values_Returns_True (Esp añâ)" computerName="PC-SFERRARI" duration="00:00:00.0000178" startTime="2021-05-26T06:51:50.5643310+02:00" endTime="2021-05-26T06:51:50.5650749+02:00" testType="13cdc9d9-ddb5-4fa4-a97d-d965ccfc6d4b" outcome="Passed" testListId="8c84fa94-04c1-424b-9868-57a2d4851a1d" relativeResultsDirectory="a1d908b4-5f94-4f31-a2a4-285353e78aaa" dataRowInfo="9" resultType="DataDrivenDataRow" />
      </InnerResults>
    </UnitTestResult>
    <UnitTestResult executionId="39936f13-fb2e-4c58-8583-bfebec903cc9" testId="c5c29f75-9d50-53de-8312-18164417d08c" testName="OperatorEqual_Passing_Valid_Distinct_Values_Returns_False" computerName="PC-SFERRARI" duration="00:00:00.0001912" startTime="2021-05-26T06:51:50.6868582+02:00" endTime="2021-05-26T06:51:50.6871287+02:00" testType="13cdc9d9-ddb5-4fa4-a97d-d965ccfc6d4b" outcome="Passed" testListId="8c84fa94-04c1-424b-9868-57a2d4851a1d" relativeResultsDirectory="39936f13-fb2e-4c58-8583-bfebec903cc9" resultType="DataDrivenTest">
      <InnerResults>
        <UnitTestResult executionId="eec309b8-9b69-4a08-b9f6-c7712ad3414f" parentExecutionId="39936f13-fb2e-4c58-8583-bfebec903cc9" testId="c5c29f75-9d50-53de-8312-18164417d08c" testName="OperatorEqual_Passing_Valid_Distinct_Values_Returns_False (456,43543543543)" computerName="PC-SFERRARI" duration="00:00:00.0001250" startTime="2021-05-26T06:51:50.6868582+02:00" endTime="2021-05-26T06:51:50.6871287+02:00" testType="13cdc9d9-ddb5-4fa4-a97d-d965ccfc6d4b" outcome="Passed" testListId="8c84fa94-04c1-424b-9868-57a2d4851a1d" relativeResultsDirectory="eec309b8-9b69-4a08-b9f6-c7712ad3414f" dataRowInfo="1" resultType="DataDrivenDataRow" />
        <UnitTestResult executionId="05037120-0c8d-4808-9725-28ba030305b5" parentExecutionId="39936f13-fb2e-4c58-8583-bfebec903cc9" testId="c5c29f75-9d50-53de-8312-18164417d08c" testName="OperatorEqual_Passing_Valid_Distinct_Values_Returns_False (D45,86554654)" computerName="PC-SFERRARI" duration="00:00:00.0000119" startTime="2021-05-26T06:51:50.6868582+02:00" endTime="2021-05-26T06:51:50.6871287+02:00" testType="13cdc9d9-ddb5-4fa4-a97d-d965ccfc6d4b" outcome="Passed" testListId="8c84fa94-04c1-424b-9868-57a2d4851a1d" relativeResultsDirectory="05037120-0c8d-4808-9725-28ba030305b5" dataRowInfo="2" resultType="DataDrivenDataRow" />
      </InnerResults>
    </UnitTestResult>
    <UnitTestResult executionId="fc100718-ffa9-48f1-bbe9-28784b1b8ce8" testId="fc04751a-29b6-34b0-30bc-db8740bebbfc" testName="Equals_Passing_Valid_Values_Returns_False" computerName="PC-SFERRARI" duration="00:00:00.0018596" startTime="2021-05-26T06:51:50.2189954+02:00" endTime="2021-05-26T06:51:50.2210019+02:00" testType="13cdc9d9-ddb5-4fa4-a97d-d965ccfc6d4b" outcome="Passed" testListId="8c84fa94-04c1-424b-9868-57a2d4851a1d" relativeResultsDirectory="fc100718-ffa9-48f1-bbe9-28784b1b8ce8" resultType="DataDrivenTest">
      <InnerResults>
        <UnitTestResult executionId="498b446f-cb43-4f70-a10c-ccb631eb76ec" parentExecutionId="fc100718-ffa9-48f1-bbe9-28784b1b8ce8" testId="fc04751a-29b6-34b0-30bc-db8740bebbfc" testName="Equals_Passing_Valid_Values_Returns_False (Tenerife,23,34567,San Bartoleme De Tirajana,Las Palmas,España)" computerName="PC-SFERRARI" duration="00:00:00.0017004" startTime="2021-05-26T06:51:50.2189954+02:00" endTime="2021-05-26T06:51:50.2210019+02:00" testType="13cdc9d9-ddb5-4fa4-a97d-d965ccfc6d4b" outcome="Passed" testListId="8c84fa94-04c1-424b-9868-57a2d4851a1d" relativeResultsDirectory="498b446f-cb43-4f70-a10c-ccb631eb76ec" dataRowInfo="1" resultType="DataDrivenDataRow" />
        <UnitTestResult executionId="29812a7a-bae3-46aa-940d-1e78dfdee086" parentExecutionId="fc100718-ffa9-48f1-bbe9-28784b1b8ce8" testId="fc04751a-29b6-34b0-30bc-db8740bebbfc" testName="Equals_Passing_Valid_Values_Returns_False (Pader,789,DF7956,Sabadell,Barcelona,España)" computerName="PC-SFERRARI" duration="00:00:00.0000483" startTime="2021-05-26T06:51:50.2189954+02:00" endTime="2021-05-26T06:51:50.2210019+02:00" testType="13cdc9d9-ddb5-4fa4-a97d-d965ccfc6d4b" outcome="Passed" testListId="8c84fa94-04c1-424b-9868-57a2d4851a1d" relativeResultsDirectory="29812a7a-bae3-46aa-940d-1e78dfdee086" dataRowInfo="2" resultType="DataDrivenDataRow" />
      </InnerResults>
    </UnitTestResult>
    <UnitTestResult executionId="5be9a773-0ea0-4148-a3da-86354950b3e7" testId="5d5bf084-272e-970d-5ff6-6e8097ceab4a" testName="Change_Passing_Valid_Values_Returns_Address" computerName="PC-SFERRARI" duration="00:00:00.0068769" startTime="2021-05-26T06:51:50.4791133+02:00" endTime="2021-05-26T06:51:50.4862873+02:00" testType="13cdc9d9-ddb5-4fa4-a97d-d965ccfc6d4b" outcome="Passed" testListId="8c84fa94-04c1-424b-9868-57a2d4851a1d" relativeResultsDirectory="5be9a773-0ea0-4148-a3da-86354950b3e7" resultType="DataDrivenTest">
      <InnerResults>
        <UnitTestResult executionId="caf74774-6f9a-47f0-829c-387bdde7f251" parentExecutionId="5be9a773-0ea0-4148-a3da-86354950b3e7" testId="5d5bf084-272e-970d-5ff6-6e8097ceab4a" testName="Change_Passing_Valid_Values_Returns_Address (100,EUR,2)" computerName="PC-SFERRARI" duration="00:00:00.0040020" startTime="2021-05-26T06:51:50.4791133+02:00" endTime="2021-05-26T06:51:50.4862873+02:00" testType="13cdc9d9-ddb5-4fa4-a97d-d965ccfc6d4b" outcome="Passed" testListId="8c84fa94-04c1-424b-9868-57a2d4851a1d" relativeResultsDirectory="caf74774-6f9a-47f0-829c-387bdde7f251" dataRowInfo="1" resultType="DataDrivenDataRow" />
        <UnitTestResult executionId="7a9d6acc-0605-439e-b3fc-a7ebea95be97" parentExecutionId="5be9a773-0ea0-4148-a3da-86354950b3e7" testId="5d5bf084-272e-970d-5ff6-6e8097ceab4a" testName="Change_Passing_Valid_Values_Returns_Address (200,EUR,4)" computerName="PC-SFERRARI" duration="00:00:00.0019962" startTime="2021-05-26T06:51:50.4791133+02:00" endTime="2021-05-26T06:51:50.4862873+02:00" testType="13cdc9d9-ddb5-4fa4-a97d-d965ccfc6d4b" outcome="Passed" testListId="8c84fa94-04c1-424b-9868-57a2d4851a1d" relativeResultsDirectory="7a9d6acc-0605-439e-b3fc-a7ebea95be97" dataRowInfo="2" resultType="DataDrivenDataRow" />
        <UnitTestResult executionId="e6b1d7c9-c36d-49b0-b314-8eeeead2ef23" parentExecutionId="5be9a773-0ea0-4148-a3da-86354950b3e7" testId="5d5bf084-272e-970d-5ff6-6e8097ceab4a" testName="Change_Passing_Valid_Values_Returns_Address (400,EUR,8)" computerName="PC-SFERRARI" duration="00:00:00.0006793" startTime="2021-05-26T06:51:50.4791133+02:00" endTime="2021-05-26T06:51:50.4862873+02:00" testType="13cdc9d9-ddb5-4fa4-a97d-d965ccfc6d4b" outcome="Passed" testListId="8c84fa94-04c1-424b-9868-57a2d4851a1d" relativeResultsDirectory="e6b1d7c9-c36d-49b0-b314-8eeeead2ef23" dataRowInfo="3" resultType="DataDrivenDataRow" />
      </InnerResults>
    </UnitTestResult>
    <UnitTestResult executionId="7f3d54bb-81b4-441d-ae96-6f23d764cff6" testId="4c90cf97-db04-0e36-a36a-65b359ec9e59" testName="Equals_Passing_Valid_Distinct_Values_Returns_False" computerName="PC-SFERRARI" duration="00:00:00.0019024" startTime="2021-05-26T06:51:50.3988114+02:00" endTime="2021-05-26T06:51:50.4008922+02:00" testType="13cdc9d9-ddb5-4fa4-a97d-d965ccfc6d4b" outcome="Passed" testListId="8c84fa94-04c1-424b-9868-57a2d4851a1d" relativeResultsDirectory="7f3d54bb-81b4-441d-ae96-6f23d764cff6" resultType="DataDrivenTest">
      <InnerResults>
        <UnitTestResult executionId="698623ed-f913-4d4a-ad9a-800d25e6c975" parentExecutionId="7f3d54bb-81b4-441d-ae96-6f23d764cff6" testId="4c90cf97-db04-0e36-a36a-65b359ec9e59" testName="Equals_Passing_Valid_Distinct_Values_Returns_False (dasdasd@dsasd.ff)" computerName="PC-SFERRARI" duration="00:00:00.0017210" startTime="2021-05-26T06:51:50.3988114+02:00" endTime="2021-05-26T06:51:50.4008922+02:00" testType="13cdc9d9-ddb5-4fa4-a97d-d965ccfc6d4b" outcome="Passed" testListId="8c84fa94-04c1-424b-9868-57a2d4851a1d" relativeResultsDirectory="698623ed-f913-4d4a-ad9a-800d25e6c975" dataRowInfo="1" resultType="DataDrivenDataRow" />
        <UnitTestResult executionId="a68d064c-e5f1-422a-b674-acdc2bed6ffe" parentExecutionId="7f3d54bb-81b4-441d-ae96-6f23d764cff6" testId="4c90cf97-db04-0e36-a36a-65b359ec9e59" testName="Equals_Passing_Valid_Distinct_Values_Returns_False (34fsds@sdd.fgg)" computerName="PC-SFERRARI" duration="00:00:00.0000702" startTime="2021-05-26T06:51:50.3988114+02:00" endTime="2021-05-26T06:51:50.4008922+02:00" testType="13cdc9d9-ddb5-4fa4-a97d-d965ccfc6d4b" outcome="Passed" testListId="8c84fa94-04c1-424b-9868-57a2d4851a1d" relativeResultsDirectory="a68d064c-e5f1-422a-b674-acdc2bed6ffe" dataRowInfo="2" resultType="DataDrivenDataRow" />
      </InnerResults>
    </UnitTestResult>
    <UnitTestResult executionId="e126b904-61fc-46af-8b98-567228da9a6f" testId="7f63e5ba-c44d-59a2-d525-2cb0363ac96c" testName="Create_Passing_InvalidOrNull_Value_Returns_ApplicationException" computerName="PC-SFERRARI" duration="00:00:00.0006791" startTime="2021-05-26T06:51:50.6723891+02:00" endTime="2021-05-26T06:51:50.6732250+02:00" testType="13cdc9d9-ddb5-4fa4-a97d-d965ccfc6d4b" outcome="Passed" testListId="8c84fa94-04c1-424b-9868-57a2d4851a1d" relativeResultsDirectory="e126b904-61fc-46af-8b98-567228da9a6f" resultType="DataDrivenTest">
      <InnerResults>
        <UnitTestResult executionId="4f96ed8a-e18f-4f19-a093-0de05c5145f2" parentExecutionId="e126b904-61fc-46af-8b98-567228da9a6f" testId="7f63e5ba-c44d-59a2-d525-2cb0363ac96c" testName="Create_Passing_InvalidOrNull_Value_Returns_ApplicationException (,43543543543)" computerName="PC-SFERRARI" duration="00:00:00.0003839" startTime="2021-05-26T06:51:50.6723891+02:00" endTime="2021-05-26T06:51:50.6732250+02:00" testType="13cdc9d9-ddb5-4fa4-a97d-d965ccfc6d4b" outcome="Passed" testListId="8c84fa94-04c1-424b-9868-57a2d4851a1d" relativeResultsDirectory="4f96ed8a-e18f-4f19-a093-0de05c5145f2" dataRowInfo="1" resultType="DataDrivenDataRow" />
[...]
    <TestEntry testId="b90b8524-89a6-7598-57e6-f81fc0f2da6d" executionId="250bc308-3aad-4829-bf48-1b4f53722aad" testListId="8c84fa94-04c1-424b-9868-57a2d4851a1d" />
    <TestEntry testId="7fd04506-4241-b8b1-2349-8e867be6fbef" executionId="7fe580bf-8d13-41a5-afa0-e05e04c65683" testListId="8c84fa94-04c1-424b-9868-57a2d4851a1d" />
    <TestEntry testId="e9f12af5-5c0d-5f0d-b569-bb58f1d198e2" executionId="060e6ded-7cf5-4976-9a96-52348abe2139" testListId="8c84fa94-04c1-424b-9868-57a2d4851a1d" />
    <TestEntry testId="c5c29f75-9d50-53de-8312-18164417d08c" executionId="39936f13-fb2e-4c58-8583-bfebec903cc9" testListId="8c84fa94-04c1-424b-9868-57a2d4851a1d" />
    <TestEntry testId="fc04751a-29b6-34b0-30bc-db8740bebbfc" executionId="fc100718-ffa9-48f1-bbe9-28784b1b8ce8" testListId="8c84fa94-04c1-424b-9868-57a2d4851a1d" />
    <TestEntry testId="5d5bf084-272e-970d-5ff6-6e8097ceab4a" executionId="5be9a773-0ea0-4148-a3da-86354950b3e7" testListId="8c84fa94-04c1-424b-9868-57a2d4851a1d" />
    <TestEntry testId="4c90cf97-db04-0e36-a36a-65b359ec9e59" executionId="7f3d54bb-81b4-441d-ae96-6f23d764cff6" testListId="8c84fa94-04c1-424b-9868-57a2d4851a1d" />
    <TestEntry testId="7f63e5ba-c44d-59a2-d525-2cb0363ac96c" executionId="e126b904-61fc-46af-8b98-567228da9a6f" testListId="8c84fa94-04c1-424b-9868-57a2d4851a1d" />
    <TestEntry testId="9277a601-5bb0-2bc1-982a-ed71c2b000fa" executionId="361abe0c-431c-4d50-9636-6ea1bba6ddbe" testListId="8c84fa94-04c1-424b-9868-57a2d4851a1d" />
    <TestEntry testId="336a4b3f-0900-f7cb-0d00-611a2347544d" executionId="b9d39f01-acca-437a-988e-1eda457a51e8" testListId="8c84fa94-04c1-424b-9868-57a2d4851a1d" />
    <TestEntry testId="8d7600c8-85e7-f035-9f9f-51a80e994a9a" executionId="ca1cc2af-337a-46e7-833d-792054707fad" testListId="8c84fa94-04c1-424b-9868-57a2d4851a1d" />
    <TestEntry testId="cd159d9c-491e-cea0-3dbb-5894d4cafd31" executionId="d471f274-3d45-43db-bd92-18763668d771" testListId="8c84fa94-04c1-424b-9868-57a2d4851a1d" />
    <TestEntry testId="a31fe255-a9f2-dfdc-2937-103680a980ea" executionId="2cbc0899-9413-4627-8be2-6e656d6e8f8f" testListId="8c84fa94-04c1-424b-9868-57a2d4851a1d" />
    <TestEntry testId="7d5b42e8-50c6-931f-3951-5d53097abf4e" executionId="3b70877b-3f73-472c-bfae-5713be0d7d4d" testListId="8c84fa94-04c1-424b-9868-57a2d4851a1d" />
    <TestEntry testId="f8a148c1-33ab-3f33-4563-51ccfbeb9871" executionId="d29a9962-b12d-40a8-9fe5-907b8826c602" testListId="8c84fa94-04c1-424b-9868-57a2d4851a1d" />
    <TestEntry testId="74b3f1dc-94ca-8be2-33b4-759efaa9b8e8" executionId="e5eda6e5-ed43-4282-8f12-680ff8483746" testListId="8c84fa94-04c1-424b-9868-57a2d4851a1d" />
    <TestEntry testId="bc0c68a9-1876-bb25-d382-c4c45b27b3d9" executionId="b14b4779-7706-4b9a-a783-ccd9387e924f" testListId="8c84fa94-04c1-424b-9868-57a2d4851a1d" />
    <TestEntry testId="9aa3b6bb-9be5-40ee-3b6d-db8c00e38b15" executionId="cba1a053-5332-44ea-80eb-384d6e3c7e9f" testListId="8c84fa94-04c1-424b-9868-57a2d4851a1d" />
    <TestEntry testId="d8455b90-6045-1e3d-c9de-76db4e3d49ed" executionId="a1e3de1c-7f69-4c17-b394-9eda0953d03c" testListId="8c84fa94-04c1-424b-9868-57a2d4851a1d" />
    <TestEntry testId="42204c2d-cae8-e99c-229d-8e372d79bb40" executionId="4824cc58-fc97-4e6e-9d03-8b2cd86cc270" testListId="8c84fa94-04c1-424b-9868-57a2d4851a1d" />
    <TestEntry testId="84e5d156-9c5d-e299-dfaf-587322c60012" executionId="35d680f4-e7ba-448f-9528-d23ae8926b3f" testListId="8c84fa94-04c1-424b-9868-57a2d4851a1d" />
    <TestEntry testId="582ef803-3445-a1eb-d630-9b4dabc719d5" executionId="fd6a3312-6ceb-4cc7-851e-33d52b6764cf" testListId="8c84fa94-04c1-424b-9868-57a2d4851a1d" />
    <TestEntry testId="8010ce30-a236-ec4e-43aa-ea9ebe0ce095" executionId="5cfc4213-10c5-4811-81d4-86889101719b" testListId="8c84fa94-04c1-424b-9868-57a2d4851a1d" />
    <TestEntry testId="37226e78-15f9-d454-011f-5b93613f63ef" executionId="92443014-21f7-4453-af0c-afc696cbebc7" testListId="8c84fa94-04c1-424b-9868-57a2d4851a1d" />
    <TestEntry testId="ca869e78-7943-a46b-7927-1a8ff4fe58af" executionId="ac784425-aad3-44f4-8d5e-aa88b1fb8fd8" testListId="8c84fa94-04c1-424b-9868-57a2d4851a1d" />
    <TestEntry testId="5b029505-cc20-a753-3d33-0e0e266c8841" executionId="c3291777-34c9-47e9-95b1-d486ef44837b" testListId="8c84fa94-04c1-424b-9868-57a2d4851a1d" />
    <TestEntry testId="f8590f4c-8af0-6c5c-7ae1-fa12731b6342" executionId="6480beb8-3fa7-4eb9-85da-8486f2831494" testListId="8c84fa94-04c1-424b-9868-57a2d4851a1d" />
    <TestEntry testId="3ac8ffbb-30b0-a85d-3e7e-8f2f12c4ed12" executionId="cbcb09b0-8a9c-4fd5-85de-0fd33a91dfe9" testListId="8c84fa94-04c1-424b-9868-57a2d4851a1d" />
    <TestEntry testId="383215a1-c7ec-2234-60ab-45389defa320" executionId="e9307f92-8ba2-411f-a2b2-428b1eb063b1" testListId="8c84fa94-04c1-424b-9868-57a2d4851a1d" />
    <TestEntry testId="df298487-0356-51ee-e237-7e10cf339a23" executionId="c4d087bb-4748-4188-9aa7-a164dedda29d" testListId="8c84fa94-04c1-424b-9868-57a2d4851a1d" />
    <TestEntry testId="4ffb1e76-cb8e-8152-5127-75a5ccf2e82d" executionId="2e5a4571-f68f-4a7a-b5bc-5eaa6b60c842" testListId="8c84fa94-04c1-424b-9868-57a2d4851a1d" />
    <TestEntry testId="9c04e34f-7224-62e2-c837-288675a1ae2d" executionId="acd85260-4eef-42a2-afc8-e93c0b84b41d" testListId="8c84fa94-04c1-424b-9868-57a2d4851a1d" />
    <TestEntry testId="0643cd5e-9fb6-9fc5-1c47-3b2be0eeb804" executionId="25c372cc-c50a-48ab-9469-dd3ebc490631" testListId="8c84fa94-04c1-424b-9868-57a2d4851a1d" />
    <TestEntry testId="b64d7059-5563-47f2-0770-51679ab67ac3" executionId="273a5ce4-641b-45f2-83f9-3813c4a0474b" testListId="8c84fa94-04c1-424b-9868-57a2d4851a1d" />
    <TestEntry testId="a73a2e63-3dc6-6b14-a467-c57ee0ec7ec7" executionId="dcf61280-f695-4274-a705-d4b1ece87114" testListId="8c84fa94-04c1-424b-9868-57a2d4851a1d" />
    <TestEntry testId="2ea46394-44f6-bdfd-606e-536cc1a2eef1" executionId="e31dbd54-65a1-41d7-a7e2-1c3fe5daccf4" testListId="8c84fa94-04c1-424b-9868-57a2d4851a1d" />
    <TestEntry testId="b2d1a9e8-2c10-e79d-2a5b-3b612a1cc6ec" executionId="6ae28caf-5a22-41c7-af92-47d9b2858689" testListId="8c84fa94-04c1-424b-9868-57a2d4851a1d" />
    <TestEntry testId="727d300c-09c1-7387-388d-5af13a437f21" executionId="5b7b550b-44c2-4c39-98fb-b4e4b5a2e12d" testListId="8c84fa94-04c1-424b-9868-57a2d4851a1d" />
    <TestEntry testId="7d55952c-7491-2bc1-f80b-6bd31d5146d2" executionId="37505fd0-ac02-4dbd-83dd-eea5843c370a" testListId="8c84fa94-04c1-424b-9868-57a2d4851a1d" />
    <TestEntry testId="28983f02-4f34-fd2a-e2c0-c023f9e83615" executionId="b1514770-bb1b-40b7-b08e-46abeed34bae" testListId="8c84fa94-04c1-424b-9868-57a2d4851a1d" />
    <TestEntry testId="39ea45cc-1ad3-df2f-5644-569d0fae9835" executionId="ab77cdd4-57f7-4f71-a7e2-0284006a5612" testListId="8c84fa94-04c1-424b-9868-57a2d4851a1d" />
    <TestEntry testId="cfc0b506-e5fe-b0db-3d07-04d53340cc58" executionId="b21b2544-e48d-449e-a9d8-57274b313d0f" testListId="8c84fa94-04c1-424b-9868-57a2d4851a1d" />
    <TestEntry testId="99c0f1dd-a954-07f0-474b-96a0626b66a1" executionId="d12cc9d2-e9f2-4871-869c-3f6d02a9c4cd" testListId="8c84fa94-04c1-424b-9868-57a2d4851a1d" />
    <TestEntry testId="6afaec20-42f3-051a-70dd-dd8272a94d57" executionId="b3127a88-cc0f-42f4-b9a2-2ae042f463ee" testListId="8c84fa94-04c1-424b-9868-57a2d4851a1d" />
    <TestEntry testId="f32c4def-2f6e-3a0b-be76-e606178c7f60" executionId="9d42472a-b498-4712-ae4d-43d4755d0a9d" testListId="8c84fa94-04c1-424b-9868-57a2d4851a1d" />
    <TestEntry testId="13846877-4c93-45de-5e9a-d22d164df494" executionId="5c2398c8-44d4-4335-9cc5-4ff5dc6be037" testListId="8c84fa94-04c1-424b-9868-57a2d4851a1d" />
    <TestEntry testId="c00989f1-bbf2-1016-4a5a-81f963501501" executionId="65409b5a-5922-4fb8-ae01-3f15d3fb991d" testListId="8c84fa94-04c1-424b-9868-57a2d4851a1d" />
    <TestEntry testId="d4dac023-52df-82e8-5be4-d4d0b7642e67" executionId="20e44a02-614a-419f-8eb6-5504dad5ec3c" testListId="8c84fa94-04c1-424b-9868-57a2d4851a1d" />
    <TestEntry testId="860a3ab5-e4fc-cad4-fe40-328241e258f0" executionId="900bf531-bf90-4a63-bd29-b234e78c0c5d" testListId="8c84fa94-04c1-424b-9868-57a2d4851a1d" />
    <TestEntry testId="3c73a262-4233-759f-902c-9ce564f1c4ad" executionId="551afadb-ebc6-473e-8a18-548ae59274b5" testListId="8c84fa94-04c1-424b-9868-57a2d4851a1d" />
    <TestEntry testId="1e6a5935-eb94-a549-f349-b1500900cd98" executionId="3bf01248-c5c8-4174-98b6-725bc0308ce4" testListId="8c84fa94-04c1-424b-9868-57a2d4851a1d" />
    <TestEntry testId="0188a360-d0e8-2f3a-f2c3-d07e54094df7" executionId="098670ae-0fea-4162-b92c-f5f80b73a1b1" testListId="8c84fa94-04c1-424b-9868-57a2d4851a1d" />
    <TestEntry testId="c76c5fb3-80cf-3138-b811-ceac3a87cf8e" executionId="920d5958-1d62-4669-a9b0-13253197acbc" testListId="8c84fa94-04c1-424b-9868-57a2d4851a1d" />
    <TestEntry testId="e508c554-ee47-5599-228d-b33f23cc16d0" executionId="5343a4fb-0868-416a-a523-6335e07138c6" testListId="8c84fa94-04c1-424b-9868-57a2d4851a1d" />
    <TestEntry testId="9d4133ce-d100-cb57-5378-7ee78c039307" executionId="84818a19-4ddf-4bb6-ad43-600459b80e2d" testListId="8c84fa94-04c1-424b-9868-57a2d4851a1d" />
    <TestEntry testId="cb3aa70a-148e-24f8-4a0e-08e7b60b3af3" executionId="d6fd82f6-0603-4b11-b38d-1bd0251e178d" testListId="8c84fa94-04c1-424b-9868-57a2d4851a1d" />
    <TestEntry testId="cff35c85-26ba-6235-75c6-1c2564d348c6" executionId="fd16c4a3-217f-4287-8f9b-3830e657acbb" testListId="8c84fa94-04c1-424b-9868-57a2d4851a1d" />
    <TestEntry testId="9b344652-cdde-ed73-1807-0f497ee20572" executionId="6257ffe6-735c-404b-9c0a-586d4e74fa21" testListId="8c84fa94-04c1-424b-9868-57a2d4851a1d" />
    <TestEntry testId="07188371-eb7e-e491-e017-bf959c68f6d1" executionId="d90a5034-dec6-4f13-81b3-9041bdf96df4" testListId="8c84fa94-04c1-424b-9868-57a2d4851a1d" />
    <TestEntry testId="b4fa98e0-ad74-6dc8-23c1-bd54dd325a57" executionId="d8fb5a65-5306-41df-b063-fc7954023cf3" testListId="8c84fa94-04c1-424b-9868-57a2d4851a1d" />
    <TestEntry testId="0d76b1f8-41be-79d6-55e9-d959e165e570" executionId="9bb92a69-7884-4c29-8d9b-06e8412d25f6" testListId="8c84fa94-04c1-424b-9868-57a2d4851a1d" />
    <TestEntry testId="d1ef6d46-1fa5-198f-a0cf-6cba38319a2e" executionId="184df92f-b519-486f-8096-153b5db29d7a" testListId="8c84fa94-04c1-424b-9868-57a2d4851a1d" />
    <TestEntry testId="77e3ceec-23c8-f048-63a2-95c394ee2a67" executionId="7d6d962c-61b8-4b6c-bc2f-3c1df5614371" testListId="8c84fa94-04c1-424b-9868-57a2d4851a1d" />
    <TestEntry testId="81019d0f-1a28-bd30-e939-1d942eb12cd9" executionId="f565d390-a12f-485a-9f1b-493a2fb814d9" testListId="8c84fa94-04c1-424b-9868-57a2d4851a1d" />
    <TestEntry testId="3e808d2f-8050-987c-6881-19992ba1e6c6" executionId="2d4df84c-7f14-446b-844b-b04bf1c4a9c4" testListId="8c84fa94-04c1-424b-9868-57a2d4851a1d" />
    <TestEntry testId="398af0c0-2099-6a75-20f6-c6ae3a70956a" executionId="cc02aec6-1465-43a1-9ed9-748c69685a27" testListId="8c84fa94-04c1-424b-9868-57a2d4851a1d" />
    <TestEntry testId="571ad406-4c46-6d0b-a0ab-0bbddda456a0" executionId="682e80ed-fed1-425e-bd2e-27be7ac20e76" testListId="8c84fa94-04c1-424b-9868-57a2d4851a1d" />
    <TestEntry testId="906ffa0c-cef6-6ab9-9266-275ee0bdf90a" executionId="772a6f42-2455-4afb-8526-57b505175c33" testListId="8c84fa94-04c1-424b-9868-57a2d4851a1d" />
    <TestEntry testId="2bd0308d-019c-fb25-a258-ca5e7ad09231" executionId="ad9f90df-d9e1-4322-aecf-534dfade6350" testListId="8c84fa94-04c1-424b-9868-57a2d4851a1d" />
    <TestEntry testId="7c9f6c94-8d7d-5c31-2b93-fff4124ed3c5" executionId="85e7892f-e4ed-4a8d-ac38-e34b4b5f6c8c" testListId="8c84fa94-04c1-424b-9868-57a2d4851a1d" />
    <TestEntry testId="0331e231-5e2b-199a-2247-9bc7f2606067" executionId="2444735e-7ac5-4d35-9d5a-07c56696e747" testListId="8c84fa94-04c1-424b-9868-57a2d4851a1d" />
    <TestEntry testId="193201d0-a425-c313-33b9-f8d20ace7f79" executionId="cc02fd58-ea82-45f0-96d2-37079f36c531" testListId="8c84fa94-04c1-424b-9868-57a2d4851a1d" />
    <TestEntry testId="4e5c29c7-ea4b-cd65-4b72-7ebf50d57942" executionId="980e7f52-2d37-4713-b362-7249fb5a69b7" testListId="8c84fa94-04c1-424b-9868-57a2d4851a1d" />
    <TestEntry testId="b5816c40-b187-058a-299e-906a7a313317" executionId="7c6f70cd-8318-4171-a345-2e6385b53f98" testListId="8c84fa94-04c1-424b-9868-57a2d4851a1d" />
    <TestEntry testId="fc18fde3-4319-cd9b-8e17-5d2514db3cb2" executionId="c15179bf-5b87-4bb0-a2be-b7d1952bcabe" testListId="8c84fa94-04c1-424b-9868-57a2d4851a1d" />
    <TestEntry testId="e85f4f46-0516-dc12-c91d-ac710b48a15b" executionId="f0dfccc6-3a46-4dc3-9840-0854e1111210" testListId="8c84fa94-04c1-424b-9868-57a2d4851a1d" />
    <TestEntry testId="0c9201c8-8275-74ca-9c91-2d0c4645730b" executionId="5ec1fb4a-6ec0-4a68-8bf8-248d3734a747" testListId="8c84fa94-04c1-424b-9868-57a2d4851a1d" />
    <TestEntry testId="f01f0ea6-f37a-0be9-85c7-e4c1c96ff482" executionId="b2f61596-bdb2-47d7-9a3d-0fd4b27cc22e" testListId="8c84fa94-04c1-424b-9868-57a2d4851a1d" />
    <TestEntry testId="8db31538-892c-3a78-d200-7b8d337bd902" executionId="dde36519-1a57-4150-bf5a-b00062e2ba30" testListId="8c84fa94-04c1-424b-9868-57a2d4851a1d" />
    <TestEntry testId="360a473d-7e1c-2d14-72c9-22f9349ca174" executionId="2eed6241-4606-4b0d-833c-e2593dfec4d4" testListId="8c84fa94-04c1-424b-9868-57a2d4851a1d" />
    <TestEntry testId="5a24c00d-3f9c-ad2d-3249-b671bca7abbb" executionId="582017e7-57d7-4cb6-a334-80e6bb4c6740" testListId="8c84fa94-04c1-424b-9868-57a2d4851a1d" />
    <TestEntry testId="669b24c5-9674-2256-f1f0-ef2ca145c4b1" executionId="f981618e-300a-4860-9538-494e8eafdb49" testListId="8c84fa94-04c1-424b-9868-57a2d4851a1d" />
    <TestEntry testId="62f7691c-736e-bac3-74c9-a2d9d7ac94ae" executionId="0d2e2481-e7a6-405c-94f2-08c7bcbc0cd1" testListId="8c84fa94-04c1-424b-9868-57a2d4851a1d" />
    <TestEntry testId="b80b0b1c-a03f-7462-5741-ff0449349de1" executionId="9f5e728f-e624-4282-89c4-1f1fc8d167f5" testListId="8c84fa94-04c1-424b-9868-57a2d4851a1d" />
    <TestEntry testId="c1c7a090-62ae-a90f-5c47-62eab692b098" executionId="a7becc85-1d52-40bb-a97f-59a8183c810c" testListId="8c84fa94-04c1-424b-9868-57a2d4851a1d" />
    <TestEntry testId="e5e892cf-2006-a955-6ca0-1ec5d852214c" executionId="04677b90-dc4f-48b2-836b-a8b5b95536ee" testListId="8c84fa94-04c1-424b-9868-57a2d4851a1d" />
    <TestEntry testId="60ea3337-b81d-e310-278f-6cd040199409" executionId="68a3cc42-1c0c-4fb5-b469-7779033fdc76" testListId="8c84fa94-04c1-424b-9868-57a2d4851a1d" />
    <TestEntry testId="486d5231-aeb6-594f-38d5-98ce591994a3" executionId="734cf4b2-113c-40b1-a70f-59a64872b3e9" testListId="8c84fa94-04c1-424b-9868-57a2d4851a1d" />
    <TestEntry testId="b7d442c5-0acd-3404-07a7-6a3e90ab8bdd" executionId="ae5503f3-ff79-4e5a-beaa-9d177d976995" testListId="8c84fa94-04c1-424b-9868-57a2d4851a1d" />
    <TestEntry testId="58248327-dbb4-f8f8-c890-f039c6d19d4a" executionId="4963b084-c0c3-4d40-a16b-80d046500bcd" testListId="8c84fa94-04c1-424b-9868-57a2d4851a1d" />
    <TestEntry testId="d72572bb-7928-9c07-ef1f-d247b9026627" executionId="bee9c800-c9f1-4cd5-afa9-8c8064a97174" testListId="8c84fa94-04c1-424b-9868-57a2d4851a1d" />
    <TestEntry testId="9e19d4e4-f7b7-b402-48f1-b671fdae656e" executionId="dfafcbcc-e035-41f0-a247-ae81481d7fc5" testListId="8c84fa94-04c1-424b-9868-57a2d4851a1d" />
    <TestEntry testId="df9ea71b-e3bc-2255-4837-0259a685da18" executionId="4e21420b-fcb6-4fa2-9b31-494a43bad21a" testListId="8c84fa94-04c1-424b-9868-57a2d4851a1d" />
    <TestEntry testId="389a94fb-03f1-a2c7-c8a2-43670b7ac19d" executionId="efc00f95-34e9-4e9a-a7a1-f80d8ed700a5" testListId="8c84fa94-04c1-424b-9868-57a2d4851a1d" />
    <TestEntry testId="cefd6720-8ae8-64f7-ef2a-994381832e74" executionId="a34246bc-0698-423c-bcc2-691dd5a8d8a0" testListId="8c84fa94-04c1-424b-9868-57a2d4851a1d" />
    <TestEntry testId="5b9ad273-899e-043f-1d95-78fcc6790837" executionId="c785c653-9f0a-4947-9014-e04472a6c726" testListId="8c84fa94-04c1-424b-9868-57a2d4851a1d" />
    <TestEntry testId="2cf24b7c-c50c-e047-853f-65e4172e9fe4" executionId="d5c3f14d-4428-4700-828f-924ee369c1f5" testListId="8c84fa94-04c1-424b-9868-57a2d4851a1d" />
    <TestEntry testId="d71963d6-dcff-e7f3-d8f4-94038e2fe289" executionId="002deb08-875d-48a6-906f-46b93c526031" testListId="8c84fa94-04c1-424b-9868-57a2d4851a1d" />
    <TestEntry testId="63f587ad-86e0-a19d-ea1b-305a8e55bb70" executionId="f0d9c574-41c9-4704-b983-0e83867bb559" testListId="8c84fa94-04c1-424b-9868-57a2d4851a1d" />
    <TestEntry testId="ce8720c2-9005-cb90-e9f6-6a9dc1f8339c" executionId="c6dd90a7-110e-402d-bb31-1ad3de1f3a28" testListId="8c84fa94-04c1-424b-9868-57a2d4851a1d" />
    <TestEntry testId="ed57a0e1-ab6e-1fee-9896-d0ba117a6da1" executionId="45e99f0b-942f-43d1-849c-921a18fc97e2" testListId="8c84fa94-04c1-424b-9868-57a2d4851a1d" />
    <TestEntry testId="35cd21bd-ac3d-8082-2cc2-47d7b4ce3a25" executionId="089a1440-c34a-47b0-826f-5568b59e4d0d" testListId="8c84fa94-04c1-424b-9868-57a2d4851a1d" />
    <TestEntry testId="096255cc-daec-f5a9-6a72-452bc7414607" executionId="680dede4-ebd2-4676-8296-0007530d3354" testListId="8c84fa94-04c1-424b-9868-57a2d4851a1d" />
    <TestEntry testId="145667c7-887e-fb55-f15f-87c10ffaa544" executionId="3d446c8e-2acd-43e0-9c0e-39d7048f6864" testListId="8c84fa94-04c1-424b-9868-57a2d4851a1d" />
    <TestEntry testId="7506a243-a238-2665-b1af-67e45659c805" executionId="a13696b0-fa1f-4cb4-b715-ca4caa407195" testListId="8c84fa94-04c1-424b-9868-57a2d4851a1d" />
    <TestEntry testId="4845f67a-9f1a-743f-fdc8-caf62d8a1f4e" executionId="54696adb-4940-4aee-8e70-7d26332869dc" testListId="8c84fa94-04c1-424b-9868-57a2d4851a1d" />
    <TestEntry testId="96c7d001-66b9-71f2-30b3-dc555077fc27" executionId="6e61a694-4b49-4ff9-b731-a0f609ce7f2a" testListId="8c84fa94-04c1-424b-9868-57a2d4851a1d" />
    <TestEntry testId="3265fbd4-437d-4974-fc11-e9c28c6df816" executionId="01e4868e-0292-4b05-bdde-0eebd046d3f8" testListId="8c84fa94-04c1-424b-9868-57a2d4851a1d" />
    <TestEntry testId="4bd13a4c-7389-3430-0358-3a2daf94401d" executionId="f740a170-b4c6-40d5-a9dd-fb69246caf5e" testListId="8c84fa94-04c1-424b-9868-57a2d4851a1d" />
    <TestEntry testId="6dd73256-d9d7-d295-626e-bd95bb1349ab" executionId="8d7db6e8-2275-4cbb-b050-592074d9f91b" testListId="8c84fa94-04c1-424b-9868-57a2d4851a1d" />
    <TestEntry testId="8313da3f-0367-8e6c-c0a1-ae4f5c0df829" executionId="c65c9228-592b-4bcf-8d29-720060e3db63" testListId="8c84fa94-04c1-424b-9868-57a2d4851a1d" />
    <TestEntry testId="0af19e62-2ce3-c36e-7566-bede5dbc71a7" executionId="4f8b5f4f-5f1d-44b4-acc7-0dcfc34462af" testListId="8c84fa94-04c1-424b-9868-57a2d4851a1d" />
    <TestEntry testId="3ee8c477-acc7-2166-b517-722bdd4efb4b" executionId="478b3921-b52d-46a2-b4a5-1a5fc5c6b98f" testListId="8c84fa94-04c1-424b-9868-57a2d4851a1d" />
    <TestEntry testId="b939a012-7d2e-b3be-e613-740fc697b8d4" executionId="64895573-211c-4d1d-adc3-a886895a471f" testListId="8c84fa94-04c1-424b-9868-57a2d4851a1d" />
    <TestEntry testId="13791109-f26f-328b-af66-40d4b88b25f7" executionId="59604c78-1fc1-4265-9c1d-097b8235564d" testListId="8c84fa94-04c1-424b-9868-57a2d4851a1d" />
    <TestEntry testId="3f4c3f71-cc6a-91e9-8105-a3b714346d19" executionId="2a04d3ee-4d0d-48d3-9356-ec6ee37d53e0" testListId="8c84fa94-04c1-424b-9868-57a2d4851a1d" />
    <TestEntry testId="6c6b647e-dbec-34b2-9a32-6c876af9b8dc" executionId="67614f5f-315c-4456-99d2-e57df514f3bd" testListId="8c84fa94-04c1-424b-9868-57a2d4851a1d" />
  </TestEntries>
  <TestLists>
    <TestList name="Resultados sin formato de lista" id="8c84fa94-04c1-424b-9868-57a2d4851a1d" />
    <TestList name="Todos los resultados cargados" id="19431567-8539-422a-85d7-44ee4e166bda" />
  </TestLists>
  <ResultSummary outcome="Completed">
    <Counters total="430" executed="430" passed="430" failed="0" error="0" timeout="0" aborted="0" inconclusive="0" passedButRunAborted="0" notRunnable="0" notExecuted="0" disconnected="0" warning="0" completed="0" inProgress="0" pending="0" />
  </ResultSummary>
</TestRun>