<?xml version="1.0" encoding="utf-8"?>
<TestRun id="adcd67e1-39cd-4caf-9c0e-8883887ae8c6" name="sferrari@PC-SFERRARI 2021-09-23 11:14:24" runUser="PC-SFERRARI\sferrari" xmlns="http://microsoft.com/schemas/VisualStudio/TeamTest/2010">
  <Times creation="2021-09-23T11:14:24.5338193+02:00" queuing="2021-09-23T11:14:24.5338193+02:00" start="2021-09-23T11:14:22.4548163+02:00" finish="2021-09-23T11:14:26.3379894+02:00" />
  <TestSettings name="default" id="85b8a0c5-4297-4c54-af65-5a66e1ee27a5">
    <Deployment runDeploymentRoot="sferrari_PC-SFERRARI_2021-09-23_11_14_24" />
  </TestSettings>
  <Results>
    <UnitTestResult executionId="5284be8b-a64f-471b-bc52-dd487df28f5e" testId="c67139c4-cf47-42d8-ae9a-9b8ecf229e69" testName="Create_Passing_Valid_Values_Returns_Currency (EUR)" computerName="PC-SFERRARI" duration="00:00:00.0004200" startTime="2021-09-23T11:14:24.9131214+02:00" endTime="2021-09-23T11:14:24.9136524+02:00" testType="13cdc9d9-ddb5-4fa4-a97d-d965ccfc6d4b" outcome="Passed" testListId="8c84fa94-04c1-424b-9868-57a2d4851a1d" relativeResultsDirectory="5284be8b-a64f-471b-bc52-dd487df28f5e" />
    <UnitTestResult executionId="e5932e35-a363-4bc1-ac6d-21052b9f5755" testId="31b05359-b6e7-473f-8845-edf154b76f6d" testName="Create_Passing_Valid_Values_Returns_Name (Españá)" computerName="PC-SFERRARI" duration="00:00:00.0000106" startTime="2021-09-23T11:14:25.4655269+02:00" endTime="2021-09-23T11:14:25.4655888+02:00" testType="13cdc9d9-ddb5-4fa4-a97d-d965ccfc6d4b" outcome="Passed" testListId="8c84fa94-04c1-424b-9868-57a2d4851a1d" relativeResultsDirectory="e5932e35-a363-4bc1-ac6d-21052b9f5755" />
    <UnitTestResult executionId="2ff454f3-574d-4f35-bd17-1f020a1f65e0" testId="0ad3c926-1b5a-4f36-a118-c93bd91d4e63" testName="OperatorEqual_Passing_Valid_Values_Returns_True (Españã)" computerName="PC-SFERRARI" duration="00:00:00.0000199" startTime="2021-09-23T11:14:25.4985565+02:00" endTime="2021-09-23T11:14:25.4986448+02:00" testType="13cdc9d9-ddb5-4fa4-a97d-d965ccfc6d4b" outcome="Passed" testListId="8c84fa94-04c1-424b-9868-57a2d4851a1d" relativeResultsDirectory="2ff454f3-574d-4f35-bd17-1f020a1f65e0" />
    <UnitTestResult executionId="3615ef41-8139-43d8-9fd7-e51235fcfa38" testId="97586430-4c50-47f8-a3b7-4b30da40d176" testName="Equals_Passing_Valid_Values_Returns_True (Españá)" computerName="PC-SFERRARI" duration="00:00:00.0000221" startTime="2021-09-23T11:14:25.4780950+02:00" endTime="2021-09-23T11:14:25.4782209+02:00" testType="13cdc9d9-ddb5-4fa4-a97d-d965ccfc6d4b" outcome="Passed" testListId="8c84fa94-04c1-424b-9868-57a2d4851a1d" relativeResultsDirectory="3615ef41-8139-43d8-9fd7-e51235fcfa38" />
    <UnitTestResult executionId="db0a2836-48ce-4b3b-882f-d89136f9b820" testId="809200ce-6b72-4c69-bf9d-76eb68c7d6b5" testName="ToEnum_Passing_Invalid_String_Name_Enumeracion_Returns_Null" computerName="PC-SFERRARI" duration="00:00:00.0001509" startTime="2021-09-23T11:14:24.4191718+02:00" endTime="2021-09-23T11:14:24.4193748+02:00" testType="13cdc9d9-ddb5-4fa4-a97d-d965ccfc6d4b" outcome="Passed" testListId="8c84fa94-04c1-424b-9868-57a2d4851a1d" relativeResultsDirectory="db0a2836-48ce-4b3b-882f-d89136f9b820" />
    <UnitTestResult executionId="a68dea4b-6f2e-4f1d-9662-dc104963b40f" testId="7d7326e6-65bd-4c22-a18e-ef72299a10b1" testName="Create_Passing_Valid_Values_Returns_Name (tenant1)" computerName="PC-SFERRARI" duration="00:00:00.0003369" startTime="2021-09-23T11:14:25.6203161+02:00" endTime="2021-09-23T11:14:25.6208157+02:00" testType="13cdc9d9-ddb5-4fa4-a97d-d965ccfc6d4b" outcome="Passed" testListId="8c84fa94-04c1-424b-9868-57a2d4851a1d" relativeResultsDirectory="a68dea4b-6f2e-4f1d-9662-dc104963b40f" />
    <UnitTestResult executionId="5e9bc8db-c031-4bb5-8bdc-9c4dad8eb729" testId="bca28173-fd9a-44c6-8d2a-89c3c92520a5" testName="OperatorEqual_Passing_Valid_Values_Returns_True (Tenerife,23,34567,San Bartoleme De Tirajana,Las Palmas,España)" computerName="PC-SFERRARI" duration="00:00:00.0003329" startTime="2021-09-23T11:14:24.5262775+02:00" endTime="2021-09-23T11:14:24.5267027+02:00" testType="13cdc9d9-ddb5-4fa4-a97d-d965ccfc6d4b" outcome="Passed" testListId="8c84fa94-04c1-424b-9868-57a2d4851a1d" relativeResultsDirectory="5e9bc8db-c031-4bb5-8bdc-9c4dad8eb729" />
    <UnitTestResult executionId="d6236e8a-42d6-4b9c-b540-6ba8d310b398" testId="9d947ada-7f16-4fbf-924f-e6bba640b745" testName="IsAmex_Passing_Nothing_Returns_True" computerName="PC-SFERRARI" duration="00:00:00.0007466" startTime="2021-09-23T11:14:24.3023195+02:00" endTime="2021-09-23T11:14:24.3032560+02:00" testType="13cdc9d9-ddb5-4fa4-a97d-d965ccfc6d4b" outcome="Passed" testListId="8c84fa94-04c1-424b-9868-57a2d4851a1d" relativeResultsDirectory="d6236e8a-42d6-4b9c-b540-6ba8d310b398" />
    <UnitTestResult executionId="8260790a-5b4e-44f6-a6b2-4344970401d0" testId="203906ba-eb73-4787-84a7-501bfb2cebea" testName="OperatorNotEqual_Passing_Valid_Values_Returns_False (TenantA)" computerName="PC-SFERRARI" duration="00:00:00.0000140" startTime="2021-09-23T11:14:25.6770697+02:00" endTime="2021-09-23T11:14:25.6771594+02:00" testType="13cdc9d9-ddb5-4fa4-a97d-d965ccfc6d4b" outcome="Passed" testListId="8c84fa94-04c1-424b-9868-57a2d4851a1d" relativeResultsDirectory="8260790a-5b4e-44f6-a6b2-4344970401d0" />
    <UnitTestResult executionId="e17ddd42-d73a-435b-9318-cbef94149416" testId="bfd59f83-43e0-41b1-9329-69ff4b673fe8" testName="OperatorEqual_Passing_Valid_Values_Returns_True (Españá)" computerName="PC-SFERRARI" duration="00:00:00.0000283" startTime="2021-09-23T11:14:25.4979019+02:00" endTime="2021-09-23T11:14:25.4980194+02:00" testType="13cdc9d9-ddb5-4fa4-a97d-d965ccfc6d4b" outcome="Passed" testListId="8c84fa94-04c1-424b-9868-57a2d4851a1d" relativeResultsDirectory="e17ddd42-d73a-435b-9318-cbef94149416" />
    <UnitTestResult executionId="7721e1c7-d04d-4f17-8ff2-5ec0bd301393" testId="e8e8a602-d40e-45a6-8c84-207d7924120b" testName="Change_Passing_Valid_Values_Returns_Name" computerName="PC-SFERRARI" duration="00:00:00.0008293" startTime="2021-09-23T11:14:25.4635162+02:00" endTime="2021-09-23T11:14:25.4646761+02:00" testType="13cdc9d9-ddb5-4fa4-a97d-d965ccfc6d4b" outcome="Passed" testListId="8c84fa94-04c1-424b-9868-57a2d4851a1d" relativeResultsDirectory="7721e1c7-d04d-4f17-8ff2-5ec0bd301393" />
    <UnitTestResult executionId="19779d76-75f0-4f90-83db-d2f71d147571" testId="3781cef0-2297-45dd-9472-07e87c4ca315" testName="Create_Passing_InvalidOrNull_Value_Returns_ApplicationException (Tenerife,23,34567,San Bartoleme De Tirajana,Las Palmas,)" computerName="PC-SFERRARI" duration="00:00:00.0250030" startTime="2021-09-23T11:14:24.4725052+02:00" endTime="2021-09-23T11:14:24.5096078+02:00" testType="13cdc9d9-ddb5-4fa4-a97d-d965ccfc6d4b" outcome="Passed" testListId="8c84fa94-04c1-424b-9868-57a2d4851a1d" relativeResultsDirectory="19779d76-75f0-4f90-83db-d2f71d147571" />
    <UnitTestResult executionId="f6ecb9a8-2c8c-4f6f-989a-0ac086c24189" testId="59b4db7e-1f01-47ff-8401-17e453501b9c" testName="ToNormalize_Passing_Valid_Values_Returns_Address_String_Format (aaads@ggg.cc)" computerName="PC-SFERRARI" duration="00:00:00.0002493" startTime="2021-09-23T11:14:25.3226789+02:00" endTime="2021-09-23T11:14:25.3233585+02:00" testType="13cdc9d9-ddb5-4fa4-a97d-d965ccfc6d4b" outcome="Passed" testListId="8c84fa94-04c1-424b-9868-57a2d4851a1d" relativeResultsDirectory="f6ecb9a8-2c8c-4f6f-989a-0ac086c24189" />
    <UnitTestResult executionId="bad54af1-147a-41a3-b107-6e76ab83012e" testId="420f44fc-609f-47fb-9a49-e002ecb2eea6" testName="OperatorEqual_Passing_Valid_Values_Returns_True (TenantA)" computerName="PC-SFERRARI" duration="00:00:00.0000135" startTime="2021-09-23T11:14:25.6664885+02:00" endTime="2021-09-23T11:14:25.6665710+02:00" testType="13cdc9d9-ddb5-4fa4-a97d-d965ccfc6d4b" outcome="Passed" testListId="8c84fa94-04c1-424b-9868-57a2d4851a1d" relativeResultsDirectory="bad54af1-147a-41a3-b107-6e76ab83012e" />
    <UnitTestResult executionId="a4cd8c1d-ae12-423b-a74f-67b5938c10f5" testId="769e6050-8a35-4bc2-8212-85c0e33a48b7" testName="OperatorNotEqual_Passing_Valid_Values_Returns_True (Tenant1)" computerName="PC-SFERRARI" duration="00:00:00.0000153" startTime="2021-09-23T11:14:25.6823944+02:00" endTime="2021-09-23T11:14:25.6825009+02:00" testType="13cdc9d9-ddb5-4fa4-a97d-d965ccfc6d4b" outcome="Passed" testListId="8c84fa94-04c1-424b-9868-57a2d4851a1d" relativeResultsDirectory="a4cd8c1d-ae12-423b-a74f-67b5938c10f5" />
    <UnitTestResult executionId="22c47abe-c8b0-4698-b9fc-0a8928e81818" testId="b4518425-1276-4a3b-ab92-0f8a57a791eb" testName="ToEnum_Passing_Valid_String_Name_Returns_Enumeracion" computerName="PC-SFERRARI" duration="00:00:00.0005642" startTime="2021-09-23T11:14:24.4327514+02:00" endTime="2021-09-23T11:14:24.4341082+02:00" testType="13cdc9d9-ddb5-4fa4-a97d-d965ccfc6d4b" outcome="Passed" testListId="8c84fa94-04c1-424b-9868-57a2d4851a1d" relativeResultsDirectory="22c47abe-c8b0-4698-b9fc-0a8928e81818" />
    <UnitTestResult executionId="1077145f-001a-4cd2-b495-4eb940956209" testId="9626c222-357b-4d27-a6be-d6de0e565f78" testName="ToEnum_Passing_Null_Bool_Value_Returns_Inactive_Status" computerName="PC-SFERRARI" duration="00:00:00.0001855" startTime="2021-09-23T11:14:24.4290454+02:00" endTime="2021-09-23T11:14:24.4293271+02:00" testType="13cdc9d9-ddb5-4fa4-a97d-d965ccfc6d4b" outcome="Passed" testListId="8c84fa94-04c1-424b-9868-57a2d4851a1d" relativeResultsDirectory="1077145f-001a-4cd2-b495-4eb940956209" />
    <UnitTestResult executionId="abdb8d72-e48c-48ea-83bd-4a62cf9d5ebb" testId="e74e24c4-8bc5-41f7-9705-b77b2f0d43e6" testName="OperatorEqual_Passing_Valid_Distinct_Values_Returns_False (TENANT_1)" computerName="PC-SFERRARI" duration="00:00:00.0000297" startTime="2021-09-23T11:14:25.6576341+02:00" endTime="2021-09-23T11:14:25.6578522+02:00" testType="13cdc9d9-ddb5-4fa4-a97d-d965ccfc6d4b" outcome="Passed" testListId="8c84fa94-04c1-424b-9868-57a2d4851a1d" relativeResultsDirectory="abdb8d72-e48c-48ea-83bd-4a62cf9d5ebb" />
    <UnitTestResult executionId="59172380-2805-49ec-8abf-433ce9bc5b83" testId="7240a2a4-204f-487d-9162-9b6c04e6792c" testName="ToString_Passing_Valid_Values_Returns_Value_String_Format (San Bartoleme De Tirajana,Las Palmas)" computerName="PC-SFERRARI" duration="00:00:00.0004897" startTime="2021-09-23T11:14:25.3532348+02:00" endTime="2021-09-23T11:14:25.3538306+02:00" testType="13cdc9d9-ddb5-4fa4-a97d-d965ccfc6d4b" outcome="Passed" testListId="8c84fa94-04c1-424b-9868-57a2d4851a1d" relativeResultsDirectory="59172380-2805-49ec-8abf-433ce9bc5b83" />
    <UnitTestResult executionId="a3a8738c-6adc-4d11-aa94-6c77732daddc" testId="8fc4de20-a5a0-4e40-ba27-57da71d4346e" testName="Equals_Passing_Valid_Values_Returns_True (Tenerife,23,34567,San Bartoleme De Tirajana,Las Palmas,España)" computerName="PC-SFERRARI" duration="00:00:00.0005129" startTime="2021-09-23T11:14:24.5187304+02:00" endTime="2021-09-23T11:14:24.5193449+02:00" testType="13cdc9d9-ddb5-4fa4-a97d-d965ccfc6d4b" outcome="Passed" testListId="8c84fa94-04c1-424b-9868-57a2d4851a1d" relativeResultsDirectory="a3a8738c-6adc-4d11-aa94-6c77732daddc" />
    <UnitTestResult executionId="3c810888-a2b2-4de7-b737-0d292bf62c1e" testId="a0a385c8-b023-4205-bbee-f7d41a7c6282" testName="IsNull_Passing_Null_Value_Returns_True" computerName="PC-SFERRARI" duration="00:00:00.0005900" startTime="2021-09-23T11:14:25.6022060+02:00" endTime="2021-09-23T11:14:25.6029106+02:00" testType="13cdc9d9-ddb5-4fa4-a97d-d965ccfc6d4b" outcome="Passed" testListId="8c84fa94-04c1-424b-9868-57a2d4851a1d" relativeResultsDirectory="3c810888-a2b2-4de7-b737-0d292bf62c1e" />
    <UnitTestResult executionId="d3e00552-150d-46e4-8a58-afb387ebdf43" testId="77987aec-bd78-43ae-8800-f3f920f5e950" testName="IsNull_Passing_Valid_Value_Returns_False (Españç)" computerName="PC-SFERRARI" duration="00:00:00.0000279" startTime="2021-09-23T11:14:25.4892358+02:00" endTime="2021-09-23T11:14:25.4894275+02:00" testType="13cdc9d9-ddb5-4fa4-a97d-d965ccfc6d4b" outcome="Passed" testListId="8c84fa94-04c1-424b-9868-57a2d4851a1d" relativeResultsDirectory="d3e00552-150d-46e4-8a58-afb387ebdf43" />
    <UnitTestResult executionId="4f32e116-90a4-4f2d-9bc2-7f393775d631" testId="48fc08e2-842d-4bfd-8656-2a8b3e1314a9" testName="GetAll_Passing_Nothing_Returns_Enumeracion_List" computerName="PC-SFERRARI" duration="00:00:00.0933228" startTime="2021-09-23T11:14:24.0187347+02:00" endTime="2021-09-23T11:14:24.2879669+02:00" testType="13cdc9d9-ddb5-4fa4-a97d-d965ccfc6d4b" outcome="Passed" testListId="8c84fa94-04c1-424b-9868-57a2d4851a1d" relativeResultsDirectory="4f32e116-90a4-4f2d-9bc2-7f393775d631" />
    <UnitTestResult executionId="49865007-9c5f-49ca-9cdd-00aaab3bd6f3" testId="a3e2e4ed-f884-4022-87dd-e8d6f5b18d59" testName="Create_Passing_Valid_Values_Returns_Subdomain (www.hackerone1-com)" computerName="PC-SFERRARI" duration="00:00:00.0000195" startTime="2021-09-23T11:14:25.5663729+02:00" endTime="2021-09-23T11:14:25.5665261+02:00" testType="13cdc9d9-ddb5-4fa4-a97d-d965ccfc6d4b" outcome="Passed" testListId="8c84fa94-04c1-424b-9868-57a2d4851a1d" relativeResultsDirectory="49865007-9c5f-49ca-9cdd-00aaab3bd6f3" />
    <UnitTestResult executionId="cd65a462-e581-4d4b-b0a7-256f9d24222e" testId="f536aaff-33e4-49dd-8458-7f6e864c275b" testName="IsNull_Passing_Valid_Value_Returns_False (Españä)" computerName="PC-SFERRARI" duration="00:00:00.0000148" startTime="2021-09-23T11:14:25.4858574+02:00" endTime="2021-09-23T11:14:25.4859546+02:00" testType="13cdc9d9-ddb5-4fa4-a97d-d965ccfc6d4b" outcome="Passed" testListId="8c84fa94-04c1-424b-9868-57a2d4851a1d" relativeResultsDirectory="cd65a462-e581-4d4b-b0a7-256f9d24222e" />
    <UnitTestResult executionId="dca34718-21de-42b2-b1ab-7f74bc9dd275" testId="f724d52c-86a9-48b5-983c-c40bf0400e60" testName="OperatorEqual_Passing_Valid_Values_Returns_True (TENANTA)" computerName="PC-SFERRARI" duration="00:00:00.0000143" startTime="2021-09-23T11:14:25.6666232+02:00" endTime="2021-09-23T11:14:25.6667256+02:00" testType="13cdc9d9-ddb5-4fa4-a97d-d965ccfc6d4b" outcome="Passed" testListId="8c84fa94-04c1-424b-9868-57a2d4851a1d" relativeResultsDirectory="dca34718-21de-42b2-b1ab-7f74bc9dd275" />
    <UnitTestResult executionId="6827a989-fb12-4a9a-897a-7243e931bfe2" testId="3be18874-4b60-433c-8b46-55641dbc8912" testName="IsNull_Passing_Valid_Value_Returns_False (TenantA)" computerName="PC-SFERRARI" duration="00:00:00.0000096" startTime="2021-09-23T11:14:25.6500154+02:00" endTime="2021-09-23T11:14:25.6500877+02:00" testType="13cdc9d9-ddb5-4fa4-a97d-d965ccfc6d4b" outcome="Passed" testListId="8c84fa94-04c1-424b-9868-57a2d4851a1d" relativeResultsDirectory="6827a989-fb12-4a9a-897a-7243e931bfe2" />
    <UnitTestResult executionId="e5e30f46-3f37-4e45-a5e7-4e55b2ed9328" testId="e6a5be54-0f78-4467-a517-925d77484a67" testName="Equals_Passing_Valid_Distinct_Values_Returns_False (456,43543543543)" computerName="PC-SFERRARI" duration="00:00:00.0012608" startTime="2021-09-23T11:14:25.5931749+02:00" endTime="2021-09-23T11:14:25.5945336+02:00" testType="13cdc9d9-ddb5-4fa4-a97d-d965ccfc6d4b" outcome="Passed" testListId="8c84fa94-04c1-424b-9868-57a2d4851a1d" relativeResultsDirectory="e5e30f46-3f37-4e45-a5e7-4e55b2ed9328" />
    <UnitTestResult executionId="226aed9c-46b0-4d5f-b83a-3f24dac28c44" testId="a8eeec9f-10d7-4394-8b86-1cc66ef4e933" testName="OperatorNotEqual_Passing_Valid_Values_Returns_True (Pader,789,DF7956,Sabadell,Barcelona,España)" computerName="PC-SFERRARI" duration="00:00:00.0000347" startTime="2021-09-23T11:14:24.5295213+02:00" endTime="2021-09-23T11:14:24.5297191+02:00" testType="13cdc9d9-ddb5-4fa4-a97d-d965ccfc6d4b" outcome="Passed" testListId="8c84fa94-04c1-424b-9868-57a2d4851a1d" relativeResultsDirectory="226aed9c-46b0-4d5f-b83a-3f24dac28c44" />
    <UnitTestResult executionId="90a378bc-51f7-4310-b923-b48c218d2623" testId="d888415f-4b14-4eeb-baa6-6eafd1c3377f" testName="Create_Passing_InvalidOrNull_Value_Returns_ApplicationException ()" computerName="PC-SFERRARI" duration="00:00:00.0004830" startTime="2021-09-23T11:14:25.5358479+02:00" endTime="2021-09-23T11:14:25.5364354+02:00" testType="13cdc9d9-ddb5-4fa4-a97d-d965ccfc6d4b" outcome="Passed" testListId="8c84fa94-04c1-424b-9868-57a2d4851a1d" relativeResultsDirectory="90a378bc-51f7-4310-b923-b48c218d2623" />
    <UnitTestResult executionId="ee260222-1ca7-40f2-b2f3-e239cdb786bf" testId="00b5088c-7ca5-4ca9-8c1d-c2e166eff35c" testName="OperatorNotEqual_Passing_Valid_Values_Returns_True (app.hackerone1.com)" computerName="PC-SFERRARI" duration="00:00:00.0002122" startTime="2021-09-23T11:14:25.5833199+02:00" endTime="2021-09-23T11:14:25.5835978+02:00" testType="13cdc9d9-ddb5-4fa4-a97d-d965ccfc6d4b" outcome="Passed" testListId="8c84fa94-04c1-424b-9868-57a2d4851a1d" relativeResultsDirectory="ee260222-1ca7-40f2-b2f3-e239cdb786bf" />
    <UnitTestResult executionId="5bab89e7-e319-494f-a6a6-efe8bb912a4c" testId="64628c33-e92a-4d4d-9ea0-d776f06376a5" testName="ToString_Passing_Valid_Values_Returns_Currency_String_Symbol (EUR)" computerName="PC-SFERRARI" duration="00:00:00.0011635" startTime="2021-09-23T11:14:24.9293661+02:00" endTime="2021-09-23T11:14:24.9306630+02:00" testType="13cdc9d9-ddb5-4fa4-a97d-d965ccfc6d4b" outcome="Passed" testListId="8c84fa94-04c1-424b-9868-57a2d4851a1d" relativeResultsDirectory="5bab89e7-e319-494f-a6a6-efe8bb912a4c" />
    <UnitTestResult executionId="4d253e34-b00e-4e84-a551-dca7d97bd969" testId="ca768245-c124-4a98-a48e-32758a6d54d5" testName="OperatorNotEqual_Passing_Valid_Values_Returns_False (Españâ)" computerName="PC-SFERRARI" duration="00:00:00.0000190" startTime="2021-09-23T11:14:25.5037746+02:00" endTime="2021-09-23T11:14:25.5038649+02:00" testType="13cdc9d9-ddb5-4fa4-a97d-d965ccfc6d4b" outcome="Passed" testListId="8c84fa94-04c1-424b-9868-57a2d4851a1d" relativeResultsDirectory="4d253e34-b00e-4e84-a551-dca7d97bd969" />
    <UnitTestResult executionId="6107df2b-5cda-4f95-b989-8474d6c173b5" testId="5ff60208-a037-4740-8429-58a9004b4278" testName="OperatorEqual_Passing_Valid_Values_Returns_True (D45,86554654)" computerName="PC-SFERRARI" duration="00:00:00.0000369" startTime="2021-09-23T11:14:25.6092973+02:00" endTime="2021-09-23T11:14:25.6094929+02:00" testType="13cdc9d9-ddb5-4fa4-a97d-d965ccfc6d4b" outcome="Passed" testListId="8c84fa94-04c1-424b-9868-57a2d4851a1d" relativeResultsDirectory="6107df2b-5cda-4f95-b989-8474d6c173b5" />
    <UnitTestResult executionId="c6582b79-c808-4e5d-be8d-d435298313c5" testId="f40d0b41-3556-419b-938f-d42314b72e45" testName="IsNull_Passing_Null_Value_Returns_True" computerName="PC-SFERRARI" duration="00:00:00.0004745" startTime="2021-09-23T11:14:25.1344238+02:00" endTime="2021-09-23T11:14:25.1349840+02:00" testType="13cdc9d9-ddb5-4fa4-a97d-d965ccfc6d4b" outcome="Passed" testListId="8c84fa94-04c1-424b-9868-57a2d4851a1d" relativeResultsDirectory="c6582b79-c808-4e5d-be8d-d435298313c5" />
    <UnitTestResult executionId="47e26113-fabc-43c1-b7be-1055063f2567" testId="aaaff563-8e8d-485e-b56f-71ca8ac2d361" testName="Equals_Passing_Valid_Values_Returns_True (Tenant_1)" computerName="PC-SFERRARI" duration="00:00:00.0000151" startTime="2021-09-23T11:14:25.6378220+02:00" endTime="2021-09-23T11:14:25.6379194+02:00" testType="13cdc9d9-ddb5-4fa4-a97d-d965ccfc6d4b" outcome="Passed" testListId="8c84fa94-04c1-424b-9868-57a2d4851a1d" relativeResultsDirectory="47e26113-fabc-43c1-b7be-1055063f2567" />
    <UnitTestResult executionId="66940458-0e6d-43d9-ab63-c8b814d40d3b" testId="40146100-5a14-4805-aaa3-0a96ef44273f" testName="OperatorEqual_Passing_Valid_Values_Returns_True (Tenant_A)" computerName="PC-SFERRARI" duration="00:00:00.0000188" startTime="2021-09-23T11:14:25.6669543+02:00" endTime="2021-09-23T11:14:25.6670841+02:00" testType="13cdc9d9-ddb5-4fa4-a97d-d965ccfc6d4b" outcome="Passed" testListId="8c84fa94-04c1-424b-9868-57a2d4851a1d" relativeResultsDirectory="66940458-0e6d-43d9-ab63-c8b814d40d3b" />
    <UnitTestResult executionId="c18c84a9-aed6-49af-b340-c7eb5be93b7e" testId="de0ea374-5b97-4f0e-b37b-9898850c6752" testName="Equals_Passing_Valid_Distinct_Values_Returns_False (Tenant1)" computerName="PC-SFERRARI" duration="00:00:00.0000262" startTime="2021-09-23T11:14:25.6285127+02:00" endTime="2021-09-23T11:14:25.6286680+02:00" testType="13cdc9d9-ddb5-4fa4-a97d-d965ccfc6d4b" outcome="Passed" testListId="8c84fa94-04c1-424b-9868-57a2d4851a1d" relativeResultsDirectory="c18c84a9-aed6-49af-b340-c7eb5be93b7e" />
    <UnitTestResult executionId="50835d43-4148-48a3-9ffe-3e070dab992c" testId="abbe2f95-063f-49d6-9116-c6b28baa7ca6" testName="IsNull_Passing_Valid_Value_Returns_False (TENANT_A)" computerName="PC-SFERRARI" duration="00:00:00.0000106" startTime="2021-09-23T11:14:25.6537091+02:00" endTime="2021-09-23T11:14:25.6537868+02:00" testType="13cdc9d9-ddb5-4fa4-a97d-d965ccfc6d4b" outcome="Passed" testListId="8c84fa94-04c1-424b-9868-57a2d4851a1d" relativeResultsDirectory="50835d43-4148-48a3-9ffe-3e070dab992c" />
    <UnitTestResult executionId="bb78e333-88bf-47ed-8d53-780de4ab2b36" testId="737b4cfe-a505-4070-b501-e723211cc49e" testName="IsFree_Passing_Nothing_Returns_True" computerName="PC-SFERRARI" duration="00:00:00.0003085" startTime="2021-09-23T11:14:24.4359733+02:00" endTime="2021-09-23T11:14:24.4363731+02:00" testType="13cdc9d9-ddb5-4fa4-a97d-d965ccfc6d4b" outcome="Passed" testListId="8c84fa94-04c1-424b-9868-57a2d4851a1d" relativeResultsDirectory="bb78e333-88bf-47ed-8d53-780de4ab2b36" />
    <UnitTestResult executionId="ba94fd74-039a-46bd-8ca1-7b0dee777f64" testId="b71948e0-159d-4104-a439-89d5967db7ec" testName="Create_Passing_Valid_Values_Returns_Name (TENANT1)" computerName="PC-SFERRARI" duration="00:00:00.0000122" startTime="2021-09-23T11:14:25.6211216+02:00" endTime="2021-09-23T11:14:25.6212104+02:00" testType="13cdc9d9-ddb5-4fa4-a97d-d965ccfc6d4b" outcome="Passed" testListId="8c84fa94-04c1-424b-9868-57a2d4851a1d" relativeResultsDirectory="ba94fd74-039a-46bd-8ca1-7b0dee777f64" />
    <UnitTestResult executionId="52474dec-7477-46be-b7a3-217bc7226d2c" testId="929acda3-b192-485f-b227-520e9c33ee5d" testName="Equals_Passing_Valid_Distinct_Values_Returns_False (Españã)" computerName="PC-SFERRARI" duration="00:00:00.0000189" startTime="2021-09-23T11:14:25.4714577+02:00" endTime="2021-09-23T11:14:25.4715527+02:00" testType="13cdc9d9-ddb5-4fa4-a97d-d965ccfc6d4b" outcome="Passed" testListId="8c84fa94-04c1-424b-9868-57a2d4851a1d" relativeResultsDirectory="52474dec-7477-46be-b7a3-217bc7226d2c" />
    <UnitTestResult executionId="4694a506-b3d7-496d-8ef1-83cfc7550717" testId="b30aa3ba-ca0c-48f0-b244-cf8e08c87595" testName="ToString_Passing_Valid_Values_Returns_Address_String_Format (Tenerife,23,34567,San Bartoleme De Tirajana,Las Palmas,España)" computerName="PC-SFERRARI" duration="00:00:00.0008169" startTime="2021-09-23T11:14:24.5298964+02:00" endTime="2021-09-23T11:14:24.5338114+02:00" testType="13cdc9d9-ddb5-4fa4-a97d-d965ccfc6d4b" outcome="Passed" testListId="8c84fa94-04c1-424b-9868-57a2d4851a1d" relativeResultsDirectory="4694a506-b3d7-496d-8ef1-83cfc7550717" />
    <UnitTestResult executionId="256897f6-0f43-452f-8fb5-4ea8b341050b" testId="df2e6828-8f02-42d6-86a1-84c4b0a6ef17" testName="OperatorNotEqual_Passing_Valid_Values_Returns_False (Tenerife,23,34567,San Bartoleme De Tirajana,Las Palmas,España)" computerName="PC-SFERRARI" duration="00:00:00.0005279" startTime="2021-09-23T11:14:24.5273751+02:00" endTime="2021-09-23T11:14:24.5282873+02:00" testType="13cdc9d9-ddb5-4fa4-a97d-d965ccfc6d4b" outcome="Passed" testListId="8c84fa94-04c1-424b-9868-57a2d4851a1d" relativeResultsDirectory="256897f6-0f43-452f-8fb5-4ea8b341050b" />
    <UnitTestResult executionId="0f5dc4c8-5289-4bf6-9437-c99a52a97fed" testId="65771d88-516b-43ce-a2e5-ea3f5c063b96" testName="Equals_Passing_Valid_Values_Returns_True (Españâ)" computerName="PC-SFERRARI" duration="00:00:00.0000181" startTime="2021-09-23T11:14:25.4785825+02:00" endTime="2021-09-23T11:14:25.4786660+02:00" testType="13cdc9d9-ddb5-4fa4-a97d-d965ccfc6d4b" outcome="Passed" testListId="8c84fa94-04c1-424b-9868-57a2d4851a1d" relativeResultsDirectory="0f5dc4c8-5289-4bf6-9437-c99a52a97fed" />
    <UnitTestResult executionId="ceff79f3-063f-4eab-948f-3a6d14ef27a0" testId="057b9da5-4e40-4c27-9d05-2cc3614f092d" testName="Equals_Passing_Valid_Values_Returns_True (San Bartoleme De Tirajana,Las Palmas,España)" computerName="PC-SFERRARI" duration="00:00:00.0003796" startTime="2021-09-23T11:14:25.3416634+02:00" endTime="2021-09-23T11:14:25.3421943+02:00" testType="13cdc9d9-ddb5-4fa4-a97d-d965ccfc6d4b" outcome="Passed" testListId="8c84fa94-04c1-424b-9868-57a2d4851a1d" relativeResultsDirectory="ceff79f3-063f-4eab-948f-3a6d14ef27a0" />
    <UnitTestResult executionId="2d68d1a9-e6d1-40fe-bbf1-7a52d5255c0b" testId="43225dc6-444f-407b-8309-8a8d391698be" testName="Create_Passing_Valid_Values_Returns_Address (Pader,789,DF7956,Sabadell,Barcelona,España)" computerName="PC-SFERRARI" duration="00:00:00.0000296" startTime="2021-09-23T11:14:24.5156809+02:00" endTime="2021-09-23T11:14:24.5158428+02:00" testType="13cdc9d9-ddb5-4fa4-a97d-d965ccfc6d4b" outcome="Passed" testListId="8c84fa94-04c1-424b-9868-57a2d4851a1d" relativeResultsDirectory="2d68d1a9-e6d1-40fe-bbf1-7a52d5255c0b" />
    <UnitTestResult executionId="32680c34-5270-4c27-ab4d-e77370b43b75" testId="062c82f8-0822-4cf2-985b-87db7e12b98a" testName="OperatorEqual_Passing_Valid_Values_Returns_True (tenant_1)" computerName="PC-SFERRARI" duration="00:00:00.0000165" startTime="2021-09-23T11:14:25.6657609+02:00" endTime="2021-09-23T11:14:25.6658754+02:00" testType="13cdc9d9-ddb5-4fa4-a97d-d965ccfc6d4b" outcome="Passed" testListId="8c84fa94-04c1-424b-9868-57a2d4851a1d" relativeResultsDirectory="32680c34-5270-4c27-ab4d-e77370b43b75" />
    <UnitTestResult executionId="c0b4d077-f362-4bff-830a-56f1bbb56dfe" testId="3b3f33f6-91c5-4b38-a85e-769e5fd7f3b7" testName="IsMale_Passing_Nothing_Returns_True" computerName="PC-SFERRARI" duration="00:00:00.0002263" startTime="2021-09-23T11:14:24.4185271+02:00" endTime="2021-09-23T11:14:24.4188425+02:00" testType="13cdc9d9-ddb5-4fa4-a97d-d965ccfc6d4b" outcome="Passed" testListId="8c84fa94-04c1-424b-9868-57a2d4851a1d" relativeResultsDirectory="c0b4d077-f362-4bff-830a-56f1bbb56dfe" />
    <UnitTestResult executionId="928a5aa6-4669-48c2-a12a-6692f643f7e6" testId="93c13888-36d6-4f99-8f6d-340eeae7932c" testName="OperatorNotEqual_Passing_Valid_Values_Returns_True (Sabadell,Barcelona,España)" computerName="PC-SFERRARI" duration="00:00:00.0000370" startTime="2021-09-23T11:14:25.3518514+02:00" endTime="2021-09-23T11:14:25.3519663+02:00" testType="13cdc9d9-ddb5-4fa4-a97d-d965ccfc6d4b" outcome="Passed" testListId="8c84fa94-04c1-424b-9868-57a2d4851a1d" relativeResultsDirectory="928a5aa6-4669-48c2-a12a-6692f643f7e6" />
    <UnitTestResult executionId="e1f24b8d-4536-4089-9fea-7fc3d966de60" testId="ffbce500-78f1-42bc-b414-8af6bf11366a" testName="Equals_Passing_Valid_Values_Returns_False (Tenerife,23,34567,San Bartoleme De Tirajana,Las Palmas,España)" computerName="PC-SFERRARI" duration="00:00:00.0022100" startTime="2021-09-23T11:14:24.5159408+02:00" endTime="2021-09-23T11:14:24.5182529+02:00" testType="13cdc9d9-ddb5-4fa4-a97d-d965ccfc6d4b" outcome="Passed" testListId="8c84fa94-04c1-424b-9868-57a2d4851a1d" relativeResultsDirectory="e1f24b8d-4536-4089-9fea-7fc3d966de60" />
    <UnitTestResult executionId="802bd124-cba0-4e2f-b86d-ccb8d17d768f" testId="744dd3da-7705-441e-ad38-449b03882d9a" testName="ToString_Passing_Valid_Values_Returns_Subdomain (www.hackerone-com)" computerName="PC-SFERRARI" duration="00:00:00.0000240" startTime="2021-09-23T11:14:25.5872873+02:00" endTime="2021-09-23T11:14:25.5874276+02:00" testType="13cdc9d9-ddb5-4fa4-a97d-d965ccfc6d4b" outcome="Passed" testListId="8c84fa94-04c1-424b-9868-57a2d4851a1d" relativeResultsDirectory="802bd124-cba0-4e2f-b86d-ccb8d17d768f" />
    <UnitTestResult executionId="2d511dcb-b6b4-4708-bd44-7cedc2e38c76" testId="29c73fbc-4c0e-4c0b-9d07-bd7ddd58378a" testName="IsNull_Passing_Valid_Address_Returns_False (Pader,789,DF7956,Sabadell,Barcelona,España)" computerName="PC-SFERRARI" duration="00:00:00.0000179" startTime="2021-09-23T11:14:24.5211744+02:00" endTime="2021-09-23T11:14:24.5212906+02:00" testType="13cdc9d9-ddb5-4fa4-a97d-d965ccfc6d4b" outcome="Passed" testListId="8c84fa94-04c1-424b-9868-57a2d4851a1d" relativeResultsDirectory="2d511dcb-b6b4-4708-bd44-7cedc2e38c76" />
    <UnitTestResult executionId="53deaafb-12a8-47fe-8eb8-974e50f47887" testId="12c577bf-8a8b-49a6-ab3c-6a6d2fa78483" testName="ToFullString_Passing_Valid_Values_Returns_Value_String_Format (San Bartoleme De Tirajana,Las Palmas,España)" computerName="PC-SFERRARI" duration="00:00:00.0005219" startTime="2021-09-23T11:14:25.3520465+02:00" endTime="2021-09-23T11:14:25.3526460+02:00" testType="13cdc9d9-ddb5-4fa4-a97d-d965ccfc6d4b" outcome="Passed" testListId="8c84fa94-04c1-424b-9868-57a2d4851a1d" relativeResultsDirectory="53deaafb-12a8-47fe-8eb8-974e50f47887" />
    <UnitTestResult executionId="4f0350d3-939c-4168-95f7-d9651def5aa7" testId="81176e33-aedd-4aec-9c6e-4574db652df7" testName="OperatorEqual_Passing_Valid_Distinct_Values_Returns_False (San Bartoleme De Tirajana,Las Palmas,España)" computerName="PC-SFERRARI" duration="00:00:00.0004149" startTime="2021-09-23T11:14:25.3445493+02:00" endTime="2021-09-23T11:14:25.3450535+02:00" testType="13cdc9d9-ddb5-4fa4-a97d-d965ccfc6d4b" outcome="Passed" testListId="8c84fa94-04c1-424b-9868-57a2d4851a1d" relativeResultsDirectory="4f0350d3-939c-4168-95f7-d9651def5aa7" />
    <UnitTestResult executionId="33071065-16f3-4aef-99be-e1949f4a557f" testId="cee04ea8-6dd8-49b4-a62f-9766d882306a" testName="Equals_Passing_Valid_Distinct_Values_Returns_False (TenantA)" computerName="PC-SFERRARI" duration="00:00:00.0000139" startTime="2021-09-23T11:14:25.6331570+02:00" endTime="2021-09-23T11:14:25.6332503+02:00" testType="13cdc9d9-ddb5-4fa4-a97d-d965ccfc6d4b" outcome="Passed" testListId="8c84fa94-04c1-424b-9868-57a2d4851a1d" relativeResultsDirectory="33071065-16f3-4aef-99be-e1949f4a557f" />
    <UnitTestResult executionId="2d87d226-43cc-4196-951b-b4fe34b18ee0" testId="eb909fec-7cc7-4caf-abe4-6838f08c5fb5" testName="ToNormalize_Passing_Valid_Values_Returns_Name_String_Format (Españà,Espana)" computerName="PC-SFERRARI" duration="00:00:00.0000425" startTime="2021-09-23T11:14:25.5241518+02:00" endTime="2021-09-23T11:14:25.5242732+02:00" testType="13cdc9d9-ddb5-4fa4-a97d-d965ccfc6d4b" outcome="Passed" testListId="8c84fa94-04c1-424b-9868-57a2d4851a1d" relativeResultsDirectory="2d87d226-43cc-4196-951b-b4fe34b18ee0" />
    <UnitTestResult executionId="6e84a2c2-1ff6-4328-8366-8e03360d0769" testId="14a00c5f-ec84-49be-90c2-6dcfed1c3c2d" testName="OperatorNotEqual_Passing_Valid_Values_Returns_False (456,43543543543)" computerName="PC-SFERRARI" duration="00:00:00.0003058" startTime="2021-09-23T11:14:25.6096331+02:00" endTime="2021-09-23T11:14:25.6100508+02:00" testType="13cdc9d9-ddb5-4fa4-a97d-d965ccfc6d4b" outcome="Passed" testListId="8c84fa94-04c1-424b-9868-57a2d4851a1d" relativeResultsDirectory="6e84a2c2-1ff6-4328-8366-8e03360d0769" />
    <UnitTestResult executionId="58c15757-ac79-4d6e-b87f-7a6a34c8bbf5" testId="23413e3d-4804-4dd6-8d75-96580ddfbc2c" testName="OperatorNotEqual_Passing_Valid_Values_Returns_True (San Bartoleme De Tirajana,Las Palmas,España)" computerName="PC-SFERRARI" duration="00:00:00.0002839" startTime="2021-09-23T11:14:25.3514092+02:00" endTime="2021-09-23T11:14:25.3517714+02:00" testType="13cdc9d9-ddb5-4fa4-a97d-d965ccfc6d4b" outcome="Passed" testListId="8c84fa94-04c1-424b-9868-57a2d4851a1d" relativeResultsDirectory="58c15757-ac79-4d6e-b87f-7a6a34c8bbf5" />
    <UnitTestResult executionId="710f98c3-cdc3-4d28-bcbb-ba106f92a7e1" testId="55f0cfe2-5166-4e02-8ba3-dd72464a2261" testName="OperatorEqual_Passing_Valid_Values_Returns_True (tenant1)" computerName="PC-SFERRARI" duration="00:00:00.0004079" startTime="2021-09-23T11:14:25.6601519+02:00" endTime="2021-09-23T11:14:25.6606875+02:00" testType="13cdc9d9-ddb5-4fa4-a97d-d965ccfc6d4b" outcome="Passed" testListId="8c84fa94-04c1-424b-9868-57a2d4851a1d" relativeResultsDirectory="710f98c3-cdc3-4d28-bcbb-ba106f92a7e1" />
    <UnitTestResult executionId="561ca299-a547-45fd-8ecb-a9a0bae31a38" testId="5460649a-c72a-4586-85ed-da61e87b497a" testName="Equals_Passing_Valid_Values_Returns_True (34fsds@sdd.fgg)" computerName="PC-SFERRARI" duration="00:00:00.0000353" startTime="2021-09-23T11:14:25.1342765+02:00" endTime="2021-09-23T11:14:25.1343855+02:00" testType="13cdc9d9-ddb5-4fa4-a97d-d965ccfc6d4b" outcome="Passed" testListId="8c84fa94-04c1-424b-9868-57a2d4851a1d" relativeResultsDirectory="561ca299-a547-45fd-8ecb-a9a0bae31a38" />
    <UnitTestResult executionId="922f900d-34ec-4423-8408-b0b27eb7456a" testId="4c7cdacf-edd7-470b-8f0e-2c965e1489e2" testName="Equals_Passing_Valid_Values_Returns_True (Tenant_A)" computerName="PC-SFERRARI" duration="00:00:00.0000162" startTime="2021-09-23T11:14:25.6393392+02:00" endTime="2021-09-23T11:14:25.6394237+02:00" testType="13cdc9d9-ddb5-4fa4-a97d-d965ccfc6d4b" outcome="Passed" testListId="8c84fa94-04c1-424b-9868-57a2d4851a1d" relativeResultsDirectory="922f900d-34ec-4423-8408-b0b27eb7456a" />
    <UnitTestResult executionId="9800b428-a9f7-4fa2-9cd8-7d97d8b8926d" testId="d862f380-632e-484e-a263-829e3b6e34ad" testName="OperatorNotEqual_Passing_Valid_Values_Returns_True (Españħ)" computerName="PC-SFERRARI" duration="00:00:00.0000225" startTime="2021-09-23T11:14:25.5196116+02:00" endTime="2021-09-23T11:14:25.5198855+02:00" testType="13cdc9d9-ddb5-4fa4-a97d-d965ccfc6d4b" outcome="Passed" testListId="8c84fa94-04c1-424b-9868-57a2d4851a1d" relativeResultsDirectory="9800b428-a9f7-4fa2-9cd8-7d97d8b8926d" />
    <UnitTestResult executionId="d46ab56e-ad58-4902-882a-9c44b3ac4c4e" testId="ff11afd3-3088-4fcc-a88d-e3b47318e315" testName="OperatorNotEqual_Passing_Valid_Values_Returns_False (TENANT_A)" computerName="PC-SFERRARI" duration="00:00:00.0000133" startTime="2021-09-23T11:14:25.6817889+02:00" endTime="2021-09-23T11:14:25.6818736+02:00" testType="13cdc9d9-ddb5-4fa4-a97d-d965ccfc6d4b" outcome="Passed" testListId="8c84fa94-04c1-424b-9868-57a2d4851a1d" relativeResultsDirectory="d46ab56e-ad58-4902-882a-9c44b3ac4c4e" />
    <UnitTestResult executionId="fa35ab38-54a4-4fe2-9afe-7884b6d8a087" testId="cf275656-f58a-44fd-84bd-7c2fdcd0965a" testName="IsNull_Passing_Valid_Value_Returns_False (tenant_A)" computerName="PC-SFERRARI" duration="00:00:00.0000131" startTime="2021-09-23T11:14:25.6534213+02:00" endTime="2021-09-23T11:14:25.6535143+02:00" testType="13cdc9d9-ddb5-4fa4-a97d-d965ccfc6d4b" outcome="Passed" testListId="8c84fa94-04c1-424b-9868-57a2d4851a1d" relativeResultsDirectory="fa35ab38-54a4-4fe2-9afe-7884b6d8a087" />
    <UnitTestResult executionId="bff07179-756c-412b-862d-53456335e09a" testId="df8f69b9-92a5-42c0-b8cf-9225cdd87273" testName="OperatorEqual_Passing_Valid_Values_Returns_False (Pader,789,DF7956,Sabadell,Barcelona,España)" computerName="PC-SFERRARI" duration="00:00:00.0000460" startTime="2021-09-23T11:14:24.5260026+02:00" endTime="2021-09-23T11:14:24.5261750+02:00" testType="13cdc9d9-ddb5-4fa4-a97d-d965ccfc6d4b" outcome="Passed" testListId="8c84fa94-04c1-424b-9868-57a2d4851a1d" relativeResultsDirectory="bff07179-756c-412b-862d-53456335e09a" />
    <UnitTestResult executionId="d97782bb-a099-4677-9efa-db1943406a2d" testId="5dcd119f-b0c3-4755-89a5-e9b83dc3c99d" testName="Create_Passing_Valid_Values_Returns_Name (tenant_A)" computerName="PC-SFERRARI" duration="00:00:00.0000219" startTime="2021-09-23T11:14:25.6256088+02:00" endTime="2021-09-23T11:14:25.6257637+02:00" testType="13cdc9d9-ddb5-4fa4-a97d-d965ccfc6d4b" outcome="Passed" testListId="8c84fa94-04c1-424b-9868-57a2d4851a1d" relativeResultsDirectory="d97782bb-a099-4677-9efa-db1943406a2d" />
    <UnitTestResult executionId="aee93646-404f-4066-8cde-9eb73f03cc7a" testId="24f7a32a-8a28-4ccc-ade9-bdedf49909a1" testName="Equals_Passing_Valid_Values_Returns_False (Pader,789,DF7956,Sabadell,Barcelona,España)" computerName="PC-SFERRARI" duration="00:00:00.0000369" startTime="2021-09-23T11:14:24.5184244+02:00" endTime="2021-09-23T11:14:24.5185967+02:00" testType="13cdc9d9-ddb5-4fa4-a97d-d965ccfc6d4b" outcome="Passed" testListId="8c84fa94-04c1-424b-9868-57a2d4851a1d" relativeResultsDirectory="aee93646-404f-4066-8cde-9eb73f03cc7a" />
    <UnitTestResult executionId="437adbb4-4526-4780-8113-080eb95158fd" testId="17c08cad-c141-45d6-b94f-03837d7be98f" testName="OperatorEqual_Passing_Valid_Values_Returns_True (TENANT_1)" computerName="PC-SFERRARI" duration="00:00:00.0000122" startTime="2021-09-23T11:14:25.6661896+02:00" endTime="2021-09-23T11:14:25.6662742+02:00" testType="13cdc9d9-ddb5-4fa4-a97d-d965ccfc6d4b" outcome="Passed" testListId="8c84fa94-04c1-424b-9868-57a2d4851a1d" relativeResultsDirectory="437adbb4-4526-4780-8113-080eb95158fd" />
    <UnitTestResult executionId="af92b5c4-fec5-435d-a282-9e4691a55517" testId="87146429-17ee-4f52-8809-33a495f2de00" testName="OperatorEqual_Passing_Valid_Distinct_Values_Returns_False (www.hackerone-com)" computerName="PC-SFERRARI" duration="00:00:00.0000208" startTime="2021-09-23T11:14:25.5761179+02:00" endTime="2021-09-23T11:14:25.5762211+02:00" testType="13cdc9d9-ddb5-4fa4-a97d-d965ccfc6d4b" outcome="Passed" testListId="8c84fa94-04c1-424b-9868-57a2d4851a1d" relativeResultsDirectory="af92b5c4-fec5-435d-a282-9e4691a55517" />
    <UnitTestResult executionId="7e822585-2e5d-43f3-b081-e7a76c972ddb" testId="0a17a18c-5e07-4ccc-a3a2-92376fe91570" testName="OperatorNotEqual_Passing_Valid_Values_Returns_False (TENANT_1)" computerName="PC-SFERRARI" duration="00:00:00.0000153" startTime="2021-09-23T11:14:25.6766630+02:00" endTime="2021-09-23T11:14:25.6767867+02:00" testType="13cdc9d9-ddb5-4fa4-a97d-d965ccfc6d4b" outcome="Passed" testListId="8c84fa94-04c1-424b-9868-57a2d4851a1d" relativeResultsDirectory="7e822585-2e5d-43f3-b081-e7a76c972ddb" />
    <UnitTestResult executionId="422c2497-fa7a-4efd-bde4-6939c5cb4214" testId="29f3bfe7-1718-4f68-ba66-70946f46fa9a" testName="OperatorEqual_Passing_Valid_Distinct_Values_Returns_False (stage_hackerone.com)" computerName="PC-SFERRARI" duration="00:00:00.0000193" startTime="2021-09-23T11:14:25.5762742+02:00" endTime="2021-09-23T11:14:25.5763532+02:00" testType="13cdc9d9-ddb5-4fa4-a97d-d965ccfc6d4b" outcome="Passed" testListId="8c84fa94-04c1-424b-9868-57a2d4851a1d" relativeResultsDirectory="422c2497-fa7a-4efd-bde4-6939c5cb4214" />
    <UnitTestResult executionId="c5fd5ac7-f296-4737-9538-fafd993b2701" testId="ba65157f-0836-46c8-a8bd-6fc60e21bace" testName="OperatorNotEqual_Passing_Valid_Values_Returns_True (100,EUR,2)" computerName="PC-SFERRARI" duration="00:00:00.0018924" startTime="2021-09-23T11:14:25.4482428+02:00" endTime="2021-09-23T11:14:25.4502722+02:00" testType="13cdc9d9-ddb5-4fa4-a97d-d965ccfc6d4b" outcome="Passed" testListId="8c84fa94-04c1-424b-9868-57a2d4851a1d" relativeResultsDirectory="c5fd5ac7-f296-4737-9538-fafd993b2701" />
    <UnitTestResult executionId="791b0565-4784-417e-b0a0-49cf40d71504" testId="5c7dcd23-acb5-4037-b3ea-4ab7a4273ac7" testName="Create_Passing_InvalidOrNull_Value_Returns_ApplicationException ()" computerName="PC-SFERRARI" duration="00:00:00.0000534" startTime="2021-09-23T11:14:25.0906521+02:00" endTime="2021-09-23T11:14:25.0907824+02:00" testType="13cdc9d9-ddb5-4fa4-a97d-d965ccfc6d4b" outcome="Passed" testListId="8c84fa94-04c1-424b-9868-57a2d4851a1d" relativeResultsDirectory="791b0565-4784-417e-b0a0-49cf40d71504" />
    <UnitTestResult executionId="4c89cb8a-1ac6-4bbd-930b-d2c7f7cec0ca" testId="5b36283b-ff07-4b54-af7f-4a4be3d06efa" testName="Equals_Passing_Valid_Distinct_Values_Returns_False (TENANT1)" computerName="PC-SFERRARI" duration="00:00:00.0003764" startTime="2021-09-23T11:14:25.6287410+02:00" endTime="2021-09-23T11:14:25.6292516+02:00" testType="13cdc9d9-ddb5-4fa4-a97d-d965ccfc6d4b" outcome="Passed" testListId="8c84fa94-04c1-424b-9868-57a2d4851a1d" relativeResultsDirectory="4c89cb8a-1ac6-4bbd-930b-d2c7f7cec0ca" />
    <UnitTestResult executionId="0ffc2314-11fe-49a2-aa9d-a517832f9ee0" testId="1b8e2a60-4cff-4afd-9959-5b41a9596f94" testName="Equals_Passing_Valid_Distinct_Values_Returns_False (Tenant_1)" computerName="PC-SFERRARI" duration="00:00:00.0000143" startTime="2021-09-23T11:14:25.6297232+02:00" endTime="2021-09-23T11:14:25.6298180+02:00" testType="13cdc9d9-ddb5-4fa4-a97d-d965ccfc6d4b" outcome="Passed" testListId="8c84fa94-04c1-424b-9868-57a2d4851a1d" relativeResultsDirectory="0ffc2314-11fe-49a2-aa9d-a517832f9ee0" />
    <UnitTestResult executionId="9d40f0a1-54bb-4630-b640-800988792f8e" testId="b03dd574-1cb0-44c4-827e-fc42bb8085b7" testName="Equals_Passing_Valid_Values_Returns_True (Sabadell,Barcelona,España)" computerName="PC-SFERRARI" duration="00:00:00.0000635" startTime="2021-09-23T11:14:25.3423377+02:00" endTime="2021-09-23T11:14:25.3425176+02:00" testType="13cdc9d9-ddb5-4fa4-a97d-d965ccfc6d4b" outcome="Passed" testListId="8c84fa94-04c1-424b-9868-57a2d4851a1d" relativeResultsDirectory="9d40f0a1-54bb-4630-b640-800988792f8e" />
    <UnitTestResult executionId="1200e558-2a74-407f-9958-98cc9b0e3933" testId="ae83b998-6e25-45af-9de0-dc07257462a1" testName="OperatorEqual_Passing_Valid_Values_Returns_True (dasdasd@dsasd.ff)" computerName="PC-SFERRARI" duration="00:00:00.0002900" startTime="2021-09-23T11:14:25.1389326+02:00" endTime="2021-09-23T11:14:25.1393127+02:00" testType="13cdc9d9-ddb5-4fa4-a97d-d965ccfc6d4b" outcome="Passed" testListId="8c84fa94-04c1-424b-9868-57a2d4851a1d" relativeResultsDirectory="1200e558-2a74-407f-9958-98cc9b0e3933" />
    <UnitTestResult executionId="c1b2f407-1afd-465d-8685-03cf0bfff429" testId="cf33975d-b1ef-4689-bf97-c93a0b26843b" testName="ToString_Passing_Valid_Values_Returns_Name (TENANT_1)" computerName="PC-SFERRARI" duration="00:00:00.0000120" startTime="2021-09-23T11:14:25.6949030+02:00" endTime="2021-09-23T11:14:25.6950097+02:00" testType="13cdc9d9-ddb5-4fa4-a97d-d965ccfc6d4b" outcome="Passed" testListId="8c84fa94-04c1-424b-9868-57a2d4851a1d" relativeResultsDirectory="c1b2f407-1afd-465d-8685-03cf0bfff429" />
    <UnitTestResult executionId="c56aafc0-a9c4-4487-a218-c6cb134769ee" testId="dd119895-9939-4078-94e6-a3727986a8a8" testName="ToString_Passing_Valid_Values_Returns_Name (TENANT_A)" computerName="PC-SFERRARI" duration="00:00:00.0000222" startTime="2021-09-23T11:14:25.6991549+02:00" endTime="2021-09-23T11:14:25.6993188+02:00" testType="13cdc9d9-ddb5-4fa4-a97d-d965ccfc6d4b" outcome="Passed" testListId="8c84fa94-04c1-424b-9868-57a2d4851a1d" relativeResultsDirectory="c56aafc0-a9c4-4487-a218-c6cb134769ee" />
    <UnitTestResult executionId="d8d15a99-c25a-4f5b-903b-10b357d60666" testId="c6c43f6a-069e-4376-85c7-7893586026f8" testName="OperatorEqual_Passing_Valid_Distinct_Values_Returns_False (200,EUR,4)" computerName="PC-SFERRARI" duration="00:00:00.0021103" startTime="2021-09-23T11:14:25.4300654+02:00" endTime="2021-09-23T11:14:25.4323213+02:00" testType="13cdc9d9-ddb5-4fa4-a97d-d965ccfc6d4b" outcome="Passed" testListId="8c84fa94-04c1-424b-9868-57a2d4851a1d" relativeResultsDirectory="d8d15a99-c25a-4f5b-903b-10b357d60666" />
    <UnitTestResult executionId="faf1b3b3-1db1-438c-8627-e7a748e024d9" testId="733aa12c-489f-47ca-aded-eed4e9cd0271" testName="ToEnum_Passing_Valid_String_ShortName_Enumeracion_Returns_Enumeracion" computerName="PC-SFERRARI" duration="00:00:00.0001131" startTime="2021-09-23T11:14:24.4198184+02:00" endTime="2021-09-23T11:14:24.4199914+02:00" testType="13cdc9d9-ddb5-4fa4-a97d-d965ccfc6d4b" outcome="Passed" testListId="8c84fa94-04c1-424b-9868-57a2d4851a1d" relativeResultsDirectory="faf1b3b3-1db1-438c-8627-e7a748e024d9" />
    <UnitTestResult executionId="bb31daa6-3231-46e2-9aef-3527ab022022" testId="c4ca35eb-a96e-4ddb-92b4-844f80b1c11b" testName="Equals_Passing_Valid_Distinct_Values_Returns_False (34fsds@sdd.fgg)" computerName="PC-SFERRARI" duration="00:00:00.0000615" startTime="2021-09-23T11:14:25.1336107+02:00" endTime="2021-09-23T11:14:25.1337935+02:00" testType="13cdc9d9-ddb5-4fa4-a97d-d965ccfc6d4b" outcome="Passed" testListId="8c84fa94-04c1-424b-9868-57a2d4851a1d" relativeResultsDirectory="bb31daa6-3231-46e2-9aef-3527ab022022" />
    <UnitTestResult executionId="89732aab-4e1d-42ab-b343-7bd7f9876eac" testId="fd3337fa-6c61-495d-8a7a-ad7943d460a8" testName="Equals_Passing_Valid_Distinct_Values_Returns_False (tenant_A)" computerName="PC-SFERRARI" duration="00:00:00.0000129" startTime="2021-09-23T11:14:25.6334579+02:00" endTime="2021-09-23T11:14:25.6335408+02:00" testType="13cdc9d9-ddb5-4fa4-a97d-d965ccfc6d4b" outcome="Passed" testListId="8c84fa94-04c1-424b-9868-57a2d4851a1d" relativeResultsDirectory="89732aab-4e1d-42ab-b343-7bd7f9876eac" />
    <UnitTestResult executionId="c61251db-4976-455c-b2ab-ee26053a1678" testId="0ba3cdd4-9512-4f7b-9abb-04bb6587b82b" testName="ToEnum_Passing_Valid_Int_value_Returns_Enumeracion" computerName="PC-SFERRARI" duration="00:00:00.0011608" startTime="2021-09-23T11:14:24.4302653+02:00" endTime="2021-09-23T11:14:24.4318693+02:00" testType="13cdc9d9-ddb5-4fa4-a97d-d965ccfc6d4b" outcome="Passed" testListId="8c84fa94-04c1-424b-9868-57a2d4851a1d" relativeResultsDirectory="c61251db-4976-455c-b2ab-ee26053a1678" />
    <UnitTestResult executionId="dc881db0-383d-4386-acdf-3f7605d2d0c1" testId="fdbc7e80-6c48-4ff6-b390-a60d4a3f6fe9" testName="ToEnum_Passing_Invalid_Int_Name_Enumeracion_Returns_Null" computerName="PC-SFERRARI" duration="00:00:00.0002067" startTime="2021-09-23T11:14:24.4188785+02:00" endTime="2021-09-23T11:14:24.4191400+02:00" testType="13cdc9d9-ddb5-4fa4-a97d-d965ccfc6d4b" outcome="Passed" testListId="8c84fa94-04c1-424b-9868-57a2d4851a1d" relativeResultsDirectory="dc881db0-383d-4386-acdf-3f7605d2d0c1" />
    <UnitTestResult executionId="37ecf1e0-65fc-4827-9f21-ffb914ab43f2" testId="73176e6f-cd80-4784-9e68-1487041f2b81" testName="OperatorEqual_Passing_Valid_Distinct_Values_Returns_False (TENANT1)" computerName="PC-SFERRARI" duration="00:00:00.0000134" startTime="2021-09-23T11:14:25.6544234+02:00" endTime="2021-09-23T11:14:25.6545243+02:00" testType="13cdc9d9-ddb5-4fa4-a97d-d965ccfc6d4b" outcome="Passed" testListId="8c84fa94-04c1-424b-9868-57a2d4851a1d" relativeResultsDirectory="37ecf1e0-65fc-4827-9f21-ffb914ab43f2" />
    <UnitTestResult executionId="bcb1612a-e7b2-48c7-b117-05fb3698191b" testId="eba98f7c-7255-4a71-96cc-face024a19c9" testName="Create_Passing_InvalidOrNull_Value_Returns_ApplicationException ()" computerName="PC-SFERRARI" duration="00:00:00.0008875" startTime="2021-09-23T11:14:25.6163423+02:00" endTime="2021-09-23T11:14:25.6173760+02:00" testType="13cdc9d9-ddb5-4fa4-a97d-d965ccfc6d4b" outcome="Passed" testListId="8c84fa94-04c1-424b-9868-57a2d4851a1d" relativeResultsDirectory="bcb1612a-e7b2-48c7-b117-05fb3698191b" />
    <UnitTestResult executionId="12dd7434-9e5d-43ba-9fcb-40498e9757d3" testId="322bd030-2ae3-4fd6-b000-35813577d6da" testName="Change_Passing_Valid_Values_Returns_Name" computerName="PC-SFERRARI" duration="00:00:00.0015856" startTime="2021-09-23T11:14:25.6143290+02:00" endTime="2021-09-23T11:14:25.6162186+02:00" testType="13cdc9d9-ddb5-4fa4-a97d-d965ccfc6d4b" outcome="Passed" testListId="8c84fa94-04c1-424b-9868-57a2d4851a1d" relativeResultsDirectory="12dd7434-9e5d-43ba-9fcb-40498e9757d3" />
    <UnitTestResult executionId="b51dc386-ffd8-4c6d-9746-a83adbfb5bf4" testId="29f05cea-ff0f-4cf1-bb6b-dc67f09d9ff5" testName="Equals_Passing_Valid_Distinct_Values_Returns_False (www.hackerone-com)" computerName="PC-SFERRARI" duration="00:00:00.0000357" startTime="2021-09-23T11:14:25.5686402+02:00" endTime="2021-09-23T11:14:25.5688507+02:00" testType="13cdc9d9-ddb5-4fa4-a97d-d965ccfc6d4b" outcome="Passed" testListId="8c84fa94-04c1-424b-9868-57a2d4851a1d" relativeResultsDirectory="b51dc386-ffd8-4c6d-9746-a83adbfb5bf4" />
    <UnitTestResult executionId="2bf7693e-7f0b-4ab9-bd4d-1dd04fa068d2" testId="ec542053-4b86-4c2a-99f4-0df505040e70" testName="Create_Passing_Valid_Values_Returns_Name (TENANT_A)" computerName="PC-SFERRARI" duration="00:00:00.0000206" startTime="2021-09-23T11:14:25.6261200+02:00" endTime="2021-09-23T11:14:25.6268897+02:00" testType="13cdc9d9-ddb5-4fa4-a97d-d965ccfc6d4b" outcome="Passed" testListId="8c84fa94-04c1-424b-9868-57a2d4851a1d" relativeResultsDirectory="2bf7693e-7f0b-4ab9-bd4d-1dd04fa068d2" />
    <UnitTestResult executionId="1398a416-6008-46d7-8150-b895729973ed" testId="c4eb9690-f42c-424e-a022-d70c063c43fe" testName="OperatorNotEqual_Passing_Valid_Values_Returns_False (San Bartoleme De Tirajana,Las Palmas,España)" computerName="PC-SFERRARI" duration="00:00:00.0003535" startTime="2021-09-23T11:14:25.3505166+02:00" endTime="2021-09-23T11:14:25.3510209+02:00" testType="13cdc9d9-ddb5-4fa4-a97d-d965ccfc6d4b" outcome="Passed" testListId="8c84fa94-04c1-424b-9868-57a2d4851a1d" relativeResultsDirectory="1398a416-6008-46d7-8150-b895729973ed" />
    <UnitTestResult executionId="c4616cf4-4435-47bb-bc66-b7c4aaf6c07a" testId="e78a5fb9-eed9-4077-a566-6909593d97e4" testName="OperatorNotEqual_Passing_Valid_Values_Returns_False (tenant_A)" computerName="PC-SFERRARI" duration="00:00:00.0000160" startTime="2021-09-23T11:14:25.6814372+02:00" endTime="2021-09-23T11:14:25.6815371+02:00" testType="13cdc9d9-ddb5-4fa4-a97d-d965ccfc6d4b" outcome="Passed" testListId="8c84fa94-04c1-424b-9868-57a2d4851a1d" relativeResultsDirectory="c4616cf4-4435-47bb-bc66-b7c4aaf6c07a" />
    <UnitTestResult executionId="7339f22a-53e1-4ab4-9bdc-a1b40525f9e1" testId="ff7e4ca1-3df9-4dda-9210-31860cd2591f" testName="ToString_Passing_Valid_Values_Returns_Currency_String_Symbol (USD)" computerName="PC-SFERRARI" duration="00:00:00.0015088" startTime="2021-09-23T11:14:24.9307784+02:00" endTime="2021-09-23T11:14:24.9324222+02:00" testType="13cdc9d9-ddb5-4fa4-a97d-d965ccfc6d4b" outcome="Passed" testListId="8c84fa94-04c1-424b-9868-57a2d4851a1d" relativeResultsDirectory="7339f22a-53e1-4ab4-9bdc-a1b40525f9e1" />
    <UnitTestResult executionId="5792cf2b-a70a-4bd8-8499-a4135d149907" testId="d91c719d-c5d1-4fcd-a404-fbbfecc4c6fc" testName="ToEnum_Passing_Invalid_Int_Name_Enumeracion_Returns_Null" computerName="PC-SFERRARI" duration="00:00:00.0002625" startTime="2021-09-23T11:14:24.4402803+02:00" endTime="2021-09-23T11:14:24.4406063+02:00" testType="13cdc9d9-ddb5-4fa4-a97d-d965ccfc6d4b" outcome="Passed" testListId="8c84fa94-04c1-424b-9868-57a2d4851a1d" relativeResultsDirectory="5792cf2b-a70a-4bd8-8499-a4135d149907" />
    <UnitTestResult executionId="2af7ef67-dfa2-4304-865c-b68f9a1ad6c9" testId="6d5978b9-0ac1-445e-8da0-0ee298485ee8" testName="Equals_Passing_Valid_Values_Returns_True (TENANT_A)" computerName="PC-SFERRARI" duration="00:00:00.0000130" startTime="2021-09-23T11:14:25.6394880+02:00" endTime="2021-09-23T11:14:25.6395746+02:00" testType="13cdc9d9-ddb5-4fa4-a97d-d965ccfc6d4b" outcome="Passed" testListId="8c84fa94-04c1-424b-9868-57a2d4851a1d" relativeResultsDirectory="2af7ef67-dfa2-4304-865c-b68f9a1ad6c9" />
    <UnitTestResult executionId="9fbab283-028d-45ea-91e2-afa30432649f" testId="cba5b584-89e6-4d20-9cb9-b3841d1e93d9" testName="OperatorNotEqual_Passing_Valid_Values_Returns_True (Esp añâ)" computerName="PC-SFERRARI" duration="00:00:00.0000172" startTime="2021-09-23T11:14:25.5199563+02:00" endTime="2021-09-23T11:14:25.5200535+02:00" testType="13cdc9d9-ddb5-4fa4-a97d-d965ccfc6d4b" outcome="Passed" testListId="8c84fa94-04c1-424b-9868-57a2d4851a1d" relativeResultsDirectory="9fbab283-028d-45ea-91e2-afa30432649f" />
    <UnitTestResult executionId="326e63cd-33d9-4c38-bea1-ba1819bc2e88" testId="ca53e4ff-97fc-46df-a091-59126fa93a49" testName="Equals_Passing_Valid_Values_Returns_True (Españä)" computerName="PC-SFERRARI" duration="00:00:00.0000182" startTime="2021-09-23T11:14:25.4784322+02:00" endTime="2021-09-23T11:14:25.4785173+02:00" testType="13cdc9d9-ddb5-4fa4-a97d-d965ccfc6d4b" outcome="Passed" testListId="8c84fa94-04c1-424b-9868-57a2d4851a1d" relativeResultsDirectory="326e63cd-33d9-4c38-bea1-ba1819bc2e88" />
    <UnitTestResult executionId="d3b5ec60-3338-4abf-bc5e-001070913879" testId="afe48339-b129-4cfc-b7b7-21feb559f7c3" testName="Create_Passing_InvalidOrNull_Value_Returns_ApplicationException (34fsds@@sdd.f)" computerName="PC-SFERRARI" duration="00:00:00.0000707" startTime="2021-09-23T11:14:25.0904224+02:00" endTime="2021-09-23T11:14:25.0906047+02:00" testType="13cdc9d9-ddb5-4fa4-a97d-d965ccfc6d4b" outcome="Passed" testListId="8c84fa94-04c1-424b-9868-57a2d4851a1d" relativeResultsDirectory="d3b5ec60-3338-4abf-bc5e-001070913879" />
    <UnitTestResult executionId="7de758b1-744e-4df5-b885-2c7dd66c5c67" testId="058a6a38-edd2-4169-92b6-03833a7f6f19" testName="Create_Passing_Valid_Values_Returns_Name (Tenant1)" computerName="PC-SFERRARI" duration="00:00:00.0000153" startTime="2021-09-23T11:14:25.6209299+02:00" endTime="2021-09-23T11:14:25.6210557+02:00" testType="13cdc9d9-ddb5-4fa4-a97d-d965ccfc6d4b" outcome="Passed" testListId="8c84fa94-04c1-424b-9868-57a2d4851a1d" relativeResultsDirectory="7de758b1-744e-4df5-b885-2c7dd66c5c67" />
    <UnitTestResult executionId="c2f8bb89-c7b4-439d-887a-27174f761190" testId="287a6a63-d8f5-4cb4-a70d-77da8cc7ec27" testName="OperatorEqual_Passing_Valid_Distinct_Values_Returns_False (TenantA)" computerName="PC-SFERRARI" duration="00:00:00.0000233" startTime="2021-09-23T11:14:25.6588440+02:00" endTime="2021-09-23T11:14:25.6593500+02:00" testType="13cdc9d9-ddb5-4fa4-a97d-d965ccfc6d4b" outcome="Passed" testListId="8c84fa94-04c1-424b-9868-57a2d4851a1d" relativeResultsDirectory="c2f8bb89-c7b4-439d-887a-27174f761190" />
    <UnitTestResult executionId="46d29b9d-4ebd-4052-bc3c-4c5cf0fabfe2" testId="47c49662-ea64-41fa-99fb-40159ef67d21" testName="Create_Passing_Valid_Values_Returns_Name (Tenant_A)" computerName="PC-SFERRARI" duration="00:00:00.0000098" startTime="2021-09-23T11:14:25.6258635+02:00" endTime="2021-09-23T11:14:25.6259400+02:00" testType="13cdc9d9-ddb5-4fa4-a97d-d965ccfc6d4b" outcome="Passed" testListId="8c84fa94-04c1-424b-9868-57a2d4851a1d" relativeResultsDirectory="46d29b9d-4ebd-4052-bc3c-4c5cf0fabfe2" />
    <UnitTestResult executionId="ae31349d-0c17-4b53-ade3-4a1267fa6757" testId="3123b0be-6136-402a-a905-ef022611ea15" testName="ToEnum_Passing_Valid_String_Name_Returns_Enumeracion" computerName="PC-SFERRARI" duration="00:00:00.0001214" startTime="2021-09-23T11:14:24.4411587+02:00" endTime="2021-09-23T11:14:24.4413455+02:00" testType="13cdc9d9-ddb5-4fa4-a97d-d965ccfc6d4b" outcome="Passed" testListId="8c84fa94-04c1-424b-9868-57a2d4851a1d" relativeResultsDirectory="ae31349d-0c17-4b53-ade3-4a1267fa6757" />
    <UnitTestResult executionId="a4823311-ed44-4f4a-bd98-83adb2318317" testId="277d68f8-8892-4b15-82ac-22ecc48fc9e5" testName="OperatorNotEqual_Passing_Valid_Values_Returns_True (TENANT1)" computerName="PC-SFERRARI" duration="00:00:00.0000172" startTime="2021-09-23T11:14:25.6825587+02:00" endTime="2021-09-23T11:14:25.6827213+02:00" testType="13cdc9d9-ddb5-4fa4-a97d-d965ccfc6d4b" outcome="Passed" testListId="8c84fa94-04c1-424b-9868-57a2d4851a1d" relativeResultsDirectory="a4823311-ed44-4f4a-bd98-83adb2318317" />
    <UnitTestResult executionId="2726dc4f-b3ba-409c-b2b6-b386cc66deeb" testId="24632e76-e30b-44ba-932c-21a8d749a8e2" testName="OperatorNotEqual_Passing_Valid_Values_Returns_False (tenant1)" computerName="PC-SFERRARI" duration="00:00:00.0002973" startTime="2021-09-23T11:14:25.6711867+02:00" endTime="2021-09-23T11:14:25.6715995+02:00" testType="13cdc9d9-ddb5-4fa4-a97d-d965ccfc6d4b" outcome="Passed" testListId="8c84fa94-04c1-424b-9868-57a2d4851a1d" relativeResultsDirectory="2726dc4f-b3ba-409c-b2b6-b386cc66deeb" />
    <UnitTestResult executionId="4862a0bb-4cf5-4642-9414-a17124eee904" testId="07437bc6-759d-4db2-82dd-1de887bd072e" testName="Create_Passing_Valid_Values_Returns_FullName (Sabadell,Barcelona,España)" computerName="PC-SFERRARI" duration="00:00:00.0000426" startTime="2021-09-23T11:14:25.3352456+02:00" endTime="2021-09-23T11:14:25.3354038+02:00" testType="13cdc9d9-ddb5-4fa4-a97d-d965ccfc6d4b" outcome="Passed" testListId="8c84fa94-04c1-424b-9868-57a2d4851a1d" relativeResultsDirectory="4862a0bb-4cf5-4642-9414-a17124eee904" />
    <UnitTestResult executionId="4b62f32f-4263-47f3-a05e-bcba15cdb11b" testId="e0e99fc1-f11e-464d-a53a-c71186ce2c21" testName="ToString_Passing_Valid_Values_Returns_Name (España)" computerName="PC-SFERRARI" duration="00:00:00.0004267" startTime="2021-09-23T11:14:25.5294518+02:00" endTime="2021-09-23T11:14:25.5299495+02:00" testType="13cdc9d9-ddb5-4fa4-a97d-d965ccfc6d4b" outcome="Passed" testListId="8c84fa94-04c1-424b-9868-57a2d4851a1d" relativeResultsDirectory="4b62f32f-4263-47f3-a05e-bcba15cdb11b" />
    <UnitTestResult executionId="115abfba-212d-4b5c-a9a3-0d6a0896b85a" testId="831e032f-e11c-49d0-9e11-8075293cddbd" testName="Create_Passing_Valid_Values_Returns_StringId (Tenerife)" computerName="PC-SFERRARI" duration="00:00:00.0001570" startTime="2021-09-23T11:14:25.5365299+02:00" endTime="2021-09-23T11:14:25.5367763+02:00" testType="13cdc9d9-ddb5-4fa4-a97d-d965ccfc6d4b" outcome="Passed" testListId="8c84fa94-04c1-424b-9868-57a2d4851a1d" relativeResultsDirectory="115abfba-212d-4b5c-a9a3-0d6a0896b85a" />
    <UnitTestResult executionId="787c01c7-18d2-4a38-a0ca-3a0957e4dd29" testId="020fcfdd-3c2c-4945-8cff-f5cb64d535cb" testName="OperatorNotEqual_Passing_Valid_Values_Returns_False (Tenant_1)" computerName="PC-SFERRARI" duration="00:00:00.0000142" startTime="2021-09-23T11:14:25.6765192+02:00" endTime="2021-09-23T11:14:25.6766065+02:00" testType="13cdc9d9-ddb5-4fa4-a97d-d965ccfc6d4b" outcome="Passed" testListId="8c84fa94-04c1-424b-9868-57a2d4851a1d" relativeResultsDirectory="787c01c7-18d2-4a38-a0ca-3a0957e4dd29" />
    <UnitTestResult executionId="b8381f50-74b4-4217-8e71-477bb9f84bcb" testId="1bf76eae-0610-4e92-bbbf-fc25235a3c1c" testName="OperatorEqual_Passing_Valid_Values_Returns_True (app.hackerone1.com)" computerName="PC-SFERRARI" duration="00:00:00.0002043" startTime="2021-09-23T11:14:25.5764022+02:00" endTime="2021-09-23T11:14:25.5766728+02:00" testType="13cdc9d9-ddb5-4fa4-a97d-d965ccfc6d4b" outcome="Passed" testListId="8c84fa94-04c1-424b-9868-57a2d4851a1d" relativeResultsDirectory="b8381f50-74b4-4217-8e71-477bb9f84bcb" />
    <UnitTestResult executionId="213804db-e15f-4aa8-b007-6d6d952b96bf" testId="93ffbfdc-dce5-4ccb-9302-06b8e564e2b7" testName="ToString_Passing_Valid_Values_Returns_Name (Españà)" computerName="PC-SFERRARI" duration="00:00:00.0000143" startTime="2021-09-23T11:14:25.5301969+02:00" endTime="2021-09-23T11:14:25.5302781+02:00" testType="13cdc9d9-ddb5-4fa4-a97d-d965ccfc6d4b" outcome="Passed" testListId="8c84fa94-04c1-424b-9868-57a2d4851a1d" relativeResultsDirectory="213804db-e15f-4aa8-b007-6d6d952b96bf" />
    <UnitTestResult executionId="bd31fc27-7e3b-4221-a428-a7af40ba064f" testId="db442a20-56e4-461e-bbd1-995c2fa16c00" testName="Equals_Passing_Valid_Distinct_Values_Returns_False (TENANT_A)" computerName="PC-SFERRARI" duration="00:00:00.0000126" startTime="2021-09-23T11:14:25.6337336+02:00" endTime="2021-09-23T11:14:25.6338152+02:00" testType="13cdc9d9-ddb5-4fa4-a97d-d965ccfc6d4b" outcome="Passed" testListId="8c84fa94-04c1-424b-9868-57a2d4851a1d" relativeResultsDirectory="bd31fc27-7e3b-4221-a428-a7af40ba064f" />
    <UnitTestResult executionId="90667880-d7c0-4b76-8aee-559c5d2c5aa2" testId="34272ee5-e6c8-4a26-800e-513e076c7547" testName="Create_Passing_InvalidOrNull_Value_Returns_ApplicationException (___dasfs$·%%$%$$·%$)" computerName="PC-SFERRARI" duration="00:00:00.0000794" startTime="2021-09-23T11:14:25.5604729+02:00" endTime="2021-09-23T11:14:25.5606408+02:00" testType="13cdc9d9-ddb5-4fa4-a97d-d965ccfc6d4b" outcome="Passed" testListId="8c84fa94-04c1-424b-9868-57a2d4851a1d" relativeResultsDirectory="90667880-d7c0-4b76-8aee-559c5d2c5aa2" />
    <UnitTestResult executionId="edd284bb-45bb-4138-9ad3-3e3cec46ca9b" testId="d2ed5120-175f-48a7-82eb-0325c3cd86ec" testName="OperatorEqual_Passing_Valid_Distinct_Values_Returns_False (Sabadell)" computerName="PC-SFERRARI" duration="00:00:00.0000095" startTime="2021-09-23T11:14:25.5457830+02:00" endTime="2021-09-23T11:14:25.5458641+02:00" testType="13cdc9d9-ddb5-4fa4-a97d-d965ccfc6d4b" outcome="Passed" testListId="8c84fa94-04c1-424b-9868-57a2d4851a1d" relativeResultsDirectory="edd284bb-45bb-4138-9ad3-3e3cec46ca9b" />
    <UnitTestResult executionId="280d3829-6c97-43d0-b5d3-5b8f2b1f52a3" testId="c8dcbacf-ef82-4a88-aa09-de878075b615" testName="ToString_Passing_Valid_Values_Returns_Subdomain (stage_hackerone.com)" computerName="PC-SFERRARI" duration="00:00:00.0000144" startTime="2021-09-23T11:14:25.5875185+02:00" endTime="2021-09-23T11:14:25.5875948+02:00" testType="13cdc9d9-ddb5-4fa4-a97d-d965ccfc6d4b" outcome="Passed" testListId="8c84fa94-04c1-424b-9868-57a2d4851a1d" relativeResultsDirectory="280d3829-6c97-43d0-b5d3-5b8f2b1f52a3" />
    <UnitTestResult executionId="58d0bc1a-689a-45f4-a2a5-19cdc31f46ca" testId="c6062066-0400-446e-a394-695aaa6ff0c4" testName="OperatorNotEqual_Passing_Valid_Values_Returns_False (app.hackerone1.com)" computerName="PC-SFERRARI" duration="00:00:00.0002735" startTime="2021-09-23T11:14:25.5825971+02:00" endTime="2021-09-23T11:14:25.5829429+02:00" testType="13cdc9d9-ddb5-4fa4-a97d-d965ccfc6d4b" outcome="Passed" testListId="8c84fa94-04c1-424b-9868-57a2d4851a1d" relativeResultsDirectory="58d0bc1a-689a-45f4-a2a5-19cdc31f46ca" />
    <UnitTestResult executionId="aa64cf1c-d74a-42ab-9f58-0233ff038023" testId="942f8f3a-2351-4743-b29f-fcaaa6c2427e" testName="Equals_Passing_Valid_Values_Returns_True (USD)" computerName="PC-SFERRARI" duration="00:00:00.0009164" startTime="2021-09-23T11:14:24.9172752+02:00" endTime="2021-09-23T11:14:24.9182727+02:00" testType="13cdc9d9-ddb5-4fa4-a97d-d965ccfc6d4b" outcome="Passed" testListId="8c84fa94-04c1-424b-9868-57a2d4851a1d" relativeResultsDirectory="aa64cf1c-d74a-42ab-9f58-0233ff038023" />
    <UnitTestResult executionId="6099a22a-6efb-40f5-a01e-0b573b834805" testId="0e80fabe-8bbf-4f58-8104-cedb204aa364" testName="ToString_Passing_Valid_Values_Returns_StringId (San Bartoleme De Tirajana)" computerName="PC-SFERRARI" duration="00:00:00.0002115" startTime="2021-09-23T11:14:25.5569436+02:00" endTime="2021-09-23T11:14:25.5572338+02:00" testType="13cdc9d9-ddb5-4fa4-a97d-d965ccfc6d4b" outcome="Passed" testListId="8c84fa94-04c1-424b-9868-57a2d4851a1d" relativeResultsDirectory="6099a22a-6efb-40f5-a01e-0b573b834805" />
    <UnitTestResult executionId="8cdfb1a4-bb7c-467f-811a-f0cd42147b92" testId="c4b6145a-0a1e-4c30-8925-f27f6ecc3a3b" testName="ToString_Passing_Valid_Values_Returns_Name (Españç)" computerName="PC-SFERRARI" duration="00:00:00.0000316" startTime="2021-09-23T11:14:25.5336124+02:00" endTime="2021-09-23T11:14:25.5338210+02:00" testType="13cdc9d9-ddb5-4fa4-a97d-d965ccfc6d4b" outcome="Passed" testListId="8c84fa94-04c1-424b-9868-57a2d4851a1d" relativeResultsDirectory="8cdfb1a4-bb7c-467f-811a-f0cd42147b92" />
    <UnitTestResult executionId="b8ab3632-8f15-4a90-9249-2706a39682bb" testId="3f13489a-079b-4fca-ba7c-8f873256cabd" testName="OperatorEqual_Passing_Valid_Distinct_Values_Returns_False (Españâ)" computerName="PC-SFERRARI" duration="00:00:00.0000251" startTime="2021-09-23T11:14:25.4919137+02:00" endTime="2021-09-23T11:14:25.4920967+02:00" testType="13cdc9d9-ddb5-4fa4-a97d-d965ccfc6d4b" outcome="Passed" testListId="8c84fa94-04c1-424b-9868-57a2d4851a1d" relativeResultsDirectory="b8ab3632-8f15-4a90-9249-2706a39682bb" />
    <UnitTestResult executionId="b15ed299-2384-4caa-a685-d109d65b3858" testId="7807661b-e365-4356-924c-b6f1c5ba2519" testName="Equals_Passing_Valid_Values_Returns_True (EUR)" computerName="PC-SFERRARI" duration="00:00:00.0010141" startTime="2021-09-23T11:14:24.9160173+02:00" endTime="2021-09-23T11:14:24.9171730+02:00" testType="13cdc9d9-ddb5-4fa4-a97d-d965ccfc6d4b" outcome="Passed" testListId="8c84fa94-04c1-424b-9868-57a2d4851a1d" relativeResultsDirectory="b15ed299-2384-4caa-a685-d109d65b3858" />
    <UnitTestResult executionId="e1d724ab-031b-4ae2-abe8-1c94ac4a5d74" testId="474519a4-ad96-41a1-9aab-ce12297419dc" testName="OperatorNotEqual_Passing_Valid_Values_Returns_True (EUR)" computerName="PC-SFERRARI" duration="00:00:00.0014605" startTime="2021-09-23T11:14:24.9276561+02:00" endTime="2021-09-23T11:14:24.9292474+02:00" testType="13cdc9d9-ddb5-4fa4-a97d-d965ccfc6d4b" outcome="Passed" testListId="8c84fa94-04c1-424b-9868-57a2d4851a1d" relativeResultsDirectory="e1d724ab-031b-4ae2-abe8-1c94ac4a5d74" />
    <UnitTestResult executionId="1fe9eb61-eff6-4948-865a-bf28cc7d8548" testId="ee380686-a795-44ac-a72c-5e2102c0a019" testName="IsNull_Passing_Valid_Value_Returns_False (Tenant_1)" computerName="PC-SFERRARI" duration="00:00:00.0000102" startTime="2021-09-23T11:14:25.6496003+02:00" endTime="2021-09-23T11:14:25.6496752+02:00" testType="13cdc9d9-ddb5-4fa4-a97d-d965ccfc6d4b" outcome="Passed" testListId="8c84fa94-04c1-424b-9868-57a2d4851a1d" relativeResultsDirectory="1fe9eb61-eff6-4948-865a-bf28cc7d8548" />
    <UnitTestResult executionId="275e94de-2e76-49d4-b2e7-d7851957ded2" testId="820c47b9-0aff-479c-8284-275c185a7330" testName="ToString_Passing_Valid_Values_Returns_Name (Españá)" computerName="PC-SFERRARI" duration="00:00:00.0000153" startTime="2021-09-23T11:14:25.5300410+02:00" endTime="2021-09-23T11:14:25.5301403+02:00" testType="13cdc9d9-ddb5-4fa4-a97d-d965ccfc6d4b" outcome="Passed" testListId="8c84fa94-04c1-424b-9868-57a2d4851a1d" relativeResultsDirectory="275e94de-2e76-49d4-b2e7-d7851957ded2" />
    <UnitTestResult executionId="501caeea-b926-41d2-98f0-d53ea2d917d2" testId="d18ec51b-1dcd-493f-9a19-e2712c98e3d4" testName="IsNull_Passing_Valid_Value_Returns_False (España)" computerName="PC-SFERRARI" duration="00:00:00.0001871" startTime="2021-09-23T11:14:25.4852011+02:00" endTime="2021-09-23T11:14:25.4854829+02:00" testType="13cdc9d9-ddb5-4fa4-a97d-d965ccfc6d4b" outcome="Passed" testListId="8c84fa94-04c1-424b-9868-57a2d4851a1d" relativeResultsDirectory="501caeea-b926-41d2-98f0-d53ea2d917d2" />
    <UnitTestResult executionId="0bb1ba1e-099c-4053-953c-b279ddff2f25" testId="1a3b39e2-7a81-472b-8fac-8963d0ef17eb" testName="IsNull_Passing_Valid_Value_Returns_False (Tenant1)" computerName="PC-SFERRARI" duration="00:00:00.0000131" startTime="2021-09-23T11:14:25.6491460+02:00" endTime="2021-09-23T11:14:25.6492512+02:00" testType="13cdc9d9-ddb5-4fa4-a97d-d965ccfc6d4b" outcome="Passed" testListId="8c84fa94-04c1-424b-9868-57a2d4851a1d" relativeResultsDirectory="0bb1ba1e-099c-4053-953c-b279ddff2f25" />
    <UnitTestResult executionId="1bfcf107-ae1d-468a-be4a-d4c63cafb9ad" testId="c81daf7a-3492-4f4d-9649-587f22063a59" testName="Equals_Passing_Valid_Values_Returns_True (Españħ)" computerName="PC-SFERRARI" duration="00:00:00.0000365" startTime="2021-09-23T11:14:25.4840155+02:00" endTime="2021-09-23T11:14:25.4842091+02:00" testType="13cdc9d9-ddb5-4fa4-a97d-d965ccfc6d4b" outcome="Passed" testListId="8c84fa94-04c1-424b-9868-57a2d4851a1d" relativeResultsDirectory="1bfcf107-ae1d-468a-be4a-d4c63cafb9ad" />
    <UnitTestResult executionId="197ad381-25a4-483e-b709-1b121bbbc79f" testId="27f8fbad-0817-4201-881d-88573e5c6968" testName="Change_Passing_Valid_Values_Returns_Address (200,EUR,4)" computerName="PC-SFERRARI" duration="00:00:00.0013541" startTime="2021-09-23T11:14:25.4011219+02:00" endTime="2021-09-23T11:14:25.4026511+02:00" testType="13cdc9d9-ddb5-4fa4-a97d-d965ccfc6d4b" outcome="Passed" testListId="8c84fa94-04c1-424b-9868-57a2d4851a1d" relativeResultsDirectory="197ad381-25a4-483e-b709-1b121bbbc79f" />
    <UnitTestResult executionId="3e44b61b-3ffe-4ed5-9e6f-0f868cef504e" testId="32167006-1267-4cb6-b78d-6d53b208a502" testName="OperatorNotEqual_Passing_Valid_Values_Returns_False (Tenant1)" computerName="PC-SFERRARI" duration="00:00:00.0000334" startTime="2021-09-23T11:14:25.6717065+02:00" endTime="2021-09-23T11:14:25.6759805+02:00" testType="13cdc9d9-ddb5-4fa4-a97d-d965ccfc6d4b" outcome="Passed" testListId="8c84fa94-04c1-424b-9868-57a2d4851a1d" relativeResultsDirectory="3e44b61b-3ffe-4ed5-9e6f-0f868cef504e" />
    <UnitTestResult executionId="cbb62fb1-3cfd-4395-84df-ec8f748e57e6" testId="e7f8d434-c1eb-48e4-8f88-9cbbf9b3b5bd" testName="Change_Passing_Valid_Values_Returns_Subdomain" computerName="PC-SFERRARI" duration="00:00:00.0018814" startTime="2021-09-23T11:14:25.5574020+02:00" endTime="2021-09-23T11:14:25.5595140+02:00" testType="13cdc9d9-ddb5-4fa4-a97d-d965ccfc6d4b" outcome="Passed" testListId="8c84fa94-04c1-424b-9868-57a2d4851a1d" relativeResultsDirectory="cbb62fb1-3cfd-4395-84df-ec8f748e57e6" />
    <UnitTestResult executionId="c09fba2a-d0df-46cc-aa9a-1d43423675e5" testId="db60fff3-8114-46d3-b861-b7653be2ea3e" testName="Create_Passing_InvalidOrNull_Value_Returns_ApplicationException (,Barcelona,España)" computerName="PC-SFERRARI" duration="00:00:00.0007866" startTime="2021-09-23T11:14:25.3331849+02:00" endTime="2021-09-23T11:14:25.3341494+02:00" testType="13cdc9d9-ddb5-4fa4-a97d-d965ccfc6d4b" outcome="Passed" testListId="8c84fa94-04c1-424b-9868-57a2d4851a1d" relativeResultsDirectory="c09fba2a-d0df-46cc-aa9a-1d43423675e5" />
    <UnitTestResult executionId="2cbabbe8-d1d6-4685-b397-a30c58389e93" testId="2a2e3758-739d-49e7-a44c-703329fb1dc3" testName="Change_Passing_Valid_Values_Returns_Address (100,EUR,2)" computerName="PC-SFERRARI" duration="00:00:00.0445280" startTime="2021-09-23T11:14:25.3542402+02:00" endTime="2021-09-23T11:14:25.3992753+02:00" testType="13cdc9d9-ddb5-4fa4-a97d-d965ccfc6d4b" outcome="Passed" testListId="8c84fa94-04c1-424b-9868-57a2d4851a1d" relativeResultsDirectory="2cbabbe8-d1d6-4685-b397-a30c58389e93" />
    <UnitTestResult executionId="3885f80b-889b-43a4-8888-8d1bab45cfe1" testId="bf91619c-856b-4f72-88f1-85a3f0abe7f7" testName="OperatorEqual_Passing_Valid_Values_Returns_True (stage_hackerone.com)" computerName="PC-SFERRARI" duration="00:00:00.0000343" startTime="2021-09-23T11:14:25.5824146+02:00" endTime="2021-09-23T11:14:25.5825286+02:00" testType="13cdc9d9-ddb5-4fa4-a97d-d965ccfc6d4b" outcome="Passed" testListId="8c84fa94-04c1-424b-9868-57a2d4851a1d" relativeResultsDirectory="3885f80b-889b-43a4-8888-8d1bab45cfe1" />
    <UnitTestResult executionId="8836f550-9688-4d44-a8c2-8894146b5516" testId="29cabf2a-e796-462a-82a6-343d95fec41c" testName="Equals_Passing_Valid_Distinct_Values_Returns_False (Españá)" computerName="PC-SFERRARI" duration="00:00:00.0000325" startTime="2021-09-23T11:14:25.4707301+02:00" endTime="2021-09-23T11:14:25.4708762+02:00" testType="13cdc9d9-ddb5-4fa4-a97d-d965ccfc6d4b" outcome="Passed" testListId="8c84fa94-04c1-424b-9868-57a2d4851a1d" relativeResultsDirectory="8836f550-9688-4d44-a8c2-8894146b5516" />
    <UnitTestResult executionId="658de0b6-7801-49f1-8aef-e621871b6fbc" testId="a6c88bab-15dc-4402-aea6-b768bd17422e" testName="Create_Passing_Valid_Values_Returns_Name (Españâ)" computerName="PC-SFERRARI" duration="00:00:00.0000085" startTime="2021-09-23T11:14:25.4658223+02:00" endTime="2021-09-23T11:14:25.4658742+02:00" testType="13cdc9d9-ddb5-4fa4-a97d-d965ccfc6d4b" outcome="Passed" testListId="8c84fa94-04c1-424b-9868-57a2d4851a1d" relativeResultsDirectory="658de0b6-7801-49f1-8aef-e621871b6fbc" />
    <UnitTestResult executionId="cdcf9289-0db3-41a5-b1cd-f1b21cfd53a3" testId="e222581e-d1a2-49a1-a349-d33afb625e91" testName="OperatorNotEqual_Passing_Valid_Values_Returns_True (200,EUR,4)" computerName="PC-SFERRARI" duration="00:00:00.0013539" startTime="2021-09-23T11:14:25.4504257+02:00" endTime="2021-09-23T11:14:25.4519363+02:00" testType="13cdc9d9-ddb5-4fa4-a97d-d965ccfc6d4b" outcome="Passed" testListId="8c84fa94-04c1-424b-9868-57a2d4851a1d" relativeResultsDirectory="cdcf9289-0db3-41a5-b1cd-f1b21cfd53a3" />
    <UnitTestResult executionId="5f7accee-6770-4a5a-8bfb-732443fadb53" testId="b0ff152c-49b7-4099-9f52-27747ed86c5d" testName="ToString_Passing_Valid_Values_Returns_Address_String_Format (200,EUR,4)" computerName="PC-SFERRARI" duration="00:00:00.0007781" startTime="2021-09-23T11:14:25.4574960+02:00" endTime="2021-09-23T11:14:25.4584876+02:00" testType="13cdc9d9-ddb5-4fa4-a97d-d965ccfc6d4b" outcome="Passed" testListId="8c84fa94-04c1-424b-9868-57a2d4851a1d" relativeResultsDirectory="5f7accee-6770-4a5a-8bfb-732443fadb53" />
    <UnitTestResult executionId="e0962d58-43fb-42a0-b0cf-59b598df3702" testId="fec449ca-18f5-4a74-94b3-3cf91a96c702" testName="OperatorNotEqual_Passing_Valid_Values_Returns_True (dasdasd@dsasd.ff)" computerName="PC-SFERRARI" duration="00:00:00.0002142" startTime="2021-09-23T11:14:25.1401373+02:00" endTime="2021-09-23T11:14:25.1404200+02:00" testType="13cdc9d9-ddb5-4fa4-a97d-d965ccfc6d4b" outcome="Passed" testListId="8c84fa94-04c1-424b-9868-57a2d4851a1d" relativeResultsDirectory="e0962d58-43fb-42a0-b0cf-59b598df3702" />
    <UnitTestResult executionId="1116ec8d-8188-4525-8c23-8733f6bdf987" testId="beaa2c3e-4642-4a79-8b25-19267d32bfad" testName="IsNull_Passing_Valid_Value_Returns_False (stage_hackerone.com)" computerName="PC-SFERRARI" duration="00:00:00.0000143" startTime="2021-09-23T11:14:25.5756295+02:00" endTime="2021-09-23T11:14:25.5757015+02:00" testType="13cdc9d9-ddb5-4fa4-a97d-d965ccfc6d4b" outcome="Passed" testListId="8c84fa94-04c1-424b-9868-57a2d4851a1d" relativeResultsDirectory="1116ec8d-8188-4525-8c23-8733f6bdf987" />
    <UnitTestResult executionId="f2c77e23-7d99-4c56-b376-19506d1748b2" testId="fde30353-2600-4738-a8bc-6b1c3cede448" testName="OperatorNotEqual_Passing_Valid_Values_Returns_False (www.hackerone-com)" computerName="PC-SFERRARI" duration="00:00:00.0000221" startTime="2021-09-23T11:14:25.5830172+02:00" endTime="2021-09-23T11:14:25.5831115+02:00" testType="13cdc9d9-ddb5-4fa4-a97d-d965ccfc6d4b" outcome="Passed" testListId="8c84fa94-04c1-424b-9868-57a2d4851a1d" relativeResultsDirectory="f2c77e23-7d99-4c56-b376-19506d1748b2" />
    <UnitTestResult executionId="3e325ca6-63ec-42cd-815d-4d2071b243c6" testId="ef8d3b84-12bc-4dff-baf8-18abe690b901" testName="ToString_Passing_Valid_Values_Returns_Name (TenantA)" computerName="PC-SFERRARI" duration="00:00:00.0000109" startTime="2021-09-23T11:14:25.6954675+02:00" endTime="2021-09-23T11:14:25.6955563+02:00" testType="13cdc9d9-ddb5-4fa4-a97d-d965ccfc6d4b" outcome="Passed" testListId="8c84fa94-04c1-424b-9868-57a2d4851a1d" relativeResultsDirectory="3e325ca6-63ec-42cd-815d-4d2071b243c6" />
    <UnitTestResult executionId="6805f534-a39a-408d-8153-026a6d80367c" testId="678b6e16-af42-4aa2-a01b-3742fa310788" testName="OperatorEqual_Passing_Valid_Values_Returns_True (Tenant_1)" computerName="PC-SFERRARI" duration="00:00:00.0000161" startTime="2021-09-23T11:14:25.6659459+02:00" endTime="2021-09-23T11:14:25.6660925+02:00" testType="13cdc9d9-ddb5-4fa4-a97d-d965ccfc6d4b" outcome="Passed" testListId="8c84fa94-04c1-424b-9868-57a2d4851a1d" relativeResultsDirectory="6805f534-a39a-408d-8153-026a6d80367c" />
    <UnitTestResult executionId="05094310-85da-451d-8464-bd9b2f867c27" testId="6ddc53a2-6720-4353-8bb9-534c5de95cc6" testName="OperatorNotEqual_Passing_Valid_Values_Returns_True (San Bartoleme De Tirajana)" computerName="PC-SFERRARI" duration="00:00:00.0002022" startTime="2021-09-23T11:14:25.5564854+02:00" endTime="2021-09-23T11:14:25.5567552+02:00" testType="13cdc9d9-ddb5-4fa4-a97d-d965ccfc6d4b" outcome="Passed" testListId="8c84fa94-04c1-424b-9868-57a2d4851a1d" relativeResultsDirectory="05094310-85da-451d-8464-bd9b2f867c27" />
    <UnitTestResult executionId="5e077160-1f8d-421f-8dd7-55580f1b46aa" testId="b12a7e28-9e75-456d-98f4-078760e8b495" testName="IsNull_Passing_Valid_Value_Returns_False (tenant1)" computerName="PC-SFERRARI" duration="00:00:00.0002093" startTime="2021-09-23T11:14:25.6487504+02:00" endTime="2021-09-23T11:14:25.6490702+02:00" testType="13cdc9d9-ddb5-4fa4-a97d-d965ccfc6d4b" outcome="Passed" testListId="8c84fa94-04c1-424b-9868-57a2d4851a1d" relativeResultsDirectory="5e077160-1f8d-421f-8dd7-55580f1b46aa" />
    <UnitTestResult executionId="e69a8bd2-8af8-427e-b389-7b26077594a5" testId="f9d4f05e-a183-4e15-ad5e-cacab1d1d169" testName="Create_Passing_InvalidOrNull_Value_Returns_ApplicationException (456,USD,-3)" computerName="PC-SFERRARI" duration="00:00:00.0016891" startTime="2021-09-23T11:14:25.4054286+02:00" endTime="2021-09-23T11:14:25.4072573+02:00" testType="13cdc9d9-ddb5-4fa4-a97d-d965ccfc6d4b" outcome="Passed" testListId="8c84fa94-04c1-424b-9868-57a2d4851a1d" relativeResultsDirectory="e69a8bd2-8af8-427e-b389-7b26077594a5" />
    <UnitTestResult executionId="ebfc016d-e457-472d-b081-bcbc8d19d1cf" testId="ed258200-1ff6-4c30-a3f8-ed1f23f0bb30" testName="ToEnum_Passing_Invalid_Int_Value_Returns_Null" computerName="PC-SFERRARI" duration="00:00:00.0003061" startTime="2021-09-23T11:14:24.4282295+02:00" endTime="2021-09-23T11:14:24.4286496+02:00" testType="13cdc9d9-ddb5-4fa4-a97d-d965ccfc6d4b" outcome="Passed" testListId="8c84fa94-04c1-424b-9868-57a2d4851a1d" relativeResultsDirectory="ebfc016d-e457-472d-b081-bcbc8d19d1cf" />
    <UnitTestResult executionId="112f8bec-18fa-40d3-9627-a1c1bf28b4c1" testId="534ca0f9-b288-4bf5-a861-dcb5312f231c" testName="OperatorNotEqual_Passing_Valid_Values_Returns_False (tenant_1)" computerName="PC-SFERRARI" duration="00:00:00.0000155" startTime="2021-09-23T11:14:25.6763269+02:00" endTime="2021-09-23T11:14:25.6764584+02:00" testType="13cdc9d9-ddb5-4fa4-a97d-d965ccfc6d4b" outcome="Passed" testListId="8c84fa94-04c1-424b-9868-57a2d4851a1d" relativeResultsDirectory="112f8bec-18fa-40d3-9627-a1c1bf28b4c1" />
    <UnitTestResult executionId="1ebe3d45-9ba6-4a42-ada2-2b1f4cf94531" testId="35fbf475-75de-43fe-a50d-8572d41eb69f" testName="Change_Passing_Valid_Values_Returns_Email (aaa@aaa.aaa,hhh@hhh.hhh)" computerName="PC-SFERRARI" duration="00:00:00.1506371" startTime="2021-09-23T11:14:24.9325426+02:00" endTime="2021-09-23T11:14:25.0835596+02:00" testType="13cdc9d9-ddb5-4fa4-a97d-d965ccfc6d4b" outcome="Passed" testListId="8c84fa94-04c1-424b-9868-57a2d4851a1d" relativeResultsDirectory="1ebe3d45-9ba6-4a42-ada2-2b1f4cf94531" />
    <UnitTestResult executionId="77dc8cbe-6855-4972-9dab-4edfffbfa21f" testId="cc2d496d-85e6-4792-9c73-704f3c165652" testName="Equals_Passing_Valid_Values_Returns_True (TENANT1)" computerName="PC-SFERRARI" duration="00:00:00.0000152" startTime="2021-09-23T11:14:25.6345484+02:00" endTime="2021-09-23T11:14:25.6346519+02:00" testType="13cdc9d9-ddb5-4fa4-a97d-d965ccfc6d4b" outcome="Passed" testListId="8c84fa94-04c1-424b-9868-57a2d4851a1d" relativeResultsDirectory="77dc8cbe-6855-4972-9dab-4edfffbfa21f" />
    <UnitTestResult executionId="de2aa806-844b-4b03-840c-8018bed4dfbb" testId="1867b1b4-7b51-4532-9326-c57885d67f4f" testName="OperatorNotEqual_Passing_Valid_Values_Returns_False (stage_hackerone.com)" computerName="PC-SFERRARI" duration="00:00:00.0000207" startTime="2021-09-23T11:14:25.5831692+02:00" endTime="2021-09-23T11:14:25.5832614+02:00" testType="13cdc9d9-ddb5-4fa4-a97d-d965ccfc6d4b" outcome="Passed" testListId="8c84fa94-04c1-424b-9868-57a2d4851a1d" relativeResultsDirectory="de2aa806-844b-4b03-840c-8018bed4dfbb" />
    <UnitTestResult executionId="8c07957f-5044-4828-b436-ba26e740494d" testId="e30bc10b-73dc-48e1-a962-ee913bc1cfd7" testName="IsFemale_Passing_Nothing_Returns_True" computerName="PC-SFERRARI" duration="00:00:00.0002283" startTime="2021-09-23T11:14:24.4181640+02:00" endTime="2021-09-23T11:14:24.4184851+02:00" testType="13cdc9d9-ddb5-4fa4-a97d-d965ccfc6d4b" outcome="Passed" testListId="8c84fa94-04c1-424b-9868-57a2d4851a1d" relativeResultsDirectory="8c07957f-5044-4828-b436-ba26e740494d" />
    <UnitTestResult executionId="d09ad8ed-bac3-43b6-aa4e-95a7147616f7" testId="85e354c5-9c07-4562-81cf-dfda48b89826" testName="Create_Passing_InvalidOrNull_Value_Returns_ApplicationException (,Sabadell,España)" computerName="PC-SFERRARI" duration="00:00:00.0000831" startTime="2021-09-23T11:14:25.3343313+02:00" endTime="2021-09-23T11:14:25.3345527+02:00" testType="13cdc9d9-ddb5-4fa4-a97d-d965ccfc6d4b" outcome="Passed" testListId="8c84fa94-04c1-424b-9868-57a2d4851a1d" relativeResultsDirectory="d09ad8ed-bac3-43b6-aa4e-95a7147616f7" />
[...]
    <TestEntry testId="47f8946e-873b-4d3a-8480-f987afeae26c" executionId="511f24e2-2eb6-4a8c-ba99-da4355050aa8" testListId="8c84fa94-04c1-424b-9868-57a2d4851a1d" />
    <TestEntry testId="c23783a5-adf0-42ac-84b0-d10acd11ab33" executionId="75467b2d-5334-4007-945f-496010296b26" testListId="8c84fa94-04c1-424b-9868-57a2d4851a1d" />
    <TestEntry testId="357b068e-126f-43a4-999d-043d8b694f2d" executionId="750fb9b1-395f-4ae7-84cb-c3984e702158" testListId="8c84fa94-04c1-424b-9868-57a2d4851a1d" />
    <TestEntry testId="43452da0-0c2c-4095-ac0b-0488a78aa053" executionId="bf01fa0c-13b9-4cf4-a197-4420e95eccce" testListId="8c84fa94-04c1-424b-9868-57a2d4851a1d" />
    <TestEntry testId="15404285-e745-44fe-b704-b20e9a8c0f7e" executionId="0ad722b0-6494-4c8f-a874-4e25af7e4fbd" testListId="8c84fa94-04c1-424b-9868-57a2d4851a1d" />
    <TestEntry testId="f37d8f7d-af11-4cbb-9f4d-7a34e4dbb920" executionId="993f499f-665b-4de5-b066-90c22df94260" testListId="8c84fa94-04c1-424b-9868-57a2d4851a1d" />
    <TestEntry testId="e8b741f5-76db-4e5f-8d0a-940f013d6c3a" executionId="3e1002d6-9e2d-48a4-8f67-a39d6c5d67ba" testListId="8c84fa94-04c1-424b-9868-57a2d4851a1d" />
    <TestEntry testId="6eede5b4-5b37-460a-a598-691c0575b203" executionId="d6dd8665-415c-4f58-9419-8c76aa270d66" testListId="8c84fa94-04c1-424b-9868-57a2d4851a1d" />
    <TestEntry testId="50fa1fb2-cd28-43a0-a99a-4a44dd20fb9f" executionId="ff18cb3a-50ab-48f1-86fe-f0f24debb0b9" testListId="8c84fa94-04c1-424b-9868-57a2d4851a1d" />
    <TestEntry testId="61e8c77d-265f-4a1c-94be-ad766e0c8409" executionId="e61f3772-98fd-4034-bbf0-07ce4d93b988" testListId="8c84fa94-04c1-424b-9868-57a2d4851a1d" />
    <TestEntry testId="701b0f90-2d1b-478f-ba45-907827f11079" executionId="0de3e5f1-b55e-4136-898f-29868a07ae79" testListId="8c84fa94-04c1-424b-9868-57a2d4851a1d" />
    <TestEntry testId="9c66afe8-8a60-413d-b6fa-742ba94168c2" executionId="ef2fac39-6962-4133-a0aa-4d0bc2650953" testListId="8c84fa94-04c1-424b-9868-57a2d4851a1d" />
    <TestEntry testId="9b1a1763-a9de-4a0d-8852-df1746cb4d6e" executionId="1d9dfde0-7b84-4272-a4cc-d0c4234d377e" testListId="8c84fa94-04c1-424b-9868-57a2d4851a1d" />
    <TestEntry testId="e5ca0c5c-aa27-4776-82fa-6407cbef44bc" executionId="4f288b53-d58a-4783-b015-831fe75539cd" testListId="8c84fa94-04c1-424b-9868-57a2d4851a1d" />
    <TestEntry testId="76f3e1a6-f861-4823-a1c2-6c0addaa2e93" executionId="58b4b905-1740-44fe-b911-e0e8239e4532" testListId="8c84fa94-04c1-424b-9868-57a2d4851a1d" />
    <TestEntry testId="98ef052b-d212-43d8-a659-d4ecc916bf64" executionId="f43ad650-61a2-417d-ac6d-476bbcd5eede" testListId="8c84fa94-04c1-424b-9868-57a2d4851a1d" />
    <TestEntry testId="daf189e7-593b-4804-957f-8bc0e7043914" executionId="19411f27-b3a0-421d-824f-4bdec1bd7d8e" testListId="8c84fa94-04c1-424b-9868-57a2d4851a1d" />
    <TestEntry testId="649503dc-bdfc-420d-8f63-737d3c14f39b" executionId="aeec1416-580a-4315-834b-66ad4635c1d2" testListId="8c84fa94-04c1-424b-9868-57a2d4851a1d" />
    <TestEntry testId="34ccf283-9984-40be-887b-ddd2d4d2536b" executionId="67236d57-effd-4224-8b32-30b022efe4ce" testListId="8c84fa94-04c1-424b-9868-57a2d4851a1d" />
    <TestEntry testId="00491389-033d-46f3-b95a-aa8185d388d7" executionId="5220a274-16b8-484f-a710-7bebf586375e" testListId="8c84fa94-04c1-424b-9868-57a2d4851a1d" />
    <TestEntry testId="442ad715-629d-482c-aa28-29d9cf9573ca" executionId="47ac0da3-11e5-4753-b3d5-4b84b4ab99d3" testListId="8c84fa94-04c1-424b-9868-57a2d4851a1d" />
    <TestEntry testId="5000f469-c092-498c-9326-b9751fd88ba4" executionId="1ee4a838-a8e5-4acd-b60b-a7221ea7a704" testListId="8c84fa94-04c1-424b-9868-57a2d4851a1d" />
    <TestEntry testId="5f8642f3-882e-46fe-be4c-6db1b5df2b81" executionId="66cd2b5c-d079-49fd-9adb-616a63cdc836" testListId="8c84fa94-04c1-424b-9868-57a2d4851a1d" />
    <TestEntry testId="52ad8896-0f85-4918-99cc-ee14ae201a22" executionId="2bf2778b-750e-45c7-b7a0-cc83493798d9" testListId="8c84fa94-04c1-424b-9868-57a2d4851a1d" />
    <TestEntry testId="f937b9ab-aa8a-46e1-864c-f797119db609" executionId="19f5ecb8-b116-4ced-93ba-f683b24433f3" testListId="8c84fa94-04c1-424b-9868-57a2d4851a1d" />
    <TestEntry testId="6ea126ef-871c-4282-92af-ae07405b9e75" executionId="23941c5b-751e-45a1-95c2-ec6f745e1c34" testListId="8c84fa94-04c1-424b-9868-57a2d4851a1d" />
    <TestEntry testId="9c0e1cd7-3ed0-407e-abf3-8bf6c9e286a9" executionId="a7f17926-cb13-4311-bdf9-14db17763357" testListId="8c84fa94-04c1-424b-9868-57a2d4851a1d" />
    <TestEntry testId="ae282b28-0fac-4b59-b38f-cc6c7792f868" executionId="450c28ac-5903-42d3-8073-7ccf5c7d0211" testListId="8c84fa94-04c1-424b-9868-57a2d4851a1d" />
    <TestEntry testId="fb8c729b-c71a-4c22-acef-a1ddaf9a5df3" executionId="953f964b-6195-4a8a-b7d7-c0097aa5f9d0" testListId="8c84fa94-04c1-424b-9868-57a2d4851a1d" />
    <TestEntry testId="90d80a79-fa63-489e-a4c8-c9bc5813b117" executionId="6ef1a12b-553a-45fa-b239-639393abc0c8" testListId="8c84fa94-04c1-424b-9868-57a2d4851a1d" />
    <TestEntry testId="97ea821f-9a4c-4e2b-b0d0-c76ec3c95151" executionId="172ebbab-1fee-424e-9718-2700333336d7" testListId="8c84fa94-04c1-424b-9868-57a2d4851a1d" />
    <TestEntry testId="5940e213-4cc0-4356-b758-00ee238704ba" executionId="5b73dcc5-2b6f-4d47-ab31-4ad3e0c46575" testListId="8c84fa94-04c1-424b-9868-57a2d4851a1d" />
    <TestEntry testId="180416be-acb3-4f62-b3d6-e091b09ff0f9" executionId="8956d3ed-38df-49b5-88cc-7f32a8b65a8e" testListId="8c84fa94-04c1-424b-9868-57a2d4851a1d" />
    <TestEntry testId="2b87ea35-31b3-4dad-88e7-0eddf6c62ef1" executionId="8648236e-3507-4e4a-9750-66e532ffe8db" testListId="8c84fa94-04c1-424b-9868-57a2d4851a1d" />
    <TestEntry testId="0b035b1c-e51d-41d4-85f1-0cd9cf85aaad" executionId="27903a55-0d0d-4ba0-9a35-cafc321e7c43" testListId="8c84fa94-04c1-424b-9868-57a2d4851a1d" />
    <TestEntry testId="abdfbcea-ad23-4bf2-87f5-0a7ff499b14f" executionId="cdfe5fc8-ed7b-4818-8b0a-661e2ed8c4c6" testListId="8c84fa94-04c1-424b-9868-57a2d4851a1d" />
    <TestEntry testId="17d7dd8a-590e-4520-a805-6389b4cfbd9b" executionId="f64e2ee7-ba93-4a04-b61a-81fe481b5ea8" testListId="8c84fa94-04c1-424b-9868-57a2d4851a1d" />
    <TestEntry testId="97119d44-6525-4c14-bc60-abb8151b084f" executionId="db6ca1b8-9d4a-4003-9f9b-618e6dc5a6ed" testListId="8c84fa94-04c1-424b-9868-57a2d4851a1d" />
    <TestEntry testId="f16ed69b-e108-4728-8004-700f831ba5b7" executionId="e0a10f72-3022-416c-b974-344cee3aa76e" testListId="8c84fa94-04c1-424b-9868-57a2d4851a1d" />
    <TestEntry testId="14c49e5b-7ee6-4ffa-b6b2-92c60c7c549c" executionId="035ba126-d3f8-435c-9abe-b7d375b30c59" testListId="8c84fa94-04c1-424b-9868-57a2d4851a1d" />
    <TestEntry testId="fb0331ea-bfe7-402c-8131-067557c0595b" executionId="204a4b4b-cb69-428b-a965-89b9138a756c" testListId="8c84fa94-04c1-424b-9868-57a2d4851a1d" />
    <TestEntry testId="2e476546-c195-40cd-88bf-77c48c5ded9e" executionId="6fe43f41-43ff-4873-b637-2bbf2cc0a4dd" testListId="8c84fa94-04c1-424b-9868-57a2d4851a1d" />
    <TestEntry testId="77e9d092-370e-417f-a4d9-c7c9d1b892ba" executionId="ef3aa8a6-ed9a-4495-8a96-7e167a0b7852" testListId="8c84fa94-04c1-424b-9868-57a2d4851a1d" />
    <TestEntry testId="9e95a7e8-3b46-4a95-a1b5-a9b05a414b51" executionId="62b2adb7-44c0-4447-b04a-81c67685f60f" testListId="8c84fa94-04c1-424b-9868-57a2d4851a1d" />
    <TestEntry testId="901564b9-873d-49c9-9eb6-b1cba2f6de89" executionId="b076fdfb-1558-43d0-8254-6bdb1186d778" testListId="8c84fa94-04c1-424b-9868-57a2d4851a1d" />
    <TestEntry testId="822593f7-f68c-4b0d-beab-58384565872b" executionId="3d2c3fe8-a42b-418a-a9c1-fbd857900fcb" testListId="8c84fa94-04c1-424b-9868-57a2d4851a1d" />
    <TestEntry testId="115ced44-a558-4992-b065-c348e71fced5" executionId="bce30939-bb6c-45bc-847d-acbb7dcdd753" testListId="8c84fa94-04c1-424b-9868-57a2d4851a1d" />
    <TestEntry testId="8367697c-36da-4502-8327-93227e153515" executionId="cda7d6d8-67d4-4fdf-8f2f-a400bd3bed89" testListId="8c84fa94-04c1-424b-9868-57a2d4851a1d" />
    <TestEntry testId="77fb89bd-576d-46a8-af50-73297403bf37" executionId="dee7de7d-a705-4c9c-a564-d96f7d443d03" testListId="8c84fa94-04c1-424b-9868-57a2d4851a1d" />
    <TestEntry testId="43c18a41-ff03-4681-b189-d58a90ff4fad" executionId="d2ecb4df-fe07-446c-969e-41f8616da904" testListId="8c84fa94-04c1-424b-9868-57a2d4851a1d" />
    <TestEntry testId="b98cbe4b-bc46-4974-bd68-f14e5bda3fe5" executionId="1d083bdc-7e4a-4fd2-abaf-db534f54afcc" testListId="8c84fa94-04c1-424b-9868-57a2d4851a1d" />
    <TestEntry testId="a87946d2-bd7e-47fc-a1fc-335fa353ab6e" executionId="05463aba-6125-4e1b-81f9-f006891844b9" testListId="8c84fa94-04c1-424b-9868-57a2d4851a1d" />
    <TestEntry testId="84643658-6e26-4107-9505-4de10c754e39" executionId="2eec006c-c51d-4b31-ae7e-ffeb5805ba09" testListId="8c84fa94-04c1-424b-9868-57a2d4851a1d" />
    <TestEntry testId="bd16f0fe-5eff-45b6-9eca-823f93903d99" executionId="46ff5c07-1f94-46db-8098-ef84c6d5eb9e" testListId="8c84fa94-04c1-424b-9868-57a2d4851a1d" />
    <TestEntry testId="40910543-5ac0-40be-b1e5-f398f18cc231" executionId="ebe8fb08-9c50-4949-ab1b-e01fe03d5921" testListId="8c84fa94-04c1-424b-9868-57a2d4851a1d" />
    <TestEntry testId="cb9bed55-cc44-45a7-819c-8baadc39d4ff" executionId="1f606795-829e-42a5-a6c4-72ec67082c8f" testListId="8c84fa94-04c1-424b-9868-57a2d4851a1d" />
    <TestEntry testId="6777d730-a801-4bd8-94f0-1373d94e6d52" executionId="5b6e3d93-57ca-4cc1-96d1-4e684953f08a" testListId="8c84fa94-04c1-424b-9868-57a2d4851a1d" />
    <TestEntry testId="c9bca6a1-fe0f-4ec6-a793-77cc5909d4af" executionId="3705901b-5f0e-4128-9fb2-5323a1928791" testListId="8c84fa94-04c1-424b-9868-57a2d4851a1d" />
    <TestEntry testId="30581896-a454-4103-98e2-377830cb8854" executionId="497276a0-b949-4b84-a821-4ecf7de4a999" testListId="8c84fa94-04c1-424b-9868-57a2d4851a1d" />
    <TestEntry testId="28832d32-54ee-4f7b-9bb0-0c325c04a147" executionId="7e466bbf-ca15-49c9-8d35-46fe8a9fed64" testListId="8c84fa94-04c1-424b-9868-57a2d4851a1d" />
    <TestEntry testId="87cd9b0a-5fed-41f8-b638-e40a2f15b47d" executionId="8d6ee10d-45be-4755-8410-404d784c0d15" testListId="8c84fa94-04c1-424b-9868-57a2d4851a1d" />
    <TestEntry testId="0a673178-7f2c-4364-8252-0298b1cb01d4" executionId="2aa350f7-5d6e-4b6a-a444-777af903b3a3" testListId="8c84fa94-04c1-424b-9868-57a2d4851a1d" />
    <TestEntry testId="0533a30b-3dfa-47d9-ba04-b50f87bea306" executionId="b109f197-c495-4a97-9a51-c10781cc4242" testListId="8c84fa94-04c1-424b-9868-57a2d4851a1d" />
    <TestEntry testId="842c9c11-9066-4144-a1e3-dbcf8804d69e" executionId="1bbb4da1-9164-4b99-b46b-0764ee0b29c6" testListId="8c84fa94-04c1-424b-9868-57a2d4851a1d" />
    <TestEntry testId="879cf22e-28de-4510-93d1-895daa61e393" executionId="b556977e-3dad-45fe-848a-634ab045f8fa" testListId="8c84fa94-04c1-424b-9868-57a2d4851a1d" />
    <TestEntry testId="c7b4f8f2-7bcd-4d74-85e9-ee0329bb4605" executionId="186e8d71-5779-4ac0-b85c-e95c841b6af2" testListId="8c84fa94-04c1-424b-9868-57a2d4851a1d" />
    <TestEntry testId="139953c4-2dac-44dc-830d-4eed28c9c9ca" executionId="1b290a6b-537c-478d-aeaf-59c7046a4ba3" testListId="8c84fa94-04c1-424b-9868-57a2d4851a1d" />
    <TestEntry testId="0495ed4a-dba3-4f91-b6c1-4a5fc1bfff32" executionId="5091b351-5db6-479d-927e-06cee8ab3cc6" testListId="8c84fa94-04c1-424b-9868-57a2d4851a1d" />
    <TestEntry testId="85652c12-c14b-4494-b10f-3486b2520fd7" executionId="175c5dbb-1dba-41e9-a1cb-fc83e13d16f5" testListId="8c84fa94-04c1-424b-9868-57a2d4851a1d" />
    <TestEntry testId="e0916e9e-86a5-4328-90cb-f3f490801d9a" executionId="a3ded4a1-b80d-4319-abd2-6ad217c3780e" testListId="8c84fa94-04c1-424b-9868-57a2d4851a1d" />
    <TestEntry testId="44990457-bd14-4723-83f6-3709c3eb45e9" executionId="e398a529-cf46-421b-9d49-49d278ad1c49" testListId="8c84fa94-04c1-424b-9868-57a2d4851a1d" />
    <TestEntry testId="db6dc82d-0ae0-4a65-8a7d-a7cc0021e396" executionId="a2d9eee1-9031-4f65-897c-109caced3983" testListId="8c84fa94-04c1-424b-9868-57a2d4851a1d" />
    <TestEntry testId="d6cd48a1-778c-4495-86ee-b5a707b7f02b" executionId="87b3d6f7-55b3-4f72-be3f-fdbf89ffe6c4" testListId="8c84fa94-04c1-424b-9868-57a2d4851a1d" />
    <TestEntry testId="44abd950-1b98-4459-9ca9-85778eb5e526" executionId="872e3e78-31fa-4647-9396-18f011d30efe" testListId="8c84fa94-04c1-424b-9868-57a2d4851a1d" />
    <TestEntry testId="eff32efd-c7f2-431a-8194-ce4adf9073b6" executionId="8fc720fe-3e81-4155-aff2-657277eba5a3" testListId="8c84fa94-04c1-424b-9868-57a2d4851a1d" />
    <TestEntry testId="abf81550-a7cb-462d-b96b-654e85fba0c1" executionId="49321fe4-132e-47b1-a790-01445f2a616c" testListId="8c84fa94-04c1-424b-9868-57a2d4851a1d" />
    <TestEntry testId="6d51ac6c-0fbb-4c42-bd88-267e6bb2065c" executionId="44a5df1d-7299-4d0e-bd41-245033f92aae" testListId="8c84fa94-04c1-424b-9868-57a2d4851a1d" />
    <TestEntry testId="0451c430-4429-4f4e-bd51-db890e22c1cb" executionId="8fe9c640-1dba-4f2d-8eda-e211422eb297" testListId="8c84fa94-04c1-424b-9868-57a2d4851a1d" />
    <TestEntry testId="9cce29e8-8e38-4215-a3d8-20d00dd46025" executionId="af5fe9cf-b34e-4f46-9cda-f4134c239881" testListId="8c84fa94-04c1-424b-9868-57a2d4851a1d" />
    <TestEntry testId="9a3dc3eb-cd87-4b17-bdfb-b519f38007b4" executionId="00f1aad0-a463-49d6-82da-42007c5e8fd2" testListId="8c84fa94-04c1-424b-9868-57a2d4851a1d" />
    <TestEntry testId="201c73d9-3be7-477c-97ef-0c371b3313e2" executionId="5944698e-32f1-4afd-be48-e4aba659185b" testListId="8c84fa94-04c1-424b-9868-57a2d4851a1d" />
    <TestEntry testId="5106cf34-a757-47bc-a436-93a034fea8f2" executionId="d15841b1-8f99-4f14-b0a1-cc5699562534" testListId="8c84fa94-04c1-424b-9868-57a2d4851a1d" />
    <TestEntry testId="149922d1-7967-407e-8b4d-1ed344b8e797" executionId="6df1674f-a037-46ce-a1a6-55d236fb6ede" testListId="8c84fa94-04c1-424b-9868-57a2d4851a1d" />
    <TestEntry testId="fed28795-fc87-46eb-87de-c9a7d0f39579" executionId="bea54885-903b-4023-b302-18993c85aca5" testListId="8c84fa94-04c1-424b-9868-57a2d4851a1d" />
    <TestEntry testId="fa34b6f5-8946-4f34-bda8-81116880fc27" executionId="56ce9f41-77d5-4914-b6c7-e3d260b6e408" testListId="8c84fa94-04c1-424b-9868-57a2d4851a1d" />
    <TestEntry testId="a3e54be7-066c-422a-96bd-67548b9b2044" executionId="dc9cbdf5-833c-42a6-98ce-8546530d1c6b" testListId="8c84fa94-04c1-424b-9868-57a2d4851a1d" />
    <TestEntry testId="34d6c2bc-c005-4111-8e14-b9695551a57b" executionId="efc24617-278d-4fc3-9800-433e40af0dec" testListId="8c84fa94-04c1-424b-9868-57a2d4851a1d" />
    <TestEntry testId="3d62fabc-b25c-4f29-8e97-9229165c1f45" executionId="e676f34c-2d8e-4c46-82d9-15b7ec967c51" testListId="8c84fa94-04c1-424b-9868-57a2d4851a1d" />
    <TestEntry testId="68a91499-aab7-444a-8987-a5135359202a" executionId="8a839e56-e2b0-49d8-965c-1adc322b14db" testListId="8c84fa94-04c1-424b-9868-57a2d4851a1d" />
    <TestEntry testId="8a7ea804-45f1-437c-9e58-24159c383518" executionId="6cc70b6c-8d11-4749-ab11-16360267f116" testListId="8c84fa94-04c1-424b-9868-57a2d4851a1d" />
    <TestEntry testId="61233671-ec4e-47d0-9b2f-547fa61140b8" executionId="a5065f32-1bd6-4d71-9721-8b27b272036e" testListId="8c84fa94-04c1-424b-9868-57a2d4851a1d" />
    <TestEntry testId="c810c0ec-1850-4a1f-8492-0d35fd469c44" executionId="65c0f707-7630-455c-a2c2-81377aa3075a" testListId="8c84fa94-04c1-424b-9868-57a2d4851a1d" />
    <TestEntry testId="ae0bccfa-e51f-47ad-be45-e25933f7da44" executionId="00a18a23-24ed-4fed-aa72-9e3bb1660b27" testListId="8c84fa94-04c1-424b-9868-57a2d4851a1d" />
    <TestEntry testId="5892257d-f02c-488a-a7d4-ff635acb0297" executionId="b2a1730c-03c7-449c-b82e-df95e86ee8de" testListId="8c84fa94-04c1-424b-9868-57a2d4851a1d" />
    <TestEntry testId="cb943e88-bc64-4ca2-af26-637b162ba1e9" executionId="597f2406-9b97-47b8-86f4-0f5c4cfcda99" testListId="8c84fa94-04c1-424b-9868-57a2d4851a1d" />
    <TestEntry testId="439e115f-52af-4494-8aef-109e9559178d" executionId="0068f994-0938-42c9-9f1c-5ebbf1bd6f76" testListId="8c84fa94-04c1-424b-9868-57a2d4851a1d" />
    <TestEntry testId="6c62a889-b333-47fb-9e14-1f06fded81eb" executionId="2292e7ed-46aa-42b9-89ca-5f45199ba031" testListId="8c84fa94-04c1-424b-9868-57a2d4851a1d" />
    <TestEntry testId="395ed220-b119-48b4-80b6-7e255e40f897" executionId="66b938a4-3031-4210-b6f4-717e13a715b8" testListId="8c84fa94-04c1-424b-9868-57a2d4851a1d" />
    <TestEntry testId="de7ef5ce-a0be-42b5-b8fc-b949ba161725" executionId="28544679-42cc-4636-84d6-8f9b0478a8cd" testListId="8c84fa94-04c1-424b-9868-57a2d4851a1d" />
    <TestEntry testId="c154cf35-73c8-4a5d-87c5-155c157b81fd" executionId="0fc747f5-527c-48c1-a62f-9d3bcdbddd64" testListId="8c84fa94-04c1-424b-9868-57a2d4851a1d" />
    <TestEntry testId="8556721e-714e-42ad-ba6d-89b2443c2ba0" executionId="a8db2354-b351-432c-822c-afaba04e8c2e" testListId="8c84fa94-04c1-424b-9868-57a2d4851a1d" />
    <TestEntry testId="7af4ef23-a520-4472-846a-83ae7bbc039d" executionId="ae9d0cca-9d08-4887-941d-804ba4f4384b" testListId="8c84fa94-04c1-424b-9868-57a2d4851a1d" />
    <TestEntry testId="c728fb1a-e281-4376-89f8-7b4a9eab4ae0" executionId="f59e77fa-33e6-4061-92a1-4ae32c5b4115" testListId="8c84fa94-04c1-424b-9868-57a2d4851a1d" />
    <TestEntry testId="7a2e2ad3-7e7c-4812-beb1-591099421fa3" executionId="5d4f769b-78be-44aa-b267-5d23b68ec826" testListId="8c84fa94-04c1-424b-9868-57a2d4851a1d" />
    <TestEntry testId="04d53611-1d4f-4f1d-bf9a-c741b881bdc6" executionId="4ac678f2-c464-4807-bb15-3bf1a5248daa" testListId="8c84fa94-04c1-424b-9868-57a2d4851a1d" />
    <TestEntry testId="f8faf6e6-326d-463a-8be5-cd0062673a37" executionId="3c13239b-12cd-4089-a35b-8ab896b655ef" testListId="8c84fa94-04c1-424b-9868-57a2d4851a1d" />
    <TestEntry testId="4f9e3e8e-a264-4d48-851f-20a8734e7899" executionId="26f84b64-5e14-42d7-ac50-fede024c8139" testListId="8c84fa94-04c1-424b-9868-57a2d4851a1d" />
    <TestEntry testId="7b8c4d2a-ff08-49a0-94e0-78a362e55afb" executionId="f55a146e-7f43-4df9-90b0-cbfdca538798" testListId="8c84fa94-04c1-424b-9868-57a2d4851a1d" />
    <TestEntry testId="027209eb-035e-4a73-93cc-5335c9f0d307" executionId="4ee83f27-5779-4d5e-81d9-e8bd50440e56" testListId="8c84fa94-04c1-424b-9868-57a2d4851a1d" />
    <TestEntry testId="6e6a3807-0a04-49f1-8b87-adbce8d9d637" executionId="384ea776-ecbf-4a02-a9ae-314c11d88c31" testListId="8c84fa94-04c1-424b-9868-57a2d4851a1d" />
    <TestEntry testId="a95f4d68-a8c0-4194-8166-0e16a67cb501" executionId="52186dc3-45c5-49c3-9a27-7ca8736686fb" testListId="8c84fa94-04c1-424b-9868-57a2d4851a1d" />
    <TestEntry testId="9be9bd83-4997-4b50-821d-f885446327d5" executionId="ffc13bd7-a7d5-408f-985e-326553ee48ce" testListId="8c84fa94-04c1-424b-9868-57a2d4851a1d" />
    <TestEntry testId="bcd485d6-94c1-486b-b639-a25d65c06b00" executionId="ff12cbd9-68a9-4e1e-bad4-b9a6ae905cfc" testListId="8c84fa94-04c1-424b-9868-57a2d4851a1d" />
    <TestEntry testId="5a3b021c-7ec5-4b44-9b52-2c3b686120a2" executionId="aebc18e3-aaa0-41b8-bb42-ceb37dccb75e" testListId="8c84fa94-04c1-424b-9868-57a2d4851a1d" />
    <TestEntry testId="b18e0c97-1790-4381-8253-656117ba6129" executionId="b3d5cdcc-8e05-4918-b35f-2651ffe8a681" testListId="8c84fa94-04c1-424b-9868-57a2d4851a1d" />
    <TestEntry testId="9527d134-e45c-4b29-bdef-1a5cfd25f880" executionId="0decdb85-5dd9-4fef-84e7-aad43528a44b" testListId="8c84fa94-04c1-424b-9868-57a2d4851a1d" />
    <TestEntry testId="825fe866-279d-477c-81e7-3537478b63c8" executionId="f34da73d-80b2-4823-9918-7950b27be49e" testListId="8c84fa94-04c1-424b-9868-57a2d4851a1d" />
  </TestEntries>
  <TestLists>
    <TestList name="Resultados sin formato de lista" id="8c84fa94-04c1-424b-9868-57a2d4851a1d" />
    <TestList name="Todos los resultados cargados" id="19431567-8539-422a-85d7-44ee4e166bda" />
  </TestLists>
  <ResultSummary outcome="Completed">
    <Counters total="442" executed="442" passed="442" failed="0" error="0" timeout="0" aborted="0" inconclusive="0" passedButRunAborted="0" notRunnable="0" notExecuted="0" disconnected="0" warning="0" completed="0" inProgress="0" pending="0" />
  </ResultSummary>
</TestRun>